Log file open, 06/28/18 18:50:54
LogWindows: Failed to load 'aqProf.dll' (GetLastError=126)
LogWindows: File 'aqProf.dll' does not exist
LogWindows: Failed to load 'VtuneApi.dll' (GetLastError=126)
LogWindows: File 'VtuneApi.dll' does not exist
LogWindows: Failed to load 'VtuneApi32e.dll' (GetLastError=126)
LogWindows: File 'VtuneApi32e.dll' does not exist
LogInit: Display: Running engine for game: APatheticGame
LogPlatformFile: Not using cached read wrapper
LogInit: Display: RandInit(-883896623) SRandInit(-883896623).
LogInit: Read version file with build ID '3944462'
LogInit: Overriding engine version to CL 4033788, compatible CL 3944462
LogInit: Registered custom module enumerator with build ID '3944462'
LogTaskGraph: Started task graph with 5 named threads and 14 total threads with 3 sets of task threads.
LogStats: Stats thread started at 0.161620
LogD3D11RHI: Aftermath initialized
LogICUInternationalization: Display: ICU TimeZone Detection - Raw Offset: -5:00, Platform Override: ''
LogPluginManager: Mounting plugin Paper2D
LogPluginManager: Mounting plugin LiveLink
LogPluginManager: Mounting plugin LightPropagationVolume
LogPluginManager: Mounting plugin CLionSourceCodeAccess
LogPluginManager: Mounting plugin CodeLiteSourceCodeAccess
LogPluginManager: Mounting plugin GitSourceControl
LogPluginManager: Mounting plugin KDevelopSourceCodeAccess
LogPluginManager: Mounting plugin NullSourceCodeAccess
LogPluginManager: Mounting plugin PerforceSourceControl
LogPluginManager: Mounting plugin SubversionSourceControl
LogPluginManager: Mounting plugin UObjectPlugin
LogPluginManager: Mounting plugin VisualStudioCodeSourceCodeAccess
LogPluginManager: Mounting plugin VisualStudioSourceCodeAccess
LogPluginManager: Mounting plugin XCodeSourceCodeAccess
LogPluginManager: Mounting plugin AssetManagerEditor
LogPluginManager: Mounting plugin CryptoKeys
LogPluginManager: Mounting plugin DataValidation
LogPluginManager: Mounting plugin FacialAnimation
LogPluginManager: Mounting plugin GameplayTagsEditor
LogPluginManager: Mounting plugin MobileLauncherProfileWizard
LogPluginManager: Mounting plugin PluginBrowser
LogPluginManager: Mounting plugin SpeedTreeImporter
LogPluginManager: Mounting plugin DatasmithContent
LogPluginManager: Mounting plugin AlembicImporter
LogPluginManager: Mounting plugin CharacterAI
LogPluginManager: Mounting plugin HTML5Networking
LogPluginManager: Mounting plugin AndroidMedia
LogPluginManager: Mounting plugin AvfMedia
LogPluginManager: Mounting plugin ImgMedia
LogPluginManager: Mounting plugin LinearTimecode
LogPluginManager: Mounting plugin MediaCompositing
LogPluginManager: Mounting plugin MediaPlayerEditor
LogPluginManager: Mounting plugin WmfMedia
LogPluginManager: Mounting plugin TcpMessaging
LogPluginManager: Mounting plugin UdpMessaging
LogPluginManager: Mounting plugin ActorSequence
LogPluginManager: Mounting plugin LevelSequenceEditor
LogPluginManager: Mounting plugin MatineeToLevelSequence
LogPluginManager: Mounting plugin NetcodeUnitTest
LogPluginManager: Mounting plugin NUTUnrealEngine4
LogPluginManager: Mounting plugin OnlineSubsystemGooglePlay
LogPluginManager: Mounting plugin OnlineSubsystemIOS
LogPluginManager: Mounting plugin OnlineSubsystem
LogPluginManager: Mounting plugin OnlineSubsystemNull
LogPluginManager: Mounting plugin OnlineSubsystemUtils
LogPluginManager: Mounting plugin AndroidDeviceProfileSelector
LogPluginManager: Mounting plugin AndroidMoviePlayer
LogPluginManager: Mounting plugin AndroidPermission
LogPluginManager: Mounting plugin AppleARKit
LogPluginManager: Mounting plugin AppleMoviePlayer
LogPluginManager: Mounting plugin ArchVisCharacter
LogPluginManager: Mounting plugin AudioCapture
LogPluginManager: Mounting plugin CableComponent
LogPluginManager: Mounting plugin CustomMeshComponent
LogPluginManager: Mounting plugin ExampleDeviceProfileSelector
LogPluginManager: Mounting plugin GameplayAbilities
LogPluginManager: Mounting plugin GoogleCloudMessaging
LogPluginManager: Mounting plugin ImmediatePhysics
LogPluginManager: Mounting plugin IOSDeviceProfileSelector
LogPluginManager: Mounting plugin LinuxDeviceProfileSelector
LogPluginManager: Mounting plugin LocationServicesBPLibrary
LogPluginManager: Mounting plugin MobilePatchingUtils
LogPluginManager: Mounting plugin OculusVR
LogPluginManager: Plugin shader directory ../../../Engine/Plugins/Runtime/Oculus/OculusVR/Shaders found
LogPluginManager: Mapping shader source directory ../../../Engine/Plugins/Runtime/Oculus/OculusVR/Shaders to virtual directory /Plugin/OculusVR
LogPluginManager: Mounting plugin PhysXVehicles
LogPluginManager: Mounting plugin ProceduralMeshComponent
LogPluginManager: Mounting plugin RuntimePhysXCooking
LogPluginManager: Mounting plugin SteamVR
LogPluginManager: Mounting plugin WindowsMoviePlayer
LogStreaming: Display: Took  0.139s to configure plugins.
LogModuleManager: Warning: Module file ../../../../../../Users/DasSKander/Documents/Unreal Projects/APatheticGame3/Binaries/Win64/UE4Editor-APatheticGame-1202.dll is missing. This is likely a stale module that must be recompiled.
LogModuleManager: Display: Found up-to-date module file ../../../Engine/Plugins/2D/Paper2D/Binaries/Win64/UE4Editor-Paper2D.dll (API version 3944462).
LogModuleManager: Display: Found up-to-date module file ../../../Engine/Plugins/2D/Paper2D/Binaries/Win64/UE4Editor-Paper2DEditor.dll (API version 3944462).
LogModuleManager: Display: Found up-to-date module file ../../../Engine/Plugins/2D/Paper2D/Binaries/Win64/UE4Editor-PaperSpriteSheetImporter.dll (API version 3944462).
LogModuleManager: Display: Found up-to-date module file ../../../Engine/Plugins/2D/Paper2D/Binaries/Win64/UE4Editor-PaperTiledImporter.dll (API version 3944462).
LogModuleManager: Display: Found up-to-date module file ../../../Engine/Plugins/2D/Paper2D/Binaries/Win64/UE4Editor-SmartSnapping.dll (API version 3944462).
LogModuleManager: Display: Found up-to-date module file ../../../Engine/Plugins/Animation/LiveLink/Binaries/Win64/UE4Editor-LiveLink.dll (API version 3944462).
LogModuleManager: Display: Found up-to-date module file ../../../Engine/Plugins/Animation/LiveLink/Binaries/Win64/UE4Editor-LiveLinkEditor.dll (API version 3944462).
LogModuleManager: Display: Found up-to-date module file ../../../Engine/Plugins/Blendables/LightPropagationVolume/Binaries/Win64/UE4Editor-LightPropagationVolumeRuntime.dll (API version 3944462).
LogModuleManager: Display: Found up-to-date module file ../../../Engine/Plugins/Blendables/LightPropagationVolume/Binaries/Win64/UE4Editor-LightPropagationVolumeEditor.dll (API version 3944462).
LogModuleManager: Display: Found up-to-date module file ../../../Engine/Plugins/Developer/CLionSourceCodeAccess/Binaries/Win64/UE4Editor-CLionSourceCodeAccess.dll (API version 3944462).
LogModuleManager: Display: Found up-to-date module file ../../../Engine/Plugins/Developer/GitSourceControl/Binaries/Win64/UE4Editor-GitSourceControl.dll (API version 3944462).
LogModuleManager: Display: Found up-to-date module file ../../../Engine/Plugins/Developer/PerforceSourceControl/Binaries/Win64/UE4Editor-PerforceSourceControl.dll (API version 3944462).
LogModuleManager: Display: Found up-to-date module file ../../../Engine/Plugins/Developer/SubversionSourceControl/Binaries/Win64/UE4Editor-SubversionSourceControl.dll (API version 3944462).
LogModuleManager: Display: Found up-to-date module file ../../../Engine/Plugins/Developer/UObjectPlugin/Binaries/Win64/UE4Editor-UObjectPlugin.dll (API version 3944462).
LogModuleManager: Display: Found up-to-date module file ../../../Engine/Plugins/Developer/VisualStudioCodeSourceCodeAccess/Binaries/Win64/UE4Editor-VisualStudioCodeSourceCodeAccess.dll (API version 3944462).
LogModuleManager: Display: Found up-to-date module file ../../../Engine/Plugins/Developer/VisualStudioSourceCodeAccess/Binaries/Win64/UE4Editor-VisualStudioSourceCodeAccess.dll (API version 3944462).
LogModuleManager: Display: Found up-to-date module file ../../../Engine/Plugins/Editor/AssetManagerEditor/Binaries/Win64/UE4Editor-AssetManagerEditor.dll (API version 3944462).
LogModuleManager: Display: Found up-to-date module file ../../../Engine/Plugins/Editor/CryptoKeys/Binaries/Win64/UE4Editor-CryptoKeys.dll (API version 3944462).
LogModuleManager: Display: Found up-to-date module file ../../../Engine/Plugins/Editor/CryptoKeys/Binaries/Win64/UE4Editor-CryptoKeysOpenSSL.dll (API version 3944462).
LogModuleManager: Display: Found up-to-date module file ../../../Engine/Plugins/Editor/DataValidation/Binaries/Win64/UE4Editor-DataValidation.dll (API version 3944462).
LogModuleManager: Display: Found up-to-date module file ../../../Engine/Plugins/Editor/FacialAnimation/Binaries/Win64/UE4Editor-FacialAnimation.dll (API version 3944462).
LogModuleManager: Display: Found up-to-date module file ../../../Engine/Plugins/Editor/FacialAnimation/Binaries/Win64/UE4Editor-FacialAnimationEditor.dll (API version 3944462).
LogModuleManager: Display: Found up-to-date module file ../../../Engine/Plugins/Editor/GameplayTagsEditor/Binaries/Win64/UE4Editor-GameplayTagsEditor.dll (API version 3944462).
LogModuleManager: Display: Found up-to-date module file ../../../Engine/Plugins/Editor/MobileLauncherProfileWizard/Binaries/Win64/UE4Editor-MobileLauncherProfileWizard.dll (API version 3944462).
LogModuleManager: Display: Found up-to-date module file ../../../Engine/Plugins/Editor/PluginBrowser/Binaries/Win64/UE4Editor-PluginBrowser.dll (API version 3944462).
LogModuleManager: Display: Found up-to-date module file ../../../Engine/Plugins/Editor/SpeedTreeImporter/Binaries/Win64/UE4Editor-SpeedTreeImporter.dll (API version 3944462).
LogModuleManager: Display: Found up-to-date module file ../../../Engine/Plugins/Enterprise/DatasmithContent/Binaries/Win64/UE4Editor-DatasmithContent.dll (API version 3944462).
LogModuleManager: Display: Found up-to-date module file ../../../Engine/Plugins/Experimental/AlembicImporter/Binaries/Win64/UE4Editor-AlembicImporter.dll (API version 3944462).
LogModuleManager: Display: Found up-to-date module file ../../../Engine/Plugins/Experimental/AlembicImporter/Binaries/Win64/UE4Editor-AlembicLibrary.dll (API version 3944462).
LogModuleManager: Display: Found up-to-date module file ../../../Engine/Plugins/Experimental/CharacterAI/Binaries/Win64/UE4Editor-CharacterAI.dll (API version 3944462).
LogModuleManager: Display: Found up-to-date module file ../../../Engine/Plugins/Experimental/HTML5Networking/Binaries/Win64/UE4Editor-HTML5Networking.dll (API version 3944462).
LogModuleManager: Display: Found up-to-date module file ../../../Engine/Plugins/Media/AndroidMedia/Binaries/Win64/UE4Editor-AndroidMediaEditor.dll (API version 3944462).
LogModuleManager: Display: Found up-to-date module file ../../../Engine/Plugins/Media/AndroidMedia/Binaries/Win64/UE4Editor-AndroidMediaFactory.dll (API version 3944462).
LogModuleManager: Display: Found up-to-date module file ../../../Engine/Plugins/Media/AvfMedia/Binaries/Win64/UE4Editor-AvfMediaEditor.dll (API version 3944462).
LogModuleManager: Display: Found up-to-date module file ../../../Engine/Plugins/Media/AvfMedia/Binaries/Win64/UE4Editor-AvfMediaFactory.dll (API version 3944462).
LogModuleManager: Display: Found up-to-date module file ../../../Engine/Plugins/Media/AvfMedia/Binaries/Win64/UE4Editor-AvfMediaFactory.dll (API version 3944462).
LogModuleManager: Display: Found up-to-date module file ../../../Engine/Plugins/Media/ImgMedia/Binaries/Win64/UE4Editor-ImgMedia.dll (API version 3944462).
LogModuleManager: Display: Found up-to-date module file ../../../Engine/Plugins/Media/ImgMedia/Binaries/Win64/UE4Editor-ImgMediaEditor.dll (API version 3944462).
LogModuleManager: Display: Found up-to-date module file ../../../Engine/Plugins/Media/ImgMedia/Binaries/Win64/UE4Editor-ImgMediaFactory.dll (API version 3944462).
LogModuleManager: Display: Found up-to-date module file ../../../Engine/Plugins/Media/ImgMedia/Binaries/Win64/UE4Editor-ImgMediaFactory.dll (API version 3944462).
LogModuleManager: Display: Found up-to-date module file ../../../Engine/Plugins/Media/ImgMedia/Binaries/Win64/UE4Editor-OpenExrWrapper.dll (API version 3944462).
LogModuleManager: Display: Found up-to-date module file ../../../Engine/Plugins/Media/LinearTimecode/Binaries/Win64/UE4Editor-LinearTimecode.dll (API version 3944462).
LogModuleManager: Display: Found up-to-date module file ../../../Engine/Plugins/Media/MediaCompositing/Binaries/Win64/UE4Editor-MediaCompositing.dll (API version 3944462).
LogModuleManager: Display: Found up-to-date module file ../../../Engine/Plugins/Media/MediaCompositing/Binaries/Win64/UE4Editor-MediaCompositingEditor.dll (API version 3944462).
LogModuleManager: Display: Found up-to-date module file ../../../Engine/Plugins/Media/MediaPlayerEditor/Binaries/Win64/UE4Editor-MediaPlayerEditor.dll (API version 3944462).
LogModuleManager: Display: Found up-to-date module file ../../../Engine/Plugins/Media/WmfMedia/Binaries/Win64/UE4Editor-WmfMedia.dll (API version 3944462).
LogModuleManager: Display: Found up-to-date module file ../../../Engine/Plugins/Media/WmfMedia/Binaries/Win64/UE4Editor-WmfMediaEditor.dll (API version 3944462).
LogModuleManager: Display: Found up-to-date module file ../../../Engine/Plugins/Media/WmfMedia/Binaries/Win64/UE4Editor-WmfMediaFactory.dll (API version 3944462).
LogModuleManager: Display: Found up-to-date module file ../../../Engine/Plugins/Media/WmfMedia/Binaries/Win64/UE4Editor-WmfMediaFactory.dll (API version 3944462).
LogModuleManager: Display: Found up-to-date module file ../../../Engine/Plugins/Messaging/TcpMessaging/Binaries/Win64/UE4Editor-TcpMessaging.dll (API version 3944462).
LogModuleManager: Display: Found up-to-date module file ../../../Engine/Plugins/Messaging/UdpMessaging/Binaries/Win64/UE4Editor-UdpMessaging.dll (API version 3944462).
LogModuleManager: Display: Found up-to-date module file ../../../Engine/Plugins/MovieScene/ActorSequence/Binaries/Win64/UE4Editor-ActorSequence.dll (API version 3944462).
LogModuleManager: Display: Found up-to-date module file ../../../Engine/Plugins/MovieScene/LevelSequenceEditor/Binaries/Win64/UE4Editor-LevelSequenceEditor.dll (API version 3944462).
LogModuleManager: Display: Found up-to-date module file ../../../Engine/Plugins/MovieScene/MatineeToLevelSequence/Binaries/Win64/UE4Editor-MatineeToLevelSequence.dll (API version 3944462).
LogModuleManager: Display: Found up-to-date module file ../../../Engine/Plugins/NetcodeUnitTest/NetcodeUnitTest/Binaries/Win64/UE4Editor-NetcodeUnitTest.dll (API version 3944462).
LogModuleManager: Display: Found up-to-date module file ../../../Engine/Plugins/NetcodeUnitTest/NUTUnrealEngine4/Binaries/Win64/UE4Editor-NUTUnrealEngine4.dll (API version 3944462).
LogModuleManager: Display: Found up-to-date module file ../../../Engine/Plugins/Online/OnlineSubsystem/Binaries/Win64/UE4Editor-OnlineSubsystem.dll (API version 3944462).
LogModuleManager: Display: Found up-to-date module file ../../../Engine/Plugins/Online/OnlineSubsystemNull/Binaries/Win64/UE4Editor-OnlineSubsystemNull.dll (API version 3944462).
LogModuleManager: Display: Found up-to-date module file ../../../Engine/Plugins/Online/OnlineSubsystemUtils/Binaries/Win64/UE4Editor-OnlineSubsystemUtils.dll (API version 3944462).
LogModuleManager: Display: Found up-to-date module file ../../../Engine/Plugins/Online/OnlineSubsystemUtils/Binaries/Win64/UE4Editor-OnlineBlueprintSupport.dll (API version 3944462).
LogModuleManager: Display: Found up-to-date module file ../../../Engine/Plugins/Runtime/AndroidDeviceProfileSelector/Binaries/Win64/UE4Editor-AndroidDeviceProfileSelector.dll (API version 3944462).
LogModuleManager: Display: Found up-to-date module file ../../../Engine/Plugins/Runtime/AndroidPermission/Binaries/Win64/UE4Editor-AndroidPermission.dll (API version 3944462).
LogModuleManager: Display: Found up-to-date module file ../../../Engine/Plugins/Runtime/AppleARKit/Binaries/Win64/UE4Editor-AppleARKit.dll (API version 3944462).
LogModuleManager: Display: Found up-to-date module file ../../../Engine/Plugins/Runtime/ArchVisCharacter/Binaries/Win64/UE4Editor-ArchVisCharacter.dll (API version 3944462).
LogModuleManager: Display: Found up-to-date module file ../../../Engine/Plugins/Runtime/AudioCapture/Binaries/Win64/UE4Editor-AudioCapture.dll (API version 3944462).
LogModuleManager: Display: Found up-to-date module file ../../../Engine/Plugins/Runtime/AudioCapture/Binaries/Win64/UE4Editor-AudioCaptureEditor.dll (API version 3944462).
LogModuleManager: Display: Found up-to-date module file ../../../Engine/Plugins/Runtime/CableComponent/Binaries/Win64/UE4Editor-CableComponent.dll (API version 3944462).
LogModuleManager: Display: Found up-to-date module file ../../../Engine/Plugins/Runtime/CustomMeshComponent/Binaries/Win64/UE4Editor-CustomMeshComponent.dll (API version 3944462).
LogModuleManager: Display: Found up-to-date module file ../../../Engine/Plugins/Runtime/ExampleDeviceProfileSelector/Binaries/Win64/UE4Editor-ExampleDeviceProfileSelector.dll (API version 3944462).
LogModuleManager: Display: Found up-to-date module file ../../../Engine/Plugins/Runtime/GameplayAbilities/Binaries/Win64/UE4Editor-GameplayAbilities.dll (API version 3944462).
LogModuleManager: Display: Found up-to-date module file ../../../Engine/Plugins/Runtime/GameplayAbilities/Binaries/Win64/UE4Editor-GameplayAbilitiesEditor.dll (API version 3944462).
LogModuleManager: Display: Found up-to-date module file ../../../Engine/Plugins/Runtime/ImmediatePhysics/Binaries/Win64/UE4Editor-ImmediatePhysics.dll (API version 3944462).
LogModuleManager: Display: Found up-to-date module file ../../../Engine/Plugins/Runtime/ImmediatePhysics/Binaries/Win64/UE4Editor-ImmediatePhysicsEditor.dll (API version 3944462).
LogModuleManager: Display: Found up-to-date module file ../../../Engine/Plugins/Runtime/LocationServicesBPLibrary/Binaries/Win64/UE4Editor-LocationServicesBPLibrary.dll (API version 3944462).
LogModuleManager: Display: Found up-to-date module file ../../../Engine/Plugins/Runtime/MobilePatchingUtils/Binaries/Win64/UE4Editor-MobilePatchingUtils.dll (API version 3944462).
LogModuleManager: Display: Found up-to-date module file ../../../Engine/Plugins/Runtime/Oculus/OculusVR/Binaries/Win64/UE4Editor-OculusHMD.dll (API version 3944462).
LogModuleManager: Display: Found up-to-date module file ../../../Engine/Plugins/Runtime/Oculus/OculusVR/Binaries/Win64/UE4Editor-OculusInput.dll (API version 3944462).
LogModuleManager: Display: Found up-to-date module file ../../../Engine/Plugins/Runtime/Oculus/OculusVR/Binaries/Win64/UE4Editor-OculusEditor.dll (API version 3944462).
LogModuleManager: Display: Found up-to-date module file ../../../Engine/Plugins/Runtime/PhysXVehicles/Binaries/Win64/UE4Editor-PhysXVehicles.dll (API version 3944462).
LogModuleManager: Display: Found up-to-date module file ../../../Engine/Plugins/Runtime/PhysXVehicles/Binaries/Win64/UE4Editor-PhysXVehiclesEditor.dll (API version 3944462).
LogModuleManager: Display: Found up-to-date module file ../../../Engine/Plugins/Runtime/ProceduralMeshComponent/Binaries/Win64/UE4Editor-ProceduralMeshComponent.dll (API version 3944462).
LogModuleManager: Display: Found up-to-date module file ../../../Engine/Plugins/Runtime/ProceduralMeshComponent/Binaries/Win64/UE4Editor-ProceduralMeshComponentEditor.dll (API version 3944462).
LogModuleManager: Display: Found up-to-date module file ../../../Engine/Plugins/Runtime/RuntimePhysXCooking/Binaries/Win64/UE4Editor-RuntimePhysXCooking.dll (API version 3944462).
LogModuleManager: Display: Found up-to-date module file ../../../Engine/Plugins/Runtime/Steam/SteamVR/Binaries/Win64/UE4Editor-SteamVR.dll (API version 3944462).
LogModuleManager: Display: Found up-to-date module file ../../../Engine/Plugins/Runtime/Steam/SteamVR/Binaries/Win64/UE4Editor-SteamVRController.dll (API version 3944462).
LogModuleManager: Display: Found up-to-date module file ../../../Engine/Plugins/Runtime/WindowsMoviePlayer/Binaries/Win64/UE4Editor-WindowsMoviePlayer.dll (API version 3944462).
LogInit: Warning: Incompatible or missing module: UE4Editor-APatheticGame.dll
Running C:/Program Files/Epic Games/UE_4.19/Engine/Binaries/DotNET/UnrealBuildTool.exe APatheticGame Development Win64 -project="C:/Users/DasSKander/Documents/Unreal Projects/APatheticGame3/APatheticGame.uproject" -editorrecompile -progress -NoHotReloadFromIDE
Using 'git status' to determine working set for adaptive non-unity build.
@progress push 5%
@progress pop
Performing 2 actions (4 in parallel)
[1/2] Link UE4Editor-APatheticGame.dll
[2/2] Link UE4Editor-APatheticGame.lib
   Creating library C:\Users\DasSKander\Documents\Unreal Projects\APatheticGame3\Intermediate\Build\Win64\UE4Editor\Development\UE4Editor-APatheticGame.lib and object C:\Users\DasSKander\Documents\Unreal Projects\APatheticGame3\Intermediate\Build\Win64\UE4Editor\Development\UE4Editor-APatheticGame.exp
   Creating library C:\Users\DasSKander\Documents\Unreal Projects\APatheticGame3\Intermediate\Build\Win64\UE4Editor\Development\UE4Editor-APatheticGame.suppressed.lib and object C:\Users\DasSKander\Documents\Unreal Projects\APatheticGame3\Intermediate\Build\Win64\UE4Editor\Development\UE4Editor-APatheticGame.suppressed.exp
Total build time: 3.71 seconds (Local executor: 2.71 seconds)
LogModuleManager: Display: Found up-to-date module file ../../../../../../Users/DasSKander/Documents/Unreal Projects/APatheticGame3/Binaries/Win64/UE4Editor-APatheticGame.dll (API version 3944462).
LogModuleManager: Display: Found up-to-date module file ../../../Engine/Plugins/2D/Paper2D/Binaries/Win64/UE4Editor-Paper2D.dll (API version 3944462).
LogModuleManager: Display: Found up-to-date module file ../../../Engine/Plugins/2D/Paper2D/Binaries/Win64/UE4Editor-Paper2DEditor.dll (API version 3944462).
LogModuleManager: Display: Found up-to-date module file ../../../Engine/Plugins/2D/Paper2D/Binaries/Win64/UE4Editor-PaperSpriteSheetImporter.dll (API version 3944462).
LogModuleManager: Display: Found up-to-date module file ../../../Engine/Plugins/2D/Paper2D/Binaries/Win64/UE4Editor-PaperTiledImporter.dll (API version 3944462).
LogModuleManager: Display: Found up-to-date module file ../../../Engine/Plugins/2D/Paper2D/Binaries/Win64/UE4Editor-SmartSnapping.dll (API version 3944462).
LogModuleManager: Display: Found up-to-date module file ../../../Engine/Plugins/Animation/LiveLink/Binaries/Win64/UE4Editor-LiveLink.dll (API version 3944462).
LogModuleManager: Display: Found up-to-date module file ../../../Engine/Plugins/Animation/LiveLink/Binaries/Win64/UE4Editor-LiveLinkEditor.dll (API version 3944462).
LogModuleManager: Display: Found up-to-date module file ../../../Engine/Plugins/Blendables/LightPropagationVolume/Binaries/Win64/UE4Editor-LightPropagationVolumeRuntime.dll (API version 3944462).
LogModuleManager: Display: Found up-to-date module file ../../../Engine/Plugins/Blendables/LightPropagationVolume/Binaries/Win64/UE4Editor-LightPropagationVolumeEditor.dll (API version 3944462).
LogModuleManager: Display: Found up-to-date module file ../../../Engine/Plugins/Developer/CLionSourceCodeAccess/Binaries/Win64/UE4Editor-CLionSourceCodeAccess.dll (API version 3944462).
LogModuleManager: Display: Found up-to-date module file ../../../Engine/Plugins/Developer/GitSourceControl/Binaries/Win64/UE4Editor-GitSourceControl.dll (API version 3944462).
LogModuleManager: Display: Found up-to-date module file ../../../Engine/Plugins/Developer/PerforceSourceControl/Binaries/Win64/UE4Editor-PerforceSourceControl.dll (API version 3944462).
LogModuleManager: Display: Found up-to-date module file ../../../Engine/Plugins/Developer/SubversionSourceControl/Binaries/Win64/UE4Editor-SubversionSourceControl.dll (API version 3944462).
LogModuleManager: Display: Found up-to-date module file ../../../Engine/Plugins/Developer/UObjectPlugin/Binaries/Win64/UE4Editor-UObjectPlugin.dll (API version 3944462).
LogModuleManager: Display: Found up-to-date module file ../../../Engine/Plugins/Developer/VisualStudioCodeSourceCodeAccess/Binaries/Win64/UE4Editor-VisualStudioCodeSourceCodeAccess.dll (API version 3944462).
LogModuleManager: Display: Found up-to-date module file ../../../Engine/Plugins/Developer/VisualStudioSourceCodeAccess/Binaries/Win64/UE4Editor-VisualStudioSourceCodeAccess.dll (API version 3944462).
LogModuleManager: Display: Found up-to-date module file ../../../Engine/Plugins/Editor/AssetManagerEditor/Binaries/Win64/UE4Editor-AssetManagerEditor.dll (API version 3944462).
LogModuleManager: Display: Found up-to-date module file ../../../Engine/Plugins/Editor/CryptoKeys/Binaries/Win64/UE4Editor-CryptoKeys.dll (API version 3944462).
LogModuleManager: Display: Found up-to-date module file ../../../Engine/Plugins/Editor/CryptoKeys/Binaries/Win64/UE4Editor-CryptoKeysOpenSSL.dll (API version 3944462).
LogModuleManager: Display: Found up-to-date module file ../../../Engine/Plugins/Editor/DataValidation/Binaries/Win64/UE4Editor-DataValidation.dll (API version 3944462).
LogModuleManager: Display: Found up-to-date module file ../../../Engine/Plugins/Editor/FacialAnimation/Binaries/Win64/UE4Editor-FacialAnimation.dll (API version 3944462).
LogModuleManager: Display: Found up-to-date module file ../../../Engine/Plugins/Editor/FacialAnimation/Binaries/Win64/UE4Editor-FacialAnimationEditor.dll (API version 3944462).
LogModuleManager: Display: Found up-to-date module file ../../../Engine/Plugins/Editor/GameplayTagsEditor/Binaries/Win64/UE4Editor-GameplayTagsEditor.dll (API version 3944462).
LogModuleManager: Display: Found up-to-date module file ../../../Engine/Plugins/Editor/MobileLauncherProfileWizard/Binaries/Win64/UE4Editor-MobileLauncherProfileWizard.dll (API version 3944462).
LogModuleManager: Display: Found up-to-date module file ../../../Engine/Plugins/Editor/PluginBrowser/Binaries/Win64/UE4Editor-PluginBrowser.dll (API version 3944462).
LogModuleManager: Display: Found up-to-date module file ../../../Engine/Plugins/Editor/SpeedTreeImporter/Binaries/Win64/UE4Editor-SpeedTreeImporter.dll (API version 3944462).
LogModuleManager: Display: Found up-to-date module file ../../../Engine/Plugins/Enterprise/DatasmithContent/Binaries/Win64/UE4Editor-DatasmithContent.dll (API version 3944462).
LogModuleManager: Display: Found up-to-date module file ../../../Engine/Plugins/Experimental/AlembicImporter/Binaries/Win64/UE4Editor-AlembicImporter.dll (API version 3944462).
LogModuleManager: Display: Found up-to-date module file ../../../Engine/Plugins/Experimental/AlembicImporter/Binaries/Win64/UE4Editor-AlembicLibrary.dll (API version 3944462).
LogModuleManager: Display: Found up-to-date module file ../../../Engine/Plugins/Experimental/CharacterAI/Binaries/Win64/UE4Editor-CharacterAI.dll (API version 3944462).
LogModuleManager: Display: Found up-to-date module file ../../../Engine/Plugins/Experimental/HTML5Networking/Binaries/Win64/UE4Editor-HTML5Networking.dll (API version 3944462).
LogModuleManager: Display: Found up-to-date module file ../../../Engine/Plugins/Media/AndroidMedia/Binaries/Win64/UE4Editor-AndroidMediaEditor.dll (API version 3944462).
LogModuleManager: Display: Found up-to-date module file ../../../Engine/Plugins/Media/AndroidMedia/Binaries/Win64/UE4Editor-AndroidMediaFactory.dll (API version 3944462).
LogModuleManager: Display: Found up-to-date module file ../../../Engine/Plugins/Media/AvfMedia/Binaries/Win64/UE4Editor-AvfMediaEditor.dll (API version 3944462).
LogModuleManager: Display: Found up-to-date module file ../../../Engine/Plugins/Media/AvfMedia/Binaries/Win64/UE4Editor-AvfMediaFactory.dll (API version 3944462).
LogModuleManager: Display: Found up-to-date module file ../../../Engine/Plugins/Media/AvfMedia/Binaries/Win64/UE4Editor-AvfMediaFactory.dll (API version 3944462).
LogModuleManager: Display: Found up-to-date module file ../../../Engine/Plugins/Media/ImgMedia/Binaries/Win64/UE4Editor-ImgMedia.dll (API version 3944462).
LogModuleManager: Display: Found up-to-date module file ../../../Engine/Plugins/Media/ImgMedia/Binaries/Win64/UE4Editor-ImgMediaEditor.dll (API version 3944462).
LogModuleManager: Display: Found up-to-date module file ../../../Engine/Plugins/Media/ImgMedia/Binaries/Win64/UE4Editor-ImgMediaFactory.dll (API version 3944462).
LogModuleManager: Display: Found up-to-date module file ../../../Engine/Plugins/Media/ImgMedia/Binaries/Win64/UE4Editor-ImgMediaFactory.dll (API version 3944462).
LogModuleManager: Display: Found up-to-date module file ../../../Engine/Plugins/Media/ImgMedia/Binaries/Win64/UE4Editor-OpenExrWrapper.dll (API version 3944462).
LogModuleManager: Display: Found up-to-date module file ../../../Engine/Plugins/Media/LinearTimecode/Binaries/Win64/UE4Editor-LinearTimecode.dll (API version 3944462).
LogModuleManager: Display: Found up-to-date module file ../../../Engine/Plugins/Media/MediaCompositing/Binaries/Win64/UE4Editor-MediaCompositing.dll (API version 3944462).
LogModuleManager: Display: Found up-to-date module file ../../../Engine/Plugins/Media/MediaCompositing/Binaries/Win64/UE4Editor-MediaCompositingEditor.dll (API version 3944462).
LogModuleManager: Display: Found up-to-date module file ../../../Engine/Plugins/Media/MediaPlayerEditor/Binaries/Win64/UE4Editor-MediaPlayerEditor.dll (API version 3944462).
LogModuleManager: Display: Found up-to-date module file ../../../Engine/Plugins/Media/WmfMedia/Binaries/Win64/UE4Editor-WmfMedia.dll (API version 3944462).
LogModuleManager: Display: Found up-to-date module file ../../../Engine/Plugins/Media/WmfMedia/Binaries/Win64/UE4Editor-WmfMediaEditor.dll (API version 3944462).
LogModuleManager: Display: Found up-to-date module file ../../../Engine/Plugins/Media/WmfMedia/Binaries/Win64/UE4Editor-WmfMediaFactory.dll (API version 3944462).
LogModuleManager: Display: Found up-to-date module file ../../../Engine/Plugins/Media/WmfMedia/Binaries/Win64/UE4Editor-WmfMediaFactory.dll (API version 3944462).
LogModuleManager: Display: Found up-to-date module file ../../../Engine/Plugins/Messaging/TcpMessaging/Binaries/Win64/UE4Editor-TcpMessaging.dll (API version 3944462).
LogModuleManager: Display: Found up-to-date module file ../../../Engine/Plugins/Messaging/UdpMessaging/Binaries/Win64/UE4Editor-UdpMessaging.dll (API version 3944462).
LogModuleManager: Display: Found up-to-date module file ../../../Engine/Plugins/MovieScene/ActorSequence/Binaries/Win64/UE4Editor-ActorSequence.dll (API version 3944462).
LogModuleManager: Display: Found up-to-date module file ../../../Engine/Plugins/MovieScene/LevelSequenceEditor/Binaries/Win64/UE4Editor-LevelSequenceEditor.dll (API version 3944462).
LogModuleManager: Display: Found up-to-date module file ../../../Engine/Plugins/MovieScene/MatineeToLevelSequence/Binaries/Win64/UE4Editor-MatineeToLevelSequence.dll (API version 3944462).
LogModuleManager: Display: Found up-to-date module file ../../../Engine/Plugins/NetcodeUnitTest/NetcodeUnitTest/Binaries/Win64/UE4Editor-NetcodeUnitTest.dll (API version 3944462).
LogModuleManager: Display: Found up-to-date module file ../../../Engine/Plugins/NetcodeUnitTest/NUTUnrealEngine4/Binaries/Win64/UE4Editor-NUTUnrealEngine4.dll (API version 3944462).
LogModuleManager: Display: Found up-to-date module file ../../../Engine/Plugins/Online/OnlineSubsystem/Binaries/Win64/UE4Editor-OnlineSubsystem.dll (API version 3944462).
LogModuleManager: Display: Found up-to-date module file ../../../Engine/Plugins/Online/OnlineSubsystemNull/Binaries/Win64/UE4Editor-OnlineSubsystemNull.dll (API version 3944462).
LogModuleManager: Display: Found up-to-date module file ../../../Engine/Plugins/Online/OnlineSubsystemUtils/Binaries/Win64/UE4Editor-OnlineSubsystemUtils.dll (API version 3944462).
LogModuleManager: Display: Found up-to-date module file ../../../Engine/Plugins/Online/OnlineSubsystemUtils/Binaries/Win64/UE4Editor-OnlineBlueprintSupport.dll (API version 3944462).
LogModuleManager: Display: Found up-to-date module file ../../../Engine/Plugins/Runtime/AndroidDeviceProfileSelector/Binaries/Win64/UE4Editor-AndroidDeviceProfileSelector.dll (API version 3944462).
LogModuleManager: Display: Found up-to-date module file ../../../Engine/Plugins/Runtime/AndroidPermission/Binaries/Win64/UE4Editor-AndroidPermission.dll (API version 3944462).
LogModuleManager: Display: Found up-to-date module file ../../../Engine/Plugins/Runtime/AppleARKit/Binaries/Win64/UE4Editor-AppleARKit.dll (API version 3944462).
LogModuleManager: Display: Found up-to-date module file ../../../Engine/Plugins/Runtime/ArchVisCharacter/Binaries/Win64/UE4Editor-ArchVisCharacter.dll (API version 3944462).
LogModuleManager: Display: Found up-to-date module file ../../../Engine/Plugins/Runtime/AudioCapture/Binaries/Win64/UE4Editor-AudioCapture.dll (API version 3944462).
LogModuleManager: Display: Found up-to-date module file ../../../Engine/Plugins/Runtime/AudioCapture/Binaries/Win64/UE4Editor-AudioCaptureEditor.dll (API version 3944462).
LogModuleManager: Display: Found up-to-date module file ../../../Engine/Plugins/Runtime/CableComponent/Binaries/Win64/UE4Editor-CableComponent.dll (API version 3944462).
LogModuleManager: Display: Found up-to-date module file ../../../Engine/Plugins/Runtime/CustomMeshComponent/Binaries/Win64/UE4Editor-CustomMeshComponent.dll (API version 3944462).
LogModuleManager: Display: Found up-to-date module file ../../../Engine/Plugins/Runtime/ExampleDeviceProfileSelector/Binaries/Win64/UE4Editor-ExampleDeviceProfileSelector.dll (API version 3944462).
LogModuleManager: Display: Found up-to-date module file ../../../Engine/Plugins/Runtime/GameplayAbilities/Binaries/Win64/UE4Editor-GameplayAbilities.dll (API version 3944462).
LogModuleManager: Display: Found up-to-date module file ../../../Engine/Plugins/Runtime/GameplayAbilities/Binaries/Win64/UE4Editor-GameplayAbilitiesEditor.dll (API version 3944462).
LogModuleManager: Display: Found up-to-date module file ../../../Engine/Plugins/Runtime/ImmediatePhysics/Binaries/Win64/UE4Editor-ImmediatePhysics.dll (API version 3944462).
LogModuleManager: Display: Found up-to-date module file ../../../Engine/Plugins/Runtime/ImmediatePhysics/Binaries/Win64/UE4Editor-ImmediatePhysicsEditor.dll (API version 3944462).
LogModuleManager: Display: Found up-to-date module file ../../../Engine/Plugins/Runtime/LocationServicesBPLibrary/Binaries/Win64/UE4Editor-LocationServicesBPLibrary.dll (API version 3944462).
LogModuleManager: Display: Found up-to-date module file ../../../Engine/Plugins/Runtime/MobilePatchingUtils/Binaries/Win64/UE4Editor-MobilePatchingUtils.dll (API version 3944462).
LogModuleManager: Display: Found up-to-date module file ../../../Engine/Plugins/Runtime/Oculus/OculusVR/Binaries/Win64/UE4Editor-OculusHMD.dll (API version 3944462).
LogModuleManager: Display: Found up-to-date module file ../../../Engine/Plugins/Runtime/Oculus/OculusVR/Binaries/Win64/UE4Editor-OculusInput.dll (API version 3944462).
LogModuleManager: Display: Found up-to-date module file ../../../Engine/Plugins/Runtime/Oculus/OculusVR/Binaries/Win64/UE4Editor-OculusEditor.dll (API version 3944462).
LogModuleManager: Display: Found up-to-date module file ../../../Engine/Plugins/Runtime/PhysXVehicles/Binaries/Win64/UE4Editor-PhysXVehicles.dll (API version 3944462).
LogModuleManager: Display: Found up-to-date module file ../../../Engine/Plugins/Runtime/PhysXVehicles/Binaries/Win64/UE4Editor-PhysXVehiclesEditor.dll (API version 3944462).
LogModuleManager: Display: Found up-to-date module file ../../../Engine/Plugins/Runtime/ProceduralMeshComponent/Binaries/Win64/UE4Editor-ProceduralMeshComponent.dll (API version 3944462).
LogModuleManager: Display: Found up-to-date module file ../../../Engine/Plugins/Runtime/ProceduralMeshComponent/Binaries/Win64/UE4Editor-ProceduralMeshComponentEditor.dll (API version 3944462).
LogModuleManager: Display: Found up-to-date module file ../../../Engine/Plugins/Runtime/RuntimePhysXCooking/Binaries/Win64/UE4Editor-RuntimePhysXCooking.dll (API version 3944462).
LogModuleManager: Display: Found up-to-date module file ../../../Engine/Plugins/Runtime/Steam/SteamVR/Binaries/Win64/UE4Editor-SteamVR.dll (API version 3944462).
LogModuleManager: Display: Found up-to-date module file ../../../Engine/Plugins/Runtime/Steam/SteamVR/Binaries/Win64/UE4Editor-SteamVRController.dll (API version 3944462).
LogModuleManager: Display: Found up-to-date module file ../../../Engine/Plugins/Runtime/WindowsMoviePlayer/Binaries/Win64/UE4Editor-WindowsMoviePlayer.dll (API version 3944462).
LogInit: Using libcurl 7.47.1
LogInit:  - built for x86_64-pc-win32
LogInit:  - supports SSL with OpenSSL/1.0.2g
LogInit:  - supports HTTP deflate (compression) using libz 1.2.8
LogInit:  - other features:
LogInit:      CURL_VERSION_SSL
LogInit:      CURL_VERSION_LIBZ
LogInit:      CURL_VERSION_IPV6
LogInit:      CURL_VERSION_ASYNCHDNS
LogInit:      CURL_VERSION_LARGEFILE
LogInit:      CURL_VERSION_IDN
LogInit:  CurlRequestOptions (configurable via config and command line):
LogInit:  - bVerifyPeer = false  - Libcurl will NOT verify peer certificate
LogInit:  - bUseHttpProxy = false  - Libcurl will NOT use HTTP proxy
LogInit:  - bDontReuseConnections = false  - Libcurl will reuse connections
LogInit:  - CertBundlePath = nullptr  - Libcurl will use whatever was configured at build time.
LogInit:  - MaxHostConnections = 16  - Libcurl will limit the number of connections to a host
LogInit:  - LocalHostAddr = Default
LogInit: WinSock: version 1.1 (2.2), MaxSocks=32767, MaxUdp=65467
LogInit: WinSock: I am Slasser (192.168.0.7:0)
LogInit: Build: ++UE4+Release-4.19-CL-4033788
LogInit: Engine Version: 4.19.2-4033788+++UE4+Release-4.19
LogInit: Compatible Engine Version: 4.19.0-3944462+++UE4+Release-4.19
LogInit: Net CL: 3944462
LogDevObjectVersion: Number of dev versions registered: 18
LogDevObjectVersion:   Dev-Blueprints (B0D832E4-1F89-4F0D-ACCF-7EB736FD4AA2): 10
LogDevObjectVersion:   Dev-Build (E1C64328-A22C-4D53-A36C-8E866417BD8C): 0
LogDevObjectVersion:   Dev-Core (375EC13C-06E4-48FB-B500-84F0262A717E): 2
LogDevObjectVersion:   Dev-Editor (E4B068ED-F494-42E9-A231-DA0B2E46BB41): 23
LogDevObjectVersion:   Dev-Framework (CFFC743F-43B0-4480-9391-14DF171D2073): 33
LogDevObjectVersion:   Dev-Mobile (B02B49B5-BB20-44E9-A304-32B752E40360): 2
LogDevObjectVersion:   Dev-Networking (A4E4105C-59A1-49B5-A7C5-40C4547EDFEE): 0
LogDevObjectVersion:   Dev-Online (39C831C9-5AE6-47DC-9A44-9C173E1C8E7C): 0
LogDevObjectVersion:   Dev-Physics (78F01B33-EBEA-4F98-B9B4-84EACCB95AA2): 0
LogDevObjectVersion:   Dev-Platform (6631380F-2D4D-43E0-8009-CF276956A95A): 0
LogDevObjectVersion:   Dev-Rendering (12F88B9F-8875-4AFC-A67C-D90C383ABD29): 25
LogDevObjectVersion:   Dev-Sequencer (7B5AE74C-D270-4C10-A958-57980B212A5A): 6
LogDevObjectVersion:   Dev-VR (D7296918-1DD6-4BDD-9DE2-64A83CC13884): 1
LogDevObjectVersion:   Dev-LoadTimes (C2A15278-BFE7-4AFE-6C17-90FF531DF755): 1
LogDevObjectVersion:   Private-Geometry (6EACA3D4-40EC-4CC1-B786-8BED09428FC5): 2
LogDevObjectVersion:   Dev-AnimPhys (29E575DD-E0A3-4627-9D10-D276232CDCEA): 16
LogDevObjectVersion:   Dev-ReflectionCapture (6B266CEC-1EC7-4B8F-A30B-E4D90942FC07): 1
LogDevObjectVersion:   Dev-Automation (0DF73D61-A23F-47EA-B727-89E90C41499A): 1
LogInit: Compiled (64-bit): Apr 27 2018 02:06:57
LogInit: Compiled with Visual C++: 19.00.24215.01
LogInit: Build Configuration: Development
LogInit: Branch Name: ++UE4+Release-4.19
LogInit: Command Line: -EpicPortal 
LogInit: Base Directory: C:/Program Files/Epic Games/UE_4.19/Engine/Binaries/Win64/
LogInit: Installed Engine Build: 1
LogStreaming: Display: Took  0.259s to delete old logs.
LogInit: Presizing for max 8388607 objects, including 0 objects not considered by GC, pre-allocating 0 bytes for permanent pool.
LogInit: Object subsystem initialized
[2018.06.28-22.51.04:363][  0]LogInit: Selected Device Profile: [Windows]
[2018.06.28-22.51.04:363][  0]LogInit: Applying CVar settings loaded from the selected device profile: [Windows]
[2018.06.28-22.51.04:397][  0]LogInit: Computer: SLASSER
[2018.06.28-22.51.04:397][  0]LogInit: User: DasSKander
[2018.06.28-22.51.04:397][  0]LogInit: CPU Page size=4096, Cores=4
[2018.06.28-22.51.04:397][  0]LogInit: High frequency timer resolution =3.422060 MHz
[2018.06.28-22.51.04:398][  0]LogMemory: Memory total: Physical=16.0GB (16GB approx)
[2018.06.28-22.51.04:398][  0]LogMemory: Platform Memory Stats for Windows
[2018.06.28-22.51.04:398][  0]LogMemory: Process Physical Memory: 279.17 MB used, 279.17 MB peak
[2018.06.28-22.51.04:398][  0]LogMemory: Process Virtual Memory: 278.18 MB used, 278.18 MB peak
[2018.06.28-22.51.04:398][  0]LogMemory: Physical Memory: 10703.39 MB used,  5638.67 MB free, 16342.06 MB total
[2018.06.28-22.51.04:398][  0]LogMemory: Virtual Memory: 654.79 MB used,  5638.67 MB free, 8388608.00 MB total
[2018.06.28-22.51.04:423][  0]LogInit: Using OS detected language (en-US).
[2018.06.28-22.51.04:423][  0]LogInit: Using OS detected locale (en-US).
[2018.06.28-22.51.04:426][  0]LogTextLocalizationManager: No specific localization for 'en-US' exists, so the 'en' localization will be used.
[2018.06.28-22.51.04:827][  0]LogStreaming: Display: Took  0.404s to EndInitTextLocalization.
[2018.06.28-22.51.04:828][  0]LogWindows: Failed to load 'shcore.dll' (GetLastError=126)
[2018.06.28-22.51.04:828][  0]LogWindows: File 'shcore.dll' does not exist
[2018.06.28-22.51.04:828][  0]LogInit: Setting process to DPI aware
[2018.06.28-22.51.04:853][  0]LogWindows: Failed to load 'shcore.dll' (GetLastError=126)
[2018.06.28-22.51.04:853][  0]LogWindows: File 'shcore.dll' does not exist
[2018.06.28-22.51.04:853][  0]LogInit: Setting process to DPI aware
[2018.06.28-22.51.04:875][  0]LogSlate: New Slate User Created.  User Index 0, Is Virtual User: 0
[2018.06.28-22.51.04:875][  0]LogSlate: Slate User Registered.  User Index 0, Is Virtual User: 0
[2018.06.28-22.51.05:061][  0]LogD3D11RHI: D3D11 adapters:
[2018.06.28-22.51.05:085][  0]LogD3D11RHI:    0. 'NVIDIA GeForce GTX 1070' (Feature Level 11_0)
[2018.06.28-22.51.05:085][  0]LogD3D11RHI:       8085/0/7915 MB DedicatedVideo/DedicatedSystem/SharedSystem, Outputs:2, VendorId:0x10de
[2018.06.28-22.51.05:085][  0]LogD3D11RHI: Chosen D3D11 Adapter: 0
[2018.06.28-22.51.05:092][  0]LogD3D11RHI: Creating new Direct3DDevice
[2018.06.28-22.51.05:092][  0]LogD3D11RHI:     GPU DeviceId: 0x1b81 (for the marketing name, search the web for "GPU Device Id")
[2018.06.28-22.51.05:092][  0]LogWindows: EnumDisplayDevices:
[2018.06.28-22.51.05:092][  0]LogWindows:    0. 'NVIDIA GeForce GTX 1070' (P:0 D:1)
[2018.06.28-22.51.05:092][  0]LogWindows:    1. 'NVIDIA GeForce GTX 1070' (P:1 D:1)
[2018.06.28-22.51.05:093][  0]LogWindows:    2. 'NVIDIA GeForce GTX 1070' (P:0 D:0)
[2018.06.28-22.51.05:093][  0]LogWindows:    3. 'NVIDIA GeForce GTX 1070' (P:0 D:0)
[2018.06.28-22.51.05:093][  0]LogWindows:    4. 'RDPDD Chained DD' (P:0 D:0)
[2018.06.28-22.51.05:093][  0]LogWindows:    5. 'RDP Encoder Mirror Driver' (P:0 D:0)
[2018.06.28-22.51.05:093][  0]LogWindows:    6. 'RDP Reflector Display Driver' (P:0 D:0)
[2018.06.28-22.51.05:093][  0]LogWindows: DebugString: GetVideoDriverDetailsInvalid PrimaryIsNotTheChoosenAdapter GetVideoDriverDetailsInvalid PrimaryIsNotTheChoosenAdapter GetVideoDriverDetailsInvalid PrimaryIsNotTheChoosenAdapter FoundDriverCount:4 
[2018.06.28-22.51.05:093][  0]LogD3D11RHI:     Adapter Name: NVIDIA GeForce GTX 1070
[2018.06.28-22.51.05:093][  0]LogD3D11RHI:   Driver Version: 388.71 (internal:23.21.13.8871, unified:388.71)
[2018.06.28-22.51.05:093][  0]LogD3D11RHI:      Driver Date: 12-15-2017
[2018.06.28-22.51.05:093][  0]LogRHI: Texture pool is 5659 MB (70% of 8085 MB)
[2018.06.28-22.51.05:102][  0]LogD3D11RHI: [Aftermath] Aftermath enabled and primed
[2018.06.28-22.51.05:102][  0]LogD3D11RHI: [Aftermath] Aftermath enabled and primed
[2018.06.28-22.51.05:102][  0]LogD3D11RHI: Async texture creation enabled
[2018.06.28-22.51.05:117][  0]LogD3D11RHI: GPU Timing Frequency: 1000.000000 (Debug: 2 2)
[2018.06.28-22.51.05:289][  0]LogShaderCompilers: Guid format shader working directory is -24 characters bigger than the processId version (../../../../../../Users/DasSKander/Documents/Unreal Projects/APatheticGame3/Intermediate/Shaders/WorkingDirectory/4504/).
[2018.06.28-22.51.05:289][  0]LogShaderCompilers: Cleaned the shader compiler working directory 'C:/Users/DasSKander/AppData/Local/Temp/UnrealShaderWorkingDir/416D55E8452F677F059DD7A1BE0681B1/'.
[2018.06.28-22.51.05:477][  0]LogTemp: Display: Loaded TP AllDesktopTargetPlatform
[2018.06.28-22.51.05:490][  0]LogTemp: Display: Loaded TP MacClientTargetPlatform
[2018.06.28-22.51.05:502][  0]LogTemp: Display: Loaded TP MacNoEditorTargetPlatform
[2018.06.28-22.51.05:514][  0]LogTemp: Display: Loaded TP MacServerTargetPlatform
[2018.06.28-22.51.05:527][  0]LogTemp: Display: Loaded TP MacTargetPlatform
[2018.06.28-22.51.05:539][  0]LogTemp: Display: Loaded TP WindowsClientTargetPlatform
[2018.06.28-22.51.05:552][  0]LogTemp: Display: Loaded TP WindowsNoEditorTargetPlatform
[2018.06.28-22.51.05:564][  0]LogTemp: Display: Loaded TP WindowsServerTargetPlatform
[2018.06.28-22.51.05:571][  0]LogTemp: Display: Loaded TP WindowsTargetPlatform
[2018.06.28-22.51.05:584][  0]LogTemp: Display: Loaded TP Android_ASTCTargetPlatform
[2018.06.28-22.51.05:596][  0]LogTemp: Display: Loaded TP Android_ATCTargetPlatform
[2018.06.28-22.51.05:608][  0]LogTemp: Display: Loaded TP Android_DXTTargetPlatform
[2018.06.28-22.51.05:620][  0]LogTemp: Display: Loaded TP Android_ETC1aTargetPlatform
[2018.06.28-22.51.05:632][  0]LogTemp: Display: Loaded TP Android_ETC1TargetPlatform
[2018.06.28-22.51.05:644][  0]LogTemp: Display: Loaded TP Android_ETC2TargetPlatform
[2018.06.28-22.51.05:669][  0]LogTemp: Display: Loaded TP Android_MultiTargetPlatform
[2018.06.28-22.51.05:669][  0]LogTemp: Display: Loaded TP Android_PVRTCTargetPlatform
[2018.06.28-22.51.05:682][  0]LogTemp: Display: Loaded TP AndroidTargetPlatform
[2018.06.28-22.51.05:683][  0]LogTemp: Display: Loaded TP HTML5TargetPlatform
[2018.06.28-22.51.05:719][  0]LogTemp: Display: Loaded TP IOSTargetPlatform
[2018.06.28-22.51.05:730][  0]LogTemp: Display: Loaded TP TVOSTargetPlatform
[2018.06.28-22.51.05:741][  0]LogTemp: Display: Loaded TP LinuxClientTargetPlatform
[2018.06.28-22.51.05:752][  0]LogTemp: Display: Loaded TP LinuxNoEditorTargetPlatform
[2018.06.28-22.51.05:762][  0]LogTemp: Display: Loaded TP LinuxServerTargetPlatform
[2018.06.28-22.51.05:775][  0]LogTemp: Display: Loaded TP LinuxTargetPlatform
[2018.06.28-22.51.05:775][  0]LogTargetPlatformManager: Display: Building Assets For Windows
[2018.06.28-22.51.05:874][  0]LogXGEController: Cannot use XGE Controller as Incredibuild is not installed on this machine.
[2018.06.28-22.51.05:874][  0]LogShaderCompilers: Cannot use XGE Shader Compiler as Incredibuild is not installed on this machine.
[2018.06.28-22.51.05:874][  0]LogShaderCompilers: Display: Using Local Shader Compiler.
[2018.06.28-22.51.06:533][  0]LogDerivedDataCache: Display: Max Cache Size: 512 MB
[2018.06.28-22.51.06:604][  0]LogDerivedDataCache: Loaded boot cache 0.07s 74MB C:/Users/DasSKander/AppData/Local/UnrealEngine/4.19/DerivedDataCache/Boot.ddc.
[2018.06.28-22.51.06:604][  0]LogDerivedDataCache: Display: Loaded Boot cache: C:/Users/DasSKander/AppData/Local/UnrealEngine/4.19/DerivedDataCache/Boot.ddc
[2018.06.28-22.51.06:604][  0]LogDerivedDataCache: FDerivedDataBackendGraph:  Pak pak cache file ../../../../../../Users/DasSKander/Documents/Unreal Projects/APatheticGame3/DerivedDataCache/DDC.ddp not found, will not use a pak cache.
[2018.06.28-22.51.06:604][  0]LogDerivedDataCache: Unable to find inner node Pak for hierarchical cache Hierarchy.
[2018.06.28-22.51.06:604][  0]LogDerivedDataCache: FDerivedDataBackendGraph:  CompressedPak pak cache file ../../../../../../Users/DasSKander/Documents/Unreal Projects/APatheticGame3/DerivedDataCache/Compressed.ddp not found, will not use a pak cache.
[2018.06.28-22.51.06:604][  0]LogDerivedDataCache: Unable to find inner node CompressedPak for hierarchical cache Hierarchy.
[2018.06.28-22.51.06:621][  0]LogDerivedDataCache: Display: Pak cache opened for reading ../../../Engine/DerivedDataCache/Compressed.ddp.
[2018.06.28-22.51.06:632][  0]LogDerivedDataCache: Using Local data cache path C:/Users/DasSKander/AppData/Local/UnrealEngine/Common/DerivedDataCache: Writable
[2018.06.28-22.51.06:632][  0]LogDerivedDataCache: Shared data cache path not found in *engine.ini, will not use an Shared cache.
[2018.06.28-22.51.06:632][  0]LogDerivedDataCache: Unable to find inner node Shared for hierarchical cache Hierarchy.
[2018.06.28-22.51.06:643][  0]LogMaterial: Verifying Global Shaders for PCD3D_SM5
[2018.06.28-22.51.06:643][  0]LogSlate: Using Freetype 2.6.0
[2018.06.28-22.51.06:644][  0]LogSlate: SlateFontCache - WITH_FREETYPE: 1, WITH_HARFBUZZ: 1
[2018.06.28-22.51.06:644][  0]LogSlate: SlateFontCache - WITH_FREETYPE: 1, WITH_HARFBUZZ: 1
[2018.06.28-22.51.06:760][  0]LogAssetRegistry: FAssetRegistry took 0.0246 seconds to start up
[2018.06.28-22.51.07:057][  0]LogInit: Selected Device Profile: [Windows]
[2018.06.28-22.51.07:193][  0]LogSimplygon: Simplygon DLL not present - disabling.
[2018.06.28-22.51.07:195][  0]LogMeshReduction: Using SimplygonSwarm for distributed automatic mesh merging
[2018.06.28-22.51.07:195][  0]LogMeshReduction: Using QuadricMeshReduction for automatic static mesh reduction
[2018.06.28-22.51.07:195][  0]LogMeshReduction: No automatic skeletal mesh reduction module available
[2018.06.28-22.51.07:195][  0]LogMeshReduction: No automatic mesh merging module available
[2018.06.28-22.51.07:195][  0]LogMeshMerging: No automatic mesh merging module available
[2018.06.28-22.51.07:230][  0]LogNetVersion: APatheticGame , NetCL: 3944462, EngineNetVer: 2, GameNetVer: 0 (Checksum: 1227650307)
[2018.06.28-22.51.07:723][  0]LogPackageLocalizationCache: Processed 9 localized package path(s) for 2 prioritized culture(s) in 0.102204 seconds
[2018.06.28-22.51.07:728][  0]LogUObjectArray: 36728 objects as part of root set at end of initial load.
[2018.06.28-22.51.07:728][  0]LogUObjectAllocator: 7314304 out of 0 bytes used by permanent object pool.
[2018.06.28-22.51.07:728][  0]LogUObjectArray: CloseDisregardForGC: 0/0 objects in disregard for GC pool
[2018.06.28-22.51.09:296][  0]LogTcpMessaging: Initializing TcpMessaging bridge
[2018.06.28-22.51.09:324][  0]LogUdpMessaging: Initializing bridge on interface 0.0.0.0:0 to multicast group 230.0.0.1:6666.
[2018.06.28-22.51.09:539][  0]LogStats: UGameplayTagsManager::ConstructGameplayTagTree: Construct from data asset -  0.000 s
[2018.06.28-22.51.09:539][  0]LogStats: UGameplayTagsManager::ConstructGameplayTagTree: GameplayTagTreeChangedEvent.Broadcast -  0.000 s
[2018.06.28-22.51.10:789][  0]LogUObjectGlobals: Created PersistentFrame Addr=0x0000000037fbc2c0, Size=144, Default__UE4ASP_HeroTPP_AnimBlueprint_C Function /Game/AnimStarterPack/UE4ASP_HeroTPP_AnimBlueprint.UE4ASP_HeroTPP_AnimBlueprint_C:ExecuteUbergraph_UE4ASP_HeroTPP_AnimBlueprint
[2018.06.28-22.51.10:792][  0]LogUObjectGlobals: Created PersistentFrame Addr=0x0000000046059b00, Size=120, Default__Ue4ASP_Character_C Function /Game/AnimStarterPack/Ue4ASP_Character.Ue4ASP_Character_C:ExecuteUbergraph_Ue4ASP_Character
[2018.06.28-22.51.11:398][  0]LogUObjectGlobals: Destroyed PersistentFrame Addr=0x0000000037fbc2c0, Size=144
[2018.06.28-22.51.11:398][  0]LogUObjectGlobals: Created PersistentFrame Addr=0x00000000474e7c40, Size=144, Default__UE4ASP_HeroTPP_AnimBlueprint_C Function /Engine/Transient.REINST_UE4ASP_HeroTPP_AnimBlueprint_C_0:ExecuteUbergraph_UE4ASP_HeroTPP_AnimBlueprint
[2018.06.28-22.51.11:399][  0]LogUObjectGlobals: Destroyed PersistentFrame Addr=0x0000000046059b00, Size=120
[2018.06.28-22.51.11:399][  0]LogUObjectGlobals: Created PersistentFrame Addr=0x0000000047959a00, Size=120, Default__Ue4ASP_Character_C Function /Engine/Transient.REINST_Ue4ASP_Character_C_1:ExecuteUbergraph_Ue4ASP_Character
[2018.06.28-22.51.11:451][  0]LogUObjectGlobals: Created PersistentFrame Addr=0x00000000481bf600, Size=144, Default__UE4ASP_HeroTPP_AnimBlueprint_C Function /Game/AnimStarterPack/UE4ASP_HeroTPP_AnimBlueprint.UE4ASP_HeroTPP_AnimBlueprint_C:ExecuteUbergraph_UE4ASP_HeroTPP_AnimBlueprint
[2018.06.28-22.51.11:452][  0]LogUObjectGlobals: Created PersistentFrame Addr=0x00000000472df380, Size=320, Default__Ue4ASP_Character_C Function /Game/AnimStarterPack/Ue4ASP_Character.Ue4ASP_Character_C:ExecuteUbergraph_Ue4ASP_Character
[2018.06.28-22.51.11:801][  0]LogUObjectGlobals: Created PersistentFrame Addr=0x00000000481aec00, Size=512, Default__ThirdPersonCharacter_C Function /Game/ThirdPersonCPP/Blueprints/ThirdPersonCharacter.ThirdPersonCharacter_C:ExecuteUbergraph_ThirdPersonCharacter
[2018.06.28-22.51.11:909][  0]LogUObjectGlobals: Created PersistentFrame Addr=0x00000000475123b8, Size=4, Default__Item_C Function /Game/InventorySystem/Items/Item.Item_C:ExecuteUbergraph_Item
[2018.06.28-22.51.11:975][  0]LogUObjectGlobals: Created PersistentFrame Addr=0x0000000048105de0, Size=32, Default__InventoryWindow_C Function /Game/InventorySystem/InventoryUI/InventoryWindow.InventoryWindow_C:ExecuteUbergraph_InventoryWindow
[2018.06.28-22.51.12:142][  0]LogUObjectGlobals: Created PersistentFrame Addr=0x0000000047511c68, Size=4, Default__BP_MasterItem_C Function /Game/InventorySystem2/Blueprints/ItemClasses/BP_MasterItem.BP_MasterItem_C:ExecuteUbergraph_BP_MasterItem
[2018.06.28-22.51.12:166][  0]LogUObjectGlobals: Created PersistentFrame Addr=0x0000000047511c00, Size=4, Default__BP_Inventory_C Function /Game/InventorySystem2/Blueprints/BP_Inventory.BP_Inventory_C:ExecuteUbergraph_BP_Inventory
[2018.06.28-22.51.12:244][  0]LogUObjectGlobals: Created PersistentFrame Addr=0x00000000473012d0, Size=16, Default__SkillTree_C Function /Game/SkillTree.SkillTree_C:ExecuteUbergraph_SkillTree
[2018.06.28-22.51.12:285][  0]LogUObjectGlobals: Created PersistentFrame Addr=0x00000000481048e0, Size=32, Default__StaminaHUD_C Function /Game/UI/StaminaHUD.StaminaHUD_C:ExecuteUbergraph_StaminaHUD
[2018.06.28-22.51.12:398][  0]LogUObjectGlobals: Destroyed PersistentFrame Addr=0x0000000047511c00, Size=4
[2018.06.28-22.51.12:398][  0]LogUObjectGlobals: Created PersistentFrame Addr=0x0000000047511c00, Size=4, Default__BP_Inventory_C Function /Engine/Transient.REINST_BP_Inventory_C_8:ExecuteUbergraph_BP_Inventory
[2018.06.28-22.51.12:398][  0]LogUObjectGlobals: Destroyed PersistentFrame Addr=0x0000000047511c68, Size=4
[2018.06.28-22.51.12:398][  0]LogUObjectGlobals: Created PersistentFrame Addr=0x0000000047511c68, Size=4, Default__BP_MasterItem_C Function /Engine/Transient.REINST_BP_MasterItem_C_9:ExecuteUbergraph_BP_MasterItem
[2018.06.28-22.51.12:398][  0]LogUObjectGlobals: Destroyed PersistentFrame Addr=0x00000000475123b8, Size=4
[2018.06.28-22.51.12:398][  0]LogUObjectGlobals: Created PersistentFrame Addr=0x00000000475123b8, Size=4, Default__Item_C Function /Engine/Transient.REINST_Item_C_11:ExecuteUbergraph_Item
[2018.06.28-22.51.12:399][  0]LogUObjectGlobals: Destroyed PersistentFrame Addr=0x0000000048105de0, Size=32
[2018.06.28-22.51.12:399][  0]LogUObjectGlobals: Created PersistentFrame Addr=0x00000000489900c0, Size=32, Default__InventoryWindow_C Function /Engine/Transient.REINST_InventoryWindow_C_2:ExecuteUbergraph_InventoryWindow
[2018.06.28-22.51.12:399][  0]LogUObjectGlobals: Destroyed PersistentFrame Addr=0x00000000473012d0, Size=16
[2018.06.28-22.51.12:399][  0]LogUObjectGlobals: Created PersistentFrame Addr=0x0000000048d51160, Size=16, Default__SkillTree_C Function /Engine/Transient.REINST_SkillTree_C_3:ExecuteUbergraph_SkillTree
[2018.06.28-22.51.12:399][  0]LogUObjectGlobals: Destroyed PersistentFrame Addr=0x00000000481048e0, Size=32
[2018.06.28-22.51.12:399][  0]LogUObjectGlobals: Created PersistentFrame Addr=0x000000004891ff20, Size=32, Default__StaminaHUD_C Function /Engine/Transient.REINST_StaminaHUD_C_4:ExecuteUbergraph_StaminaHUD
[2018.06.28-22.51.12:400][  0]LogUObjectGlobals: Destroyed PersistentFrame Addr=0x00000000481aec00, Size=512
[2018.06.28-22.51.12:400][  0]LogUObjectGlobals: Created PersistentFrame Addr=0x00000000489a2600, Size=512, Default__ThirdPersonCharacter_C Function /Engine/Transient.REINST_ThirdPersonCharacter_C_12:ExecuteUbergraph_ThirdPersonCharacter
[2018.06.28-22.51.12:424][  0]LogUObjectGlobals: Created PersistentFrame Addr=0x00000000488bb388, Size=4, Default__BP_Inventory_C Function /Game/InventorySystem2/Blueprints/BP_Inventory.BP_Inventory_C:ExecuteUbergraph_BP_Inventory
[2018.06.28-22.51.12:424][  0]LogUObjectGlobals: Created PersistentFrame Addr=0x00000000488bb170, Size=4, Default__BP_MasterItem_C Function /Game/InventorySystem2/Blueprints/ItemClasses/BP_MasterItem.BP_MasterItem_C:ExecuteUbergraph_BP_MasterItem
[2018.06.28-22.51.12:425][  0]LogUObjectGlobals: Created PersistentFrame Addr=0x00000000488bb148, Size=4, Default__Item_C Function /Game/InventorySystem/Items/Item.Item_C:ExecuteUbergraph_Item
[2018.06.28-22.51.12:426][  0]LogUObjectGlobals: Created PersistentFrame Addr=0x00000000487e12c0, Size=32, Default__InventoryWindow_C Function /Game/InventorySystem/InventoryUI/InventoryWindow.InventoryWindow_C:ExecuteUbergraph_InventoryWindow
[2018.06.28-22.51.12:427][  0]LogUObjectGlobals: Created PersistentFrame Addr=0x00000000487a3f00, Size=16, Default__SkillTree_C Function /Game/SkillTree.SkillTree_C:ExecuteUbergraph_SkillTree
[2018.06.28-22.51.12:427][  0]LogUObjectGlobals: Created PersistentFrame Addr=0x00000000487e0a40, Size=32, Default__StaminaHUD_C Function /Game/UI/StaminaHUD.StaminaHUD_C:ExecuteUbergraph_StaminaHUD
[2018.06.28-22.51.12:429][  0]LogUObjectGlobals: Created PersistentFrame Addr=0x00000000487d9e00, Size=512, Default__ThirdPersonCharacter_C Function /Game/ThirdPersonCPP/Blueprints/ThirdPersonCharacter.ThirdPersonCharacter_C:ExecuteUbergraph_ThirdPersonCharacter
[2018.06.28-22.51.12:433][  0]LogClass: Warning: Property ItemInfo of ItemInfo has a struct type mismatch (tag ItemStructure != prop ItemInfo) in package:  FObjectReader. If that struct got renamed, add an entry to ActiveStructRedirects.
[2018.06.28-22.51.14:570][  0]LogSkeletalMesh: Skeletal Mesh found in DDC [154.435638ms] /Game/AnimStarterPack/UE4_Mannequin/Mesh/SK_Mannequin.SK_Mannequin
[2018.06.28-22.51.15:530][  0]SourceControl: Source control is disabled
[2018.06.28-22.51.15:530][  0]SourceControl: Source control is disabled
[2018.06.28-22.51.15:547][  0]SourceControl: Source control is disabled
[2018.06.28-22.51.15:564][  0]SourceControl: Source control is disabled
[2018.06.28-22.51.16:012][  0]LogAndroidPermission: UAndroidPermissionCallbackProxy::GetInstance
[2018.06.28-22.51.16:173][  0]LogOcInput: OculusInput pre-init called
[2018.06.28-22.51.16:272][  0]LogEngine: Initializing Engine...
[2018.06.28-22.51.16:273][  0]LogHMD: Failed to initialize OpenVR with code 110
[2018.06.28-22.51.16:516][  0]LogAIModule: Creating AISystem for world Untitled
[2018.06.28-22.51.16:544][  0]LogInit: XAudio2 using 'Speakers (Realtek High Definition Audio)' : 2 channels at 48 kHz using 32 bits per sample (channel mask 0x3)
[2018.06.28-22.51.16:556][  0]LogInit: FAudioDevice initialized.
[2018.06.28-22.51.16:721][  0]LogDerivedDataCache: Saved boot cache 0.16s 77MB C:/Users/DasSKander/AppData/Local/UnrealEngine/4.19/DerivedDataCache/Boot.ddc.
[2018.06.28-22.51.16:728][  0]LogInit: Texture streaming: Enabled
[2018.06.28-22.51.16:744][  0]LogEngineSessionManager: EngineSessionManager initialized
[2018.06.28-22.51.16:756][  0]LogInit: Transaction tracking system initialized
[2018.06.28-22.51.16:778][  0]BlueprintLog: New page: Editor Load
[2018.06.28-22.51.17:003][  0]LocalizationService: Localization service is disabled
[2018.06.28-22.51.17:102][  0]LogConsoleResponse: Display: 
[2018.06.28-22.51.17:337][  0]LogCook: Display: Max memory allowance for cook 16384mb min free memory 0mb
[2018.06.28-22.51.17:337][  0]LogCook: Display: Mobile HDR setting 1
[2018.06.28-22.51.17:337][  0]LogGameplayTags: Display: UGameplayTagsManager::DoneAddingNativeTags. DelegateIsBound: 0
[2018.06.28-22.51.17:337][  0]LogStats: UGameplayTagsManager::ConstructGameplayTagTree: Construct from data asset -  0.000 s
[2018.06.28-22.51.17:815][  0]LogFileCache: Scanning file cache for directory 'C:/Users/DasSKander/Documents/Unreal Projects/APatheticGame3/Content/' took 0.03s
[2018.06.28-22.51.17:815][  0]LogStats: FGameplayAbilitiesEditorModule::GameplayTagTreeChanged -  0.464 s
[2018.06.28-22.51.17:815][  0]LogStats: UGameplayTagsManager::ConstructGameplayTagTree: GameplayTagTreeChangedEvent.Broadcast -  0.478 s
[2018.06.28-22.51.18:154][  0]SourceControl: Source control is disabled
[2018.06.28-22.51.18:154][  0]Cmd: MAP LOAD FILE="../../../../../../Users/DasSKander/Documents/Unreal Projects/APatheticGame3/Content/ThirdPersonCPP/Maps/ThirdPersonExampleMap.umap" TEMPLATE=0 SHOWPROGRESS=1 FEATURELEVEL=3
[2018.06.28-22.51.18:210][  0]LightingResults: New page: Lighting Build
[2018.06.28-22.51.18:216][  0]MapCheck: New page: Map Check
[2018.06.28-22.51.18:216][  0]LightingResults: New page: Lighting Build
[2018.06.28-22.51.18:241][  0]LogUObjectGlobals: Destroyed PersistentFrame Addr=0x00000000474e7c40, Size=144
[2018.06.28-22.51.18:241][  0]LogUObjectGlobals: Destroyed PersistentFrame Addr=0x0000000047959a00, Size=120
[2018.06.28-22.51.18:241][  0]LogUObjectGlobals: Destroyed PersistentFrame Addr=0x00000000489a2600, Size=512
[2018.06.28-22.51.18:241][  0]LogUObjectGlobals: Destroyed PersistentFrame Addr=0x00000000475123b8, Size=4
[2018.06.28-22.51.18:242][  0]LogUObjectGlobals: Destroyed PersistentFrame Addr=0x00000000489900c0, Size=32
[2018.06.28-22.51.18:242][  0]LogUObjectGlobals: Destroyed PersistentFrame Addr=0x0000000047511c68, Size=4
[2018.06.28-22.51.18:242][  0]LogUObjectGlobals: Destroyed PersistentFrame Addr=0x0000000047511c00, Size=4
[2018.06.28-22.51.18:242][  0]LogUObjectGlobals: Destroyed PersistentFrame Addr=0x0000000048d51160, Size=16
[2018.06.28-22.51.18:242][  0]LogUObjectGlobals: Destroyed PersistentFrame Addr=0x000000004891ff20, Size=32
[2018.06.28-22.51.18:388][  0]LogUObjectGlobals: Created PersistentFrame Addr=0x000000002aeba470, Size=104, Default__AICharacter_C Function /Game/AI/AICharacter.AICharacter_C:ExecuteUbergraph_AICharacter
[2018.06.28-22.51.18:400][  0]LogUObjectGlobals: Destroyed PersistentFrame Addr=0x000000002aeba470, Size=104
[2018.06.28-22.51.18:400][  0]LogUObjectGlobals: Created PersistentFrame Addr=0x000000002aeba470, Size=104, Default__AICharacter_C Function /Engine/Transient.REINST_AICharacter_C_23:ExecuteUbergraph_AICharacter
[2018.06.28-22.51.18:406][  0]LogUObjectGlobals: Created PersistentFrame Addr=0x0000000047521590, Size=104, Default__AICharacter_C Function /Game/AI/AICharacter.AICharacter_C:ExecuteUbergraph_AICharacter
[2018.06.28-22.51.18:662][  0]LogUObjectGlobals: Created PersistentFrame Addr=0x00000000489ac800, Size=416, Default__CopyDoorDesu1_C Function /Game/CopyDoorDesu1.CopyDoorDesu1_C:ExecuteUbergraph_CopyDoorDesu1
[2018.06.28-22.51.18:667][  0]LogUObjectGlobals: Destroyed PersistentFrame Addr=0x00000000489ac800, Size=416
[2018.06.28-22.51.18:667][  0]LogUObjectGlobals: Created PersistentFrame Addr=0x00000000489ac800, Size=416, Default__CopyDoorDesu1_C Function /Engine/Transient.REINST_CopyDoorDesu1_C_27:ExecuteUbergraph_CopyDoorDesu1
[2018.06.28-22.51.18:672][  0]LogUObjectGlobals: Created PersistentFrame Addr=0x00000000489ae780, Size=416, Default__CopyDoorDesu1_C Function /Game/CopyDoorDesu1.CopyDoorDesu1_C:ExecuteUbergraph_CopyDoorDesu1
[2018.06.28-22.51.18:838][  0]LogUObjectGlobals: Created PersistentFrame Addr=0x0000000048d242c0, Size=416, Default__DoorDesu_C Function /Game/DoorDesu.DoorDesu_C:ExecuteUbergraph_DoorDesu
[2018.06.28-22.51.18:843][  0]LogUObjectGlobals: Destroyed PersistentFrame Addr=0x0000000048d242c0, Size=416
[2018.06.28-22.51.18:843][  0]LogUObjectGlobals: Created PersistentFrame Addr=0x0000000048d242c0, Size=416, Default__DoorDesu_C Function /Engine/Transient.REINST_DoorDesu_C_29:ExecuteUbergraph_DoorDesu
[2018.06.28-22.51.18:849][  0]LogUObjectGlobals: Created PersistentFrame Addr=0x0000000048d26080, Size=416, Default__DoorDesu_C Function /Game/DoorDesu.DoorDesu_C:ExecuteUbergraph_DoorDesu
[2018.06.28-22.51.18:863][  0]LogUObjectGlobals: Created PersistentFrame Addr=0x0000000055247ba0, Size=4, Default__Use_Spell_1_C Function /Game/GameplaySpeels/Use_Spell_1.Use_Spell_1_C:ExecuteUbergraph_Use_Spell_1
[2018.06.28-22.51.18:865][  0]LogUObjectGlobals: Destroyed PersistentFrame Addr=0x0000000055247ba0, Size=4
[2018.06.28-22.51.18:865][  0]LogUObjectGlobals: Created PersistentFrame Addr=0x0000000055247ba0, Size=4, Default__Use_Spell_1_C Function /Engine/Transient.REINST_Use_Spell_1_C_31:ExecuteUbergraph_Use_Spell_1
[2018.06.28-22.51.18:866][  0]LogUObjectGlobals: Created PersistentFrame Addr=0x0000000055247b88, Size=4, Default__Use_Spell_1_C Function /Game/GameplaySpeels/Use_Spell_1.Use_Spell_1_C:ExecuteUbergraph_Use_Spell_1
[2018.06.28-22.51.18:903][  0]LogUObjectGlobals: Created PersistentFrame Addr=0x0000000055247da8, Size=4, Default__Item_Cube_C Function /Game/InventorySystem/Items/Item.Item_C:ExecuteUbergraph_Item
[2018.06.28-22.51.18:949][  0]LogUObjectGlobals: Destroyed PersistentFrame Addr=0x0000000055247da8, Size=4
[2018.06.28-22.51.18:949][  0]LogUObjectGlobals: Created PersistentFrame Addr=0x0000000055247da8, Size=4, Default__Item_Cube_C Function /Game/InventorySystem/Items/Item.Item_C:ExecuteUbergraph_Item
[2018.06.28-22.51.18:949][  0]LogUObjectGlobals: Created PersistentFrame Addr=0x0000000055247de8, Size=4, Default__Item_Cube_C Function /Game/InventorySystem/Items/Item.Item_C:ExecuteUbergraph_Item
[2018.06.28-22.51.19:037][  0]LogUObjectGlobals: Created PersistentFrame Addr=0x00000000551ee940, Size=208, Default__BP_PIckUpActor_C Function /Game/InventorySystem2/Blueprints/ItemClasses/BP_PIckUpActor.BP_PIckUpActor_C:ExecuteUbergraph_BP_PIckUpActor
[2018.06.28-22.51.19:041][  0]LogUObjectGlobals: Destroyed PersistentFrame Addr=0x00000000551ee940, Size=208
[2018.06.28-22.51.19:041][  0]LogUObjectGlobals: Created PersistentFrame Addr=0x00000000551ee940, Size=208, Default__BP_PIckUpActor_C Function /Engine/Transient.REINST_BP_PIckUpActor_C_34:ExecuteUbergraph_BP_PIckUpActor
[2018.06.28-22.51.19:044][  0]LogUObjectGlobals: Created PersistentFrame Addr=0x00000000551ece20, Size=208, Default__BP_PIckUpActor_C Function /Game/InventorySystem2/Blueprints/ItemClasses/BP_PIckUpActor.BP_PIckUpActor_C:ExecuteUbergraph_BP_PIckUpActor
[2018.06.28-22.51.19:084][  0]LogUObjectGlobals: Created PersistentFrame Addr=0x0000000055247950, Size=4, Default__HealthPot_C Function /Game/InventorySystem2/Blueprints/ItemClasses/BP_MasterItem.BP_MasterItem_C:ExecuteUbergraph_BP_MasterItem
[2018.06.28-22.51.19:086][  0]LogUObjectGlobals: Destroyed PersistentFrame Addr=0x0000000055247950, Size=4
[2018.06.28-22.51.19:086][  0]LogUObjectGlobals: Created PersistentFrame Addr=0x0000000055247950, Size=4, Default__HealthPot_C Function /Game/InventorySystem2/Blueprints/ItemClasses/BP_MasterItem.BP_MasterItem_C:ExecuteUbergraph_BP_MasterItem
[2018.06.28-22.51.19:086][  0]LogUObjectGlobals: Created PersistentFrame Addr=0x0000000055247978, Size=4, Default__HealthPot_C Function /Game/InventorySystem2/Blueprints/ItemClasses/BP_MasterItem.BP_MasterItem_C:ExecuteUbergraph_BP_MasterItem
[2018.06.28-22.51.19:130][  0]LogUObjectGlobals: Created PersistentFrame Addr=0x0000000055247708, Size=4, Default__Map_C Function /Game/InventorySystem2/Blueprints/ItemClasses/BP_MasterItem.BP_MasterItem_C:ExecuteUbergraph_BP_MasterItem
[2018.06.28-22.51.19:132][  0]LogUObjectGlobals: Destroyed PersistentFrame Addr=0x0000000055247708, Size=4
[2018.06.28-22.51.19:132][  0]LogUObjectGlobals: Created PersistentFrame Addr=0x0000000055247708, Size=4, Default__Map_C Function /Game/InventorySystem2/Blueprints/ItemClasses/BP_MasterItem.BP_MasterItem_C:ExecuteUbergraph_BP_MasterItem
[2018.06.28-22.51.19:132][  0]LogUObjectGlobals: Created PersistentFrame Addr=0x00000000552476b0, Size=4, Default__Map_C Function /Game/InventorySystem2/Blueprints/ItemClasses/BP_MasterItem.BP_MasterItem_C:ExecuteUbergraph_BP_MasterItem
[2018.06.28-22.51.19:232][  0]LogUObjectGlobals: Created PersistentFrame Addr=0x000000005517f200, Size=216, Default__MoveAbleObject_C Function /Game/MoveAbleObject.MoveAbleObject_C:ExecuteUbergraph_MoveAbleObject
[2018.06.28-22.51.19:236][  0]LogUObjectGlobals: Destroyed PersistentFrame Addr=0x000000005517f200, Size=216
[2018.06.28-22.51.19:236][  0]LogUObjectGlobals: Created PersistentFrame Addr=0x000000005517f200, Size=216, Default__MoveAbleObject_C Function /Engine/Transient.REINST_MoveAbleObject_C_38:ExecuteUbergraph_MoveAbleObject
[2018.06.28-22.51.19:240][  0]LogUObjectGlobals: Created PersistentFrame Addr=0x000000005517d360, Size=216, Default__MoveAbleObject_C Function /Game/MoveAbleObject.MoveAbleObject_C:ExecuteUbergraph_MoveAbleObject
[2018.06.28-22.51.19:267][  0]LogUObjectGlobals: Created PersistentFrame Addr=0x000000002ad2a860, Size=112, Default__SM_Door_Blueprint1_C Function /Game/SM_Door_Blueprint1.SM_Door_Blueprint1_C:ExecuteUbergraph_SM_Door_Blueprint1
[2018.06.28-22.51.19:282][  0]LogUObjectGlobals: Destroyed PersistentFrame Addr=0x000000002ad2a860, Size=112
[2018.06.28-22.51.19:282][  0]LogUObjectGlobals: Created PersistentFrame Addr=0x000000002ad2a860, Size=112, Default__SM_Door_Blueprint1_C Function /Engine/Transient.REINST_SM_Door_Blueprint1_C_40:ExecuteUbergraph_SM_Door_Blueprint1
[2018.06.28-22.51.19:288][  0]LogUObjectGlobals: Created PersistentFrame Addr=0x000000004ca22940, Size=112, Default__SM_Door_Blueprint1_C Function /Game/SM_Door_Blueprint1.SM_Door_Blueprint1_C:ExecuteUbergraph_SM_Door_Blueprint1
[2018.06.28-22.51.22:563][  0]LogAIModule: Creating AISystem for world ThirdPersonExampleMap
[2018.06.28-22.51.22:689][  0]LogEditorServer: Finished looking for orphan Actors (0.000 secs)
[2018.06.28-22.51.22:722][  0]LogUObjectGlobals: Destroyed PersistentFrame Addr=0x00000000551ee940, Size=208
[2018.06.28-22.51.22:722][  0]LogUObjectGlobals: Destroyed PersistentFrame Addr=0x0000000055247da8, Size=4
[2018.06.28-22.51.22:722][  0]LogUObjectGlobals: Destroyed PersistentFrame Addr=0x0000000055247ba0, Size=4
[2018.06.28-22.51.22:722][  0]LogUObjectGlobals: Destroyed PersistentFrame Addr=0x0000000048d242c0, Size=416
[2018.06.28-22.51.22:722][  0]LogUObjectGlobals: Destroyed PersistentFrame Addr=0x00000000489ac800, Size=416
[2018.06.28-22.51.22:722][  0]LogUObjectGlobals: Destroyed PersistentFrame Addr=0x000000002aeba470, Size=104
[2018.06.28-22.51.22:722][  0]LogUObjectGlobals: Destroyed PersistentFrame Addr=0x0000000055247950, Size=4
[2018.06.28-22.51.22:722][  0]LogUObjectGlobals: Destroyed PersistentFrame Addr=0x0000000055247708, Size=4
[2018.06.28-22.51.22:722][  0]LogUObjectGlobals: Destroyed PersistentFrame Addr=0x000000005517f200, Size=216
[2018.06.28-22.51.22:722][  0]LogUObjectGlobals: Destroyed PersistentFrame Addr=0x000000002ad2a860, Size=112
[2018.06.28-22.51.22:723][  0]Cmd: MAP CHECKDEP NOCLEARLOG
[2018.06.28-22.51.22:792][  0]MapCheck: Map check complete: 0 Error(s), 0 Warning(s), took 68.48ms to complete.
[2018.06.28-22.51.22:792][  0]LogFileHelpers: Loading map 'ThirdPersonExampleMap' took 4.637
[2018.06.28-22.51.23:479][  0]LogCollectionManager: Loaded 0 collections in 0.004272 seconds
[2018.06.28-22.51.23:616][  0]LogFileCache: Scanning file cache for directory 'C:/Users/DasSKander/Documents/Unreal Projects/APatheticGame3/Saved/Collections/' took 0.01s
[2018.06.28-22.51.23:616][  0]LogFileCache: Scanning file cache for directory 'C:/Users/DasSKander/Documents/Unreal Projects/APatheticGame3/Content/Developers/DasSKander/Collections/' took 0.01s
[2018.06.28-22.51.23:616][  0]LogFileCache: Scanning file cache for directory 'C:/Users/DasSKander/Documents/Unreal Projects/APatheticGame3/Content/Collections/' took 0.01s
[2018.06.28-22.51.23:616][  0]LogCollectionManager: Rebuilt the GUID cache for 0 collections in 0.000000 seconds
[2018.06.28-22.51.23:634][  0]LogContentBrowser: Native class hierarchy populated in 0.0161 seconds. Added 2543 classes and 567 folders.
[2018.06.28-22.51.23:701][  0]LogContentBrowser: Native class hierarchy updated for 'WidgetCarousel' in 0.0011 seconds. Added 0 classes and 0 folders.
[2018.06.28-22.51.25:225][  0]LogContentBrowser: Native class hierarchy updated for 'AddContentDialog' in 0.0014 seconds. Added 0 classes and 0 folders.
[2018.06.28-22.51.25:292][  0]LogContentBrowser: Native class hierarchy updated for 'SceneOutliner' in 0.0015 seconds. Added 1 classes and 2 folders.
[2018.06.28-22.51.25:940][  0]LogSlate: Took 0.000203 seconds to synchronously load lazily loaded font '../../../Engine/Content/Slate/Fonts/Roboto-Regular.ttf' (155K)
[2018.06.28-22.51.25:942][  0]LogSlate: Took 0.000199 seconds to synchronously load lazily loaded font '../../../Engine/Content/Slate/Fonts/Roboto-Bold.ttf' (160K)
[2018.06.28-22.51.25:956][  0]LogSlate: Took 0.008362 seconds to synchronously load lazily loaded font '../../../Engine/Content/Editor/Slate/Fonts/FontAwesome.ttf' (139K)
[2018.06.28-22.51.26:003][  0]LogSlate: Took 0.035356 seconds to synchronously load lazily loaded font '../../../Engine/Content/Slate/Fonts/DroidSansMono.ttf' (77K)
[2018.06.28-22.51.26:505][  0]LogRenderer: Reallocating scene render targets to support 1124x492 Format 10 NumSamples 1 (Frame:1).
[2018.06.28-22.51.26:855][  0]LogContentBrowser: Native class hierarchy updated for 'HierarchicalLODOutliner' in 0.0006 seconds. Added 0 classes and 0 folders.
[2018.06.28-22.51.26:855][  0]LogLoad: (Engine Initialization) Total time: 33.39 seconds
[2018.06.28-22.51.26:855][  0]LogLoad: (Engine Initialization) Total Blueprint compile time: 0.00 seconds
[2018.06.28-22.51.26:896][  0]LogUObjectGlobals: Created PersistentFrame Addr=0x00000000561d8410, Size=4, Default__SKEL_PROTO_BP_AnimBlueprint_0_C Function /Engine/Transient.SKEL_PROTO_BP_AnimBlueprint_0_C:ExecuteUbergraph_PROTO_BP_AnimBlueprint_0
[2018.06.28-22.51.26:897][  0]LogUObjectGlobals: Created PersistentFrame Addr=0x00000000561d8408, Size=4, Default__PROTO_BP_AnimBlueprint_0_C Function /Engine/Transient.PROTO_BP_AnimBlueprint_0_C:ExecuteUbergraph_PROTO_BP_AnimBlueprint_0
[2018.06.28-22.51.26:986][  0]LogContentStreaming: Texture pool size now 1000 MB
[2018.06.28-22.51.27:698][ 14]LogAssetRegistry: Asset discovery search completed in 20.9571 seconds
[2018.06.28-22.51.27:703][ 14]LogCollectionManager: Rebuilt the object cache for 0 collections in 0.000000 seconds (found 0 objects)
[2018.06.28-22.51.27:703][ 14]LogCollectionManager: Fixed up redirectors for 0 collections in 0.000248 seconds (updated 0 objects)
[2018.06.28-22.51.32:700][510]LogRenderer: Reallocating scene render targets to support 1124x508 Format 10 NumSamples 1 (Frame:513).
[2018.06.28-22.51.35:113][776]LogSlate: FSceneViewport::OnFocusLost() reason 0
[2018.06.28-22.51.35:196][786]LogTemp: Repeating last play command: Selected Viewport
[2018.06.28-22.51.35:231][786]LogBlueprintUserMessages: Early PlayInEditor Detection: Level '/Game/ThirdPersonCPP/Maps/ThirdPersonExampleMap.ThirdPersonExampleMap:PersistentLevel' has LevelScriptBlueprint '/Game/ThirdPersonCPP/Maps/ThirdPersonExampleMap.ThirdPersonExampleMap:PersistentLevel.ThirdPersonExampleMap' with GeneratedClass '/Game/ThirdPersonCPP/Maps/ThirdPersonExampleMap.ThirdPersonExampleMap_C' with ClassGeneratedBy '/Game/ThirdPersonCPP/Maps/ThirdPersonExampleMap.ThirdPersonExampleMap:PersistentLevel.ThirdPersonExampleMap'
[2018.06.28-22.51.35:232][786]LogPlayLevel: PlayLevel: No blueprints needed recompiling
[2018.06.28-22.51.35:265][786]PIE: New page: PIE session: ThirdPersonExampleMap (Jun 28, 2018, 2:51:35 PM)
[2018.06.28-22.51.35:266][786]LogPlayLevel: Creating play world package: /Game/ThirdPersonCPP/Maps/UEDPIE_0_ThirdPersonExampleMap
[2018.06.28-22.51.35:311][786]LogPlayLevel: PIE: StaticDuplicateObject took: (0.044798s)
[2018.06.28-22.51.35:311][786]LogAIModule: Creating AISystem for world ThirdPersonExampleMap
[2018.06.28-22.51.35:323][786]LogPlayLevel: PIE: World Init took: (0.012040s)
[2018.06.28-22.51.35:323][786]LogPlayLevel: PIE: Created PIE world by copying editor world from /Game/ThirdPersonCPP/Maps/ThirdPersonExampleMap.ThirdPersonExampleMap to /Game/ThirdPersonCPP/Maps/UEDPIE_0_ThirdPersonExampleMap.ThirdPersonExampleMap (0.057502s)
[2018.06.28-22.51.35:348][786]LogInit: XAudio2 using 'Speakers (Realtek High Definition Audio)' : 2 channels at 48 kHz using 32 bits per sample (channel mask 0x3)
[2018.06.28-22.51.35:357][786]LogInit: FAudioDevice initialized.
[2018.06.28-22.51.35:422][786]LogLoad: Game class is 'APatheticGameGameMode'
[2018.06.28-22.51.35:466][786]LogWorld: Bringing World /Game/ThirdPersonCPP/Maps/UEDPIE_0_ThirdPersonExampleMap.ThirdPersonExampleMap up for play (max tick rate 0) at 2018.06.28-18.51.35
[2018.06.28-22.51.35:512][786]LogWorld: Bringing up level for play took: 0.074092
[2018.06.28-22.51.35:571][786]LogContentBrowser: Native class hierarchy updated for 'MovieSceneCapture' in 0.0007 seconds. Added 11 classes and 0 folders.
[2018.06.28-22.51.35:665][786]PIE: Play in editor start time for /Game/ThirdPersonCPP/Maps/UEDPIE_0_ThirdPersonExampleMap 0.704
[2018.06.28-22.51.35:666][786]LogBlueprintUserMessages: Late PlayInEditor Detection: Level '/Game/ThirdPersonCPP/Maps/ThirdPersonExampleMap.ThirdPersonExampleMap:PersistentLevel' has LevelScriptBlueprint '/Game/ThirdPersonCPP/Maps/ThirdPersonExampleMap.ThirdPersonExampleMap:PersistentLevel.ThirdPersonExampleMap' with GeneratedClass '/Game/ThirdPersonCPP/Maps/ThirdPersonExampleMap.ThirdPersonExampleMap_C' with ClassGeneratedBy '/Game/ThirdPersonCPP/Maps/ThirdPersonExampleMap.ThirdPersonExampleMap:PersistentLevel.ThirdPersonExampleMap'
[2018.06.28-22.51.39:171][181]LogSynthBenchmark: Display: FSynthBenchmark (V0.95):  requested WorkScale=5.00
[2018.06.28-22.51.39:171][181]LogSynthBenchmark: Display: ===============
[2018.06.28-22.51.39:171][181]LogSynthBenchmark: Display: Main Processor:
[2018.06.28-22.51.39:373][181]LogSynthBenchmark: Display:          ... 0.020540 s/Run 'RayIntersect'
[2018.06.28-22.51.39:373][181]LogSynthBenchmark: Display:          ... 0.019766 s/Run 'Fractal'
[2018.06.28-22.51.39:373][181]LogSynthBenchmark: Display: 
[2018.06.28-22.51.39:373][181]LogSynthBenchmark: Display:   CompiledTarget_x_Bits: 64
[2018.06.28-22.51.39:373][181]LogSynthBenchmark: Display:   UE_BUILD_SHIPPING: 0
[2018.06.28-22.51.39:373][181]LogSynthBenchmark: Display:   UE_BUILD_TEST: 0
[2018.06.28-22.51.39:373][181]LogSynthBenchmark: Display:   UE_BUILD_DEBUG: 0
[2018.06.28-22.51.39:374][181]LogSynthBenchmark: Display:   TotalPhysicalGBRam: 16
[2018.06.28-22.51.39:374][181]LogSynthBenchmark: Display:   NumberOfCores (physical): 4
[2018.06.28-22.51.39:374][181]LogSynthBenchmark: Display:   NumberOfCores (logical): 4
[2018.06.28-22.51.39:374][181]LogSynthBenchmark: Display:   CPU Perf Index 0: 124.7 (weight 1.00)
[2018.06.28-22.51.39:374][181]LogSynthBenchmark: Display:   CPU Perf Index 1: 144.7 (weight 1.50)
[2018.06.28-22.51.39:374][181]LogSynthBenchmark: Display:  
[2018.06.28-22.51.39:374][181]LogSynthBenchmark: Display: Graphics:
[2018.06.28-22.51.39:374][181]LogSynthBenchmark: Display:   Adapter Name: 'NVIDIA GeForce GTX 1070'
[2018.06.28-22.51.39:374][181]LogSynthBenchmark: Display:   (On Optimus the name might be wrong, memory should be ok)
[2018.06.28-22.51.39:374][181]LogSynthBenchmark: Display:   Vendor Id: 0x10DE
[2018.06.28-22.51.39:375][181]LogSynthBenchmark: Display:   Device Id: 0x1B81
[2018.06.28-22.51.39:375][181]LogSynthBenchmark: Display:   Device Revision: 0xA1
[2018.06.28-22.51.39:375][181]LogSynthBenchmark: Display:   GPU Memory: 8086/0/7916 MB
[2018.06.28-22.51.39:440][181]LogSynthBenchmark: Display:   GPU first test: 0.02s
[2018.06.28-22.51.39:440][181]LogSynthBenchmark: Display:          ... 9.480 s/GigaPix, Confidence=89% 'ALUHeavyNoise' (likely to be very inaccurate)
[2018.06.28-22.51.39:441][181]LogSynthBenchmark: Display:          ... 8.999 s/GigaPix, Confidence=100% 'TexHeavy' (likely to be very inaccurate)
[2018.06.28-22.51.39:441][181]LogSynthBenchmark: Display:          ... 7.170 s/GigaPix, Confidence=100% 'DepTexHeavy' (likely to be very inaccurate)
[2018.06.28-22.51.39:441][181]LogSynthBenchmark: Display:          ... 34.616 s/GigaPix, Confidence=89% 'FillOnly' (likely to be very inaccurate)
[2018.06.28-22.51.39:441][181]LogSynthBenchmark: Display:          ... 1.339 s/GigaPix, Confidence=100% 'Bandwidth' (likely to be very inaccurate)
[2018.06.28-22.51.39:441][181]LogSynthBenchmark: Display:          ... 13.673 s/GigaVert, Confidence=81% 'VertThroughPut1' (likely to be very inaccurate)
[2018.06.28-22.51.39:442][181]LogSynthBenchmark: Display:          ... 7.258 s/GigaVert, Confidence=100% 'VertThroughPut2' (likely to be very inaccurate)
[2018.06.28-22.51.39:551][181]LogSynthBenchmark: Display:   GPU second test: 0.07s
[2018.06.28-22.51.39:552][181]LogSynthBenchmark: Display:          ... 13.778 s/GigaPix, Confidence=89% 'ALUHeavyNoise' (likely to be inaccurate)
[2018.06.28-22.51.39:552][181]LogSynthBenchmark: Display:          ... 11.274 s/GigaPix, Confidence=100% 'TexHeavy' (likely to be inaccurate)
[2018.06.28-22.51.39:552][181]LogSynthBenchmark: Display:          ... 10.348 s/GigaPix, Confidence=100% 'DepTexHeavy' (likely to be inaccurate)
[2018.06.28-22.51.39:552][181]LogSynthBenchmark: Display:          ... 62.604 s/GigaPix, Confidence=100% 'FillOnly' (likely to be inaccurate)
[2018.06.28-22.51.39:553][181]LogSynthBenchmark: Display:          ... 1.422 s/GigaPix, Confidence=100% 'Bandwidth' (likely to be inaccurate)
[2018.06.28-22.51.39:553][181]LogSynthBenchmark: Display:          ... 6.062 s/GigaVert, Confidence=100% 'VertThroughPut1' (likely to be inaccurate)
[2018.06.28-22.51.39:553][181]LogSynthBenchmark: Display:          ... 5.894 s/GigaVert, Confidence=89% 'VertThroughPut2' (likely to be inaccurate)
[2018.06.28-22.51.40:252][181]LogSynthBenchmark: Display:   GPU third test: 0.66s
[2018.06.28-22.51.40:253][181]LogSynthBenchmark: Display:          ... 16.951 s/GigaPix, Confidence=89% 'ALUHeavyNoise'
[2018.06.28-22.51.40:253][181]LogSynthBenchmark: Display:          ... 13.443 s/GigaPix, Confidence=100% 'TexHeavy'
[2018.06.28-22.51.40:253][181]LogSynthBenchmark: Display:          ... 12.716 s/GigaPix, Confidence=100% 'DepTexHeavy'
[2018.06.28-22.51.40:253][181]LogSynthBenchmark: Display:          ... 81.151 s/GigaPix, Confidence=89% 'FillOnly'
[2018.06.28-22.51.40:253][181]LogSynthBenchmark: Display:          ... 1.666 s/GigaPix, Confidence=100% 'Bandwidth'
[2018.06.28-22.51.40:253][181]LogSynthBenchmark: Display:          ... 5.337 s/GigaVert, Confidence=100% 'VertThroughPut1'
[2018.06.28-22.51.40:254][181]LogSynthBenchmark: Display:          ... 6.769 s/GigaVert, Confidence=100% 'VertThroughPut2'
[2018.06.28-22.51.40:254][181]LogSynthBenchmark: Display:   GPU Final Results:
[2018.06.28-22.51.40:254][181]LogSynthBenchmark: Display:          ... 16.951 s/GigaPix, Confidence=89% 'ALUHeavyNoise'
[2018.06.28-22.51.40:254][181]LogSynthBenchmark: Display:          ... 13.443 s/GigaPix, Confidence=100% 'TexHeavy'
[2018.06.28-22.51.40:254][181]LogSynthBenchmark: Display:          ... 12.716 s/GigaPix, Confidence=100% 'DepTexHeavy'
[2018.06.28-22.51.40:254][181]LogSynthBenchmark: Display:          ... 81.151 s/GigaPix, Confidence=89% 'FillOnly'
[2018.06.28-22.51.40:254][181]LogSynthBenchmark: Display:          ... 1.666 s/GigaPix, Confidence=100% 'Bandwidth'
[2018.06.28-22.51.40:255][181]LogSynthBenchmark: Display:          ... 5.337 s/GigaVert, Confidence=100% 'VertThroughPut1'
[2018.06.28-22.51.40:255][181]LogSynthBenchmark: Display:          ... 6.769 s/GigaVert, Confidence=100% 'VertThroughPut2'
[2018.06.28-22.51.40:255][181]LogSynthBenchmark: Display: 
[2018.06.28-22.51.40:255][181]LogSynthBenchmark: Display:   GPU Perf Index 0: 368.4 (weight 1.00)
[2018.06.28-22.51.40:255][181]LogSynthBenchmark: Display:   GPU Perf Index 1: 180.5 (weight 0.10)
[2018.06.28-22.51.40:255][181]LogSynthBenchmark: Display:   GPU Perf Index 2: 330.5 (weight 0.10)
[2018.06.28-22.51.40:255][181]LogSynthBenchmark: Display:   GPU Perf Index 3: 318.7 (weight 3.00)
[2018.06.28-22.51.40:255][181]LogSynthBenchmark: Display:   GPU Perf Index 4: 155.4 (weight 1.00)
[2018.06.28-22.51.40:255][181]LogSynthBenchmark: Display:   GPU Perf Index 5: 347.2 (weight 0.00)
[2018.06.28-22.51.40:256][181]LogSynthBenchmark: Display:   GPU Perf Index 6: 383.1 (weight 0.00)
[2018.06.28-22.51.40:256][181]LogSynthBenchmark: Display:   CPUIndex: 136.7
[2018.06.28-22.51.40:256][181]LogSynthBenchmark: Display:   GPUIndex: 294.4
[2018.06.28-22.51.40:256][181]LogSynthBenchmark: Display: 
[2018.06.28-22.51.40:256][181]LogSynthBenchmark: Display:          ... Total Time: 1.084920 sec
[2018.06.28-22.51.46:259][779]LogAnimMontage: Warning: Playing a Montage (PrimaryMelee_D_Slow_Montage) for the wrong Skeleton (UE4_Mannequin_Skeleton) instead of (Shinbi_Skeleton).
[2018.06.28-22.53.45:388][ 30]LogBlueprintUserMessages: [Use_Spell_1_C_0] Hello
[2018.06.28-22.53.51:557][768]LogBlueprintUserMessages: Early EndPlayMap Detection: Level '/Game/ThirdPersonCPP/Maps/ThirdPersonExampleMap.ThirdPersonExampleMap:PersistentLevel' has LevelScriptBlueprint '/Game/ThirdPersonCPP/Maps/ThirdPersonExampleMap.ThirdPersonExampleMap:PersistentLevel.ThirdPersonExampleMap' with GeneratedClass '/Game/ThirdPersonCPP/Maps/ThirdPersonExampleMap.ThirdPersonExampleMap_C' with ClassGeneratedBy '/Game/ThirdPersonCPP/Maps/ThirdPersonExampleMap.ThirdPersonExampleMap:PersistentLevel.ThirdPersonExampleMap'
[2018.06.28-22.53.51:611][768]LogBlueprintUserMessages: Late EndPlayMap Detection: Level '/Game/ThirdPersonCPP/Maps/ThirdPersonExampleMap.ThirdPersonExampleMap:PersistentLevel' has LevelScriptBlueprint '/Game/ThirdPersonCPP/Maps/ThirdPersonExampleMap.ThirdPersonExampleMap:PersistentLevel.ThirdPersonExampleMap' with GeneratedClass '/Game/ThirdPersonCPP/Maps/ThirdPersonExampleMap.ThirdPersonExampleMap_C' with ClassGeneratedBy '/Game/ThirdPersonCPP/Maps/ThirdPersonExampleMap.ThirdPersonExampleMap:PersistentLevel.ThirdPersonExampleMap'
[2018.06.28-22.53.52:403][856]LogSlate: FSceneViewport::OnFocusLost() reason 2
[2018.06.28-22.53.52:901][916]LogTemp: Repeating last play command: Selected Viewport
[2018.06.28-22.53.52:922][916]LogBlueprintUserMessages: Early PlayInEditor Detection: Level '/Game/ThirdPersonCPP/Maps/ThirdPersonExampleMap.ThirdPersonExampleMap:PersistentLevel' has LevelScriptBlueprint '/Game/ThirdPersonCPP/Maps/ThirdPersonExampleMap.ThirdPersonExampleMap:PersistentLevel.ThirdPersonExampleMap' with GeneratedClass '/Game/ThirdPersonCPP/Maps/ThirdPersonExampleMap.ThirdPersonExampleMap_C' with ClassGeneratedBy '/Game/ThirdPersonCPP/Maps/ThirdPersonExampleMap.ThirdPersonExampleMap:PersistentLevel.ThirdPersonExampleMap'
[2018.06.28-22.53.52:923][916]LogPlayLevel: PlayLevel: No blueprints needed recompiling
[2018.06.28-22.53.52:924][916]PIE: New page: PIE session: ThirdPersonExampleMap (Jun 28, 2018, 2:53:52 PM)
[2018.06.28-22.53.52:924][916]LogPlayLevel: Creating play world package: /Game/ThirdPersonCPP/Maps/UEDPIE_0_ThirdPersonExampleMap
[2018.06.28-22.53.52:942][916]LogPlayLevel: PIE: StaticDuplicateObject took: (0.018146s)
[2018.06.28-22.53.52:943][916]LogAIModule: Creating AISystem for world ThirdPersonExampleMap
[2018.06.28-22.53.52:943][916]LogPlayLevel: PIE: World Init took: (0.000760s)
[2018.06.28-22.53.52:943][916]LogPlayLevel: PIE: Created PIE world by copying editor world from /Game/ThirdPersonCPP/Maps/ThirdPersonExampleMap.ThirdPersonExampleMap to /Game/ThirdPersonCPP/Maps/UEDPIE_0_ThirdPersonExampleMap.ThirdPersonExampleMap (0.019497s)
[2018.06.28-22.53.52:964][916]LogInit: XAudio2 using 'Speakers (Realtek High Definition Audio)' : 2 channels at 48 kHz using 32 bits per sample (channel mask 0x3)
[2018.06.28-22.53.52:977][916]LogInit: FAudioDevice initialized.
[2018.06.28-22.53.53:006][916]LogLoad: Game class is 'APatheticGameGameMode'
[2018.06.28-22.53.53:009][916]LogWorld: Bringing World /Game/ThirdPersonCPP/Maps/UEDPIE_0_ThirdPersonExampleMap.ThirdPersonExampleMap up for play (max tick rate 0) at 2018.06.28-18.53.53
[2018.06.28-22.53.53:010][916]LogWorld: Bringing up level for play took: 0.003000
[2018.06.28-22.53.53:011][916]PIE: Play in editor start time for /Game/ThirdPersonCPP/Maps/UEDPIE_0_ThirdPersonExampleMap 0.042
[2018.06.28-22.53.53:012][916]LogBlueprintUserMessages: Late PlayInEditor Detection: Level '/Game/ThirdPersonCPP/Maps/ThirdPersonExampleMap.ThirdPersonExampleMap:PersistentLevel' has LevelScriptBlueprint '/Game/ThirdPersonCPP/Maps/ThirdPersonExampleMap.ThirdPersonExampleMap:PersistentLevel.ThirdPersonExampleMap' with GeneratedClass '/Game/ThirdPersonCPP/Maps/ThirdPersonExampleMap.ThirdPersonExampleMap_C' with ClassGeneratedBy '/Game/ThirdPersonCPP/Maps/ThirdPersonExampleMap.ThirdPersonExampleMap:PersistentLevel.ThirdPersonExampleMap'
[2018.06.28-22.53.53:682][993]LogBlueprintUserMessages: [Use_Spell_1_C_0] Hello
[2018.06.28-22.54.46:765][360]LogBlueprintUserMessages: Early EndPlayMap Detection: Level '/Game/ThirdPersonCPP/Maps/ThirdPersonExampleMap.ThirdPersonExampleMap:PersistentLevel' has LevelScriptBlueprint '/Game/ThirdPersonCPP/Maps/ThirdPersonExampleMap.ThirdPersonExampleMap:PersistentLevel.ThirdPersonExampleMap' with GeneratedClass '/Game/ThirdPersonCPP/Maps/ThirdPersonExampleMap.ThirdPersonExampleMap_C' with ClassGeneratedBy '/Game/ThirdPersonCPP/Maps/ThirdPersonExampleMap.ThirdPersonExampleMap:PersistentLevel.ThirdPersonExampleMap'
[2018.06.28-22.54.46:800][360]LogBlueprintUserMessages: Late EndPlayMap Detection: Level '/Game/ThirdPersonCPP/Maps/ThirdPersonExampleMap.ThirdPersonExampleMap:PersistentLevel' has LevelScriptBlueprint '/Game/ThirdPersonCPP/Maps/ThirdPersonExampleMap.ThirdPersonExampleMap:PersistentLevel.ThirdPersonExampleMap' with GeneratedClass '/Game/ThirdPersonCPP/Maps/ThirdPersonExampleMap.ThirdPersonExampleMap_C' with ClassGeneratedBy '/Game/ThirdPersonCPP/Maps/ThirdPersonExampleMap.ThirdPersonExampleMap:PersistentLevel.ThirdPersonExampleMap'
