Log file open, 06/26/18 11:41:05
LogWindows: Failed to load 'aqProf.dll' (GetLastError=126)
LogWindows: File 'aqProf.dll' does not exist
LogWindows: Failed to load 'VtuneApi.dll' (GetLastError=126)
LogWindows: File 'VtuneApi.dll' does not exist
LogWindows: Failed to load 'VtuneApi32e.dll' (GetLastError=126)
LogWindows: File 'VtuneApi32e.dll' does not exist
LogInit: Display: Running engine for game: APatheticGame
LogPlatformFile: Not using cached read wrapper
LogInit: Display: RandInit(-1471702739) SRandInit(-1471702738).
LogInit: Read version file with build ID '3944462'
LogInit: Overriding engine version to CL 4033788, compatible CL 3944462
LogInit: Registered custom module enumerator with build ID '3944462'
LogTaskGraph: Started task graph with 5 named threads and 14 total threads with 3 sets of task threads.
LogStats: Stats thread started at 0.160609
LogD3D11RHI: Aftermath initialized
LogICUInternationalization: Display: ICU TimeZone Detection - Raw Offset: -5:00, Platform Override: ''
LogPluginManager: Mounting plugin Paper2D
LogPluginManager: Mounting plugin LiveLink
LogPluginManager: Mounting plugin LightPropagationVolume
LogPluginManager: Mounting plugin CLionSourceCodeAccess
LogPluginManager: Mounting plugin CodeLiteSourceCodeAccess
LogPluginManager: Mounting plugin GitSourceControl
LogPluginManager: Mounting plugin KDevelopSourceCodeAccess
LogPluginManager: Mounting plugin NullSourceCodeAccess
LogPluginManager: Mounting plugin PerforceSourceControl
LogPluginManager: Mounting plugin SubversionSourceControl
LogPluginManager: Mounting plugin UObjectPlugin
LogPluginManager: Mounting plugin VisualStudioCodeSourceCodeAccess
LogPluginManager: Mounting plugin VisualStudioSourceCodeAccess
LogPluginManager: Mounting plugin XCodeSourceCodeAccess
LogPluginManager: Mounting plugin AssetManagerEditor
LogPluginManager: Mounting plugin CryptoKeys
LogPluginManager: Mounting plugin DataValidation
LogPluginManager: Mounting plugin FacialAnimation
LogPluginManager: Mounting plugin GameplayTagsEditor
LogPluginManager: Mounting plugin MobileLauncherProfileWizard
LogPluginManager: Mounting plugin PluginBrowser
LogPluginManager: Mounting plugin SpeedTreeImporter
LogPluginManager: Mounting plugin DatasmithContent
LogPluginManager: Mounting plugin AlembicImporter
LogPluginManager: Mounting plugin CharacterAI
LogPluginManager: Mounting plugin HTML5Networking
LogPluginManager: Mounting plugin AndroidMedia
LogPluginManager: Mounting plugin AvfMedia
LogPluginManager: Mounting plugin ImgMedia
LogPluginManager: Mounting plugin LinearTimecode
LogPluginManager: Mounting plugin MediaCompositing
LogPluginManager: Mounting plugin MediaPlayerEditor
LogPluginManager: Mounting plugin WmfMedia
LogPluginManager: Mounting plugin TcpMessaging
LogPluginManager: Mounting plugin UdpMessaging
LogPluginManager: Mounting plugin ActorSequence
LogPluginManager: Mounting plugin LevelSequenceEditor
LogPluginManager: Mounting plugin MatineeToLevelSequence
LogPluginManager: Mounting plugin NetcodeUnitTest
LogPluginManager: Mounting plugin NUTUnrealEngine4
LogPluginManager: Mounting plugin OnlineSubsystemGooglePlay
LogPluginManager: Mounting plugin OnlineSubsystemIOS
LogPluginManager: Mounting plugin OnlineSubsystem
LogPluginManager: Mounting plugin OnlineSubsystemNull
LogPluginManager: Mounting plugin OnlineSubsystemUtils
LogPluginManager: Mounting plugin AndroidDeviceProfileSelector
LogPluginManager: Mounting plugin AndroidMoviePlayer
LogPluginManager: Mounting plugin AndroidPermission
LogPluginManager: Mounting plugin AppleARKit
LogPluginManager: Mounting plugin AppleMoviePlayer
LogPluginManager: Mounting plugin ArchVisCharacter
LogPluginManager: Mounting plugin AudioCapture
LogPluginManager: Mounting plugin CableComponent
LogPluginManager: Mounting plugin CustomMeshComponent
LogPluginManager: Mounting plugin ExampleDeviceProfileSelector
LogPluginManager: Mounting plugin GameplayAbilities
LogPluginManager: Mounting plugin GoogleCloudMessaging
LogPluginManager: Mounting plugin ImmediatePhysics
LogPluginManager: Mounting plugin IOSDeviceProfileSelector
LogPluginManager: Mounting plugin LinuxDeviceProfileSelector
LogPluginManager: Mounting plugin LocationServicesBPLibrary
LogPluginManager: Mounting plugin MobilePatchingUtils
LogPluginManager: Mounting plugin OculusVR
LogPluginManager: Plugin shader directory ../../../Engine/Plugins/Runtime/Oculus/OculusVR/Shaders found
LogPluginManager: Mapping shader source directory ../../../Engine/Plugins/Runtime/Oculus/OculusVR/Shaders to virtual directory /Plugin/OculusVR
LogPluginManager: Mounting plugin PhysXVehicles
LogPluginManager: Mounting plugin ProceduralMeshComponent
LogPluginManager: Mounting plugin RuntimePhysXCooking
LogPluginManager: Mounting plugin SteamVR
LogPluginManager: Mounting plugin WindowsMoviePlayer
LogStreaming: Display: Took  0.329s to configure plugins.
LogModuleManager: Display: Found up-to-date module file ../../../../../../Users/DasSKander/Documents/Unreal Projects/APatheticGame3/Binaries/Win64/UE4Editor-APatheticGame-2377.dll (API version 3944462).
LogModuleManager: Display: Found up-to-date module file ../../../Engine/Plugins/2D/Paper2D/Binaries/Win64/UE4Editor-Paper2D.dll (API version 3944462).
LogModuleManager: Display: Found up-to-date module file ../../../Engine/Plugins/2D/Paper2D/Binaries/Win64/UE4Editor-Paper2DEditor.dll (API version 3944462).
LogModuleManager: Display: Found up-to-date module file ../../../Engine/Plugins/2D/Paper2D/Binaries/Win64/UE4Editor-PaperSpriteSheetImporter.dll (API version 3944462).
LogModuleManager: Display: Found up-to-date module file ../../../Engine/Plugins/2D/Paper2D/Binaries/Win64/UE4Editor-PaperTiledImporter.dll (API version 3944462).
LogModuleManager: Display: Found up-to-date module file ../../../Engine/Plugins/2D/Paper2D/Binaries/Win64/UE4Editor-SmartSnapping.dll (API version 3944462).
LogModuleManager: Display: Found up-to-date module file ../../../Engine/Plugins/Animation/LiveLink/Binaries/Win64/UE4Editor-LiveLink.dll (API version 3944462).
LogModuleManager: Display: Found up-to-date module file ../../../Engine/Plugins/Animation/LiveLink/Binaries/Win64/UE4Editor-LiveLinkEditor.dll (API version 3944462).
LogModuleManager: Display: Found up-to-date module file ../../../Engine/Plugins/Blendables/LightPropagationVolume/Binaries/Win64/UE4Editor-LightPropagationVolumeRuntime.dll (API version 3944462).
LogModuleManager: Display: Found up-to-date module file ../../../Engine/Plugins/Blendables/LightPropagationVolume/Binaries/Win64/UE4Editor-LightPropagationVolumeEditor.dll (API version 3944462).
LogModuleManager: Display: Found up-to-date module file ../../../Engine/Plugins/Developer/CLionSourceCodeAccess/Binaries/Win64/UE4Editor-CLionSourceCodeAccess.dll (API version 3944462).
LogModuleManager: Display: Found up-to-date module file ../../../Engine/Plugins/Developer/GitSourceControl/Binaries/Win64/UE4Editor-GitSourceControl.dll (API version 3944462).
LogModuleManager: Display: Found up-to-date module file ../../../Engine/Plugins/Developer/PerforceSourceControl/Binaries/Win64/UE4Editor-PerforceSourceControl.dll (API version 3944462).
LogModuleManager: Display: Found up-to-date module file ../../../Engine/Plugins/Developer/SubversionSourceControl/Binaries/Win64/UE4Editor-SubversionSourceControl.dll (API version 3944462).
LogModuleManager: Display: Found up-to-date module file ../../../Engine/Plugins/Developer/UObjectPlugin/Binaries/Win64/UE4Editor-UObjectPlugin.dll (API version 3944462).
LogModuleManager: Display: Found up-to-date module file ../../../Engine/Plugins/Developer/VisualStudioCodeSourceCodeAccess/Binaries/Win64/UE4Editor-VisualStudioCodeSourceCodeAccess.dll (API version 3944462).
LogModuleManager: Display: Found up-to-date module file ../../../Engine/Plugins/Developer/VisualStudioSourceCodeAccess/Binaries/Win64/UE4Editor-VisualStudioSourceCodeAccess.dll (API version 3944462).
LogModuleManager: Display: Found up-to-date module file ../../../Engine/Plugins/Editor/AssetManagerEditor/Binaries/Win64/UE4Editor-AssetManagerEditor.dll (API version 3944462).
LogModuleManager: Display: Found up-to-date module file ../../../Engine/Plugins/Editor/CryptoKeys/Binaries/Win64/UE4Editor-CryptoKeys.dll (API version 3944462).
LogModuleManager: Display: Found up-to-date module file ../../../Engine/Plugins/Editor/CryptoKeys/Binaries/Win64/UE4Editor-CryptoKeysOpenSSL.dll (API version 3944462).
LogModuleManager: Display: Found up-to-date module file ../../../Engine/Plugins/Editor/DataValidation/Binaries/Win64/UE4Editor-DataValidation.dll (API version 3944462).
LogModuleManager: Display: Found up-to-date module file ../../../Engine/Plugins/Editor/FacialAnimation/Binaries/Win64/UE4Editor-FacialAnimation.dll (API version 3944462).
LogModuleManager: Display: Found up-to-date module file ../../../Engine/Plugins/Editor/FacialAnimation/Binaries/Win64/UE4Editor-FacialAnimationEditor.dll (API version 3944462).
LogModuleManager: Display: Found up-to-date module file ../../../Engine/Plugins/Editor/GameplayTagsEditor/Binaries/Win64/UE4Editor-GameplayTagsEditor.dll (API version 3944462).
LogModuleManager: Display: Found up-to-date module file ../../../Engine/Plugins/Editor/MobileLauncherProfileWizard/Binaries/Win64/UE4Editor-MobileLauncherProfileWizard.dll (API version 3944462).
LogModuleManager: Display: Found up-to-date module file ../../../Engine/Plugins/Editor/PluginBrowser/Binaries/Win64/UE4Editor-PluginBrowser.dll (API version 3944462).
LogModuleManager: Display: Found up-to-date module file ../../../Engine/Plugins/Editor/SpeedTreeImporter/Binaries/Win64/UE4Editor-SpeedTreeImporter.dll (API version 3944462).
LogModuleManager: Display: Found up-to-date module file ../../../Engine/Plugins/Enterprise/DatasmithContent/Binaries/Win64/UE4Editor-DatasmithContent.dll (API version 3944462).
LogModuleManager: Display: Found up-to-date module file ../../../Engine/Plugins/Experimental/AlembicImporter/Binaries/Win64/UE4Editor-AlembicImporter.dll (API version 3944462).
LogModuleManager: Display: Found up-to-date module file ../../../Engine/Plugins/Experimental/AlembicImporter/Binaries/Win64/UE4Editor-AlembicLibrary.dll (API version 3944462).
LogModuleManager: Display: Found up-to-date module file ../../../Engine/Plugins/Experimental/CharacterAI/Binaries/Win64/UE4Editor-CharacterAI.dll (API version 3944462).
LogModuleManager: Display: Found up-to-date module file ../../../Engine/Plugins/Experimental/HTML5Networking/Binaries/Win64/UE4Editor-HTML5Networking.dll (API version 3944462).
LogModuleManager: Display: Found up-to-date module file ../../../Engine/Plugins/Media/AndroidMedia/Binaries/Win64/UE4Editor-AndroidMediaEditor.dll (API version 3944462).
LogModuleManager: Display: Found up-to-date module file ../../../Engine/Plugins/Media/AndroidMedia/Binaries/Win64/UE4Editor-AndroidMediaFactory.dll (API version 3944462).
LogModuleManager: Display: Found up-to-date module file ../../../Engine/Plugins/Media/AvfMedia/Binaries/Win64/UE4Editor-AvfMediaEditor.dll (API version 3944462).
LogModuleManager: Display: Found up-to-date module file ../../../Engine/Plugins/Media/AvfMedia/Binaries/Win64/UE4Editor-AvfMediaFactory.dll (API version 3944462).
LogModuleManager: Display: Found up-to-date module file ../../../Engine/Plugins/Media/AvfMedia/Binaries/Win64/UE4Editor-AvfMediaFactory.dll (API version 3944462).
LogModuleManager: Display: Found up-to-date module file ../../../Engine/Plugins/Media/ImgMedia/Binaries/Win64/UE4Editor-ImgMedia.dll (API version 3944462).
LogModuleManager: Display: Found up-to-date module file ../../../Engine/Plugins/Media/ImgMedia/Binaries/Win64/UE4Editor-ImgMediaEditor.dll (API version 3944462).
LogModuleManager: Display: Found up-to-date module file ../../../Engine/Plugins/Media/ImgMedia/Binaries/Win64/UE4Editor-ImgMediaFactory.dll (API version 3944462).
LogModuleManager: Display: Found up-to-date module file ../../../Engine/Plugins/Media/ImgMedia/Binaries/Win64/UE4Editor-ImgMediaFactory.dll (API version 3944462).
LogModuleManager: Display: Found up-to-date module file ../../../Engine/Plugins/Media/ImgMedia/Binaries/Win64/UE4Editor-OpenExrWrapper.dll (API version 3944462).
LogModuleManager: Display: Found up-to-date module file ../../../Engine/Plugins/Media/LinearTimecode/Binaries/Win64/UE4Editor-LinearTimecode.dll (API version 3944462).
LogModuleManager: Display: Found up-to-date module file ../../../Engine/Plugins/Media/MediaCompositing/Binaries/Win64/UE4Editor-MediaCompositing.dll (API version 3944462).
LogModuleManager: Display: Found up-to-date module file ../../../Engine/Plugins/Media/MediaCompositing/Binaries/Win64/UE4Editor-MediaCompositingEditor.dll (API version 3944462).
LogModuleManager: Display: Found up-to-date module file ../../../Engine/Plugins/Media/MediaPlayerEditor/Binaries/Win64/UE4Editor-MediaPlayerEditor.dll (API version 3944462).
LogModuleManager: Display: Found up-to-date module file ../../../Engine/Plugins/Media/WmfMedia/Binaries/Win64/UE4Editor-WmfMedia.dll (API version 3944462).
LogModuleManager: Display: Found up-to-date module file ../../../Engine/Plugins/Media/WmfMedia/Binaries/Win64/UE4Editor-WmfMediaEditor.dll (API version 3944462).
LogModuleManager: Display: Found up-to-date module file ../../../Engine/Plugins/Media/WmfMedia/Binaries/Win64/UE4Editor-WmfMediaFactory.dll (API version 3944462).
LogModuleManager: Display: Found up-to-date module file ../../../Engine/Plugins/Media/WmfMedia/Binaries/Win64/UE4Editor-WmfMediaFactory.dll (API version 3944462).
LogModuleManager: Display: Found up-to-date module file ../../../Engine/Plugins/Messaging/TcpMessaging/Binaries/Win64/UE4Editor-TcpMessaging.dll (API version 3944462).
LogModuleManager: Display: Found up-to-date module file ../../../Engine/Plugins/Messaging/UdpMessaging/Binaries/Win64/UE4Editor-UdpMessaging.dll (API version 3944462).
LogModuleManager: Display: Found up-to-date module file ../../../Engine/Plugins/MovieScene/ActorSequence/Binaries/Win64/UE4Editor-ActorSequence.dll (API version 3944462).
LogModuleManager: Display: Found up-to-date module file ../../../Engine/Plugins/MovieScene/LevelSequenceEditor/Binaries/Win64/UE4Editor-LevelSequenceEditor.dll (API version 3944462).
LogModuleManager: Display: Found up-to-date module file ../../../Engine/Plugins/MovieScene/MatineeToLevelSequence/Binaries/Win64/UE4Editor-MatineeToLevelSequence.dll (API version 3944462).
LogModuleManager: Display: Found up-to-date module file ../../../Engine/Plugins/NetcodeUnitTest/NetcodeUnitTest/Binaries/Win64/UE4Editor-NetcodeUnitTest.dll (API version 3944462).
LogModuleManager: Display: Found up-to-date module file ../../../Engine/Plugins/NetcodeUnitTest/NUTUnrealEngine4/Binaries/Win64/UE4Editor-NUTUnrealEngine4.dll (API version 3944462).
LogModuleManager: Display: Found up-to-date module file ../../../Engine/Plugins/Online/OnlineSubsystem/Binaries/Win64/UE4Editor-OnlineSubsystem.dll (API version 3944462).
LogModuleManager: Display: Found up-to-date module file ../../../Engine/Plugins/Online/OnlineSubsystemNull/Binaries/Win64/UE4Editor-OnlineSubsystemNull.dll (API version 3944462).
LogModuleManager: Display: Found up-to-date module file ../../../Engine/Plugins/Online/OnlineSubsystemUtils/Binaries/Win64/UE4Editor-OnlineSubsystemUtils.dll (API version 3944462).
LogModuleManager: Display: Found up-to-date module file ../../../Engine/Plugins/Online/OnlineSubsystemUtils/Binaries/Win64/UE4Editor-OnlineBlueprintSupport.dll (API version 3944462).
LogModuleManager: Display: Found up-to-date module file ../../../Engine/Plugins/Runtime/AndroidDeviceProfileSelector/Binaries/Win64/UE4Editor-AndroidDeviceProfileSelector.dll (API version 3944462).
LogModuleManager: Display: Found up-to-date module file ../../../Engine/Plugins/Runtime/AndroidPermission/Binaries/Win64/UE4Editor-AndroidPermission.dll (API version 3944462).
LogModuleManager: Display: Found up-to-date module file ../../../Engine/Plugins/Runtime/AppleARKit/Binaries/Win64/UE4Editor-AppleARKit.dll (API version 3944462).
LogModuleManager: Display: Found up-to-date module file ../../../Engine/Plugins/Runtime/ArchVisCharacter/Binaries/Win64/UE4Editor-ArchVisCharacter.dll (API version 3944462).
LogModuleManager: Display: Found up-to-date module file ../../../Engine/Plugins/Runtime/AudioCapture/Binaries/Win64/UE4Editor-AudioCapture.dll (API version 3944462).
LogModuleManager: Display: Found up-to-date module file ../../../Engine/Plugins/Runtime/AudioCapture/Binaries/Win64/UE4Editor-AudioCaptureEditor.dll (API version 3944462).
LogModuleManager: Display: Found up-to-date module file ../../../Engine/Plugins/Runtime/CableComponent/Binaries/Win64/UE4Editor-CableComponent.dll (API version 3944462).
LogModuleManager: Display: Found up-to-date module file ../../../Engine/Plugins/Runtime/CustomMeshComponent/Binaries/Win64/UE4Editor-CustomMeshComponent.dll (API version 3944462).
LogModuleManager: Display: Found up-to-date module file ../../../Engine/Plugins/Runtime/ExampleDeviceProfileSelector/Binaries/Win64/UE4Editor-ExampleDeviceProfileSelector.dll (API version 3944462).
LogModuleManager: Display: Found up-to-date module file ../../../Engine/Plugins/Runtime/GameplayAbilities/Binaries/Win64/UE4Editor-GameplayAbilities.dll (API version 3944462).
LogModuleManager: Display: Found up-to-date module file ../../../Engine/Plugins/Runtime/GameplayAbilities/Binaries/Win64/UE4Editor-GameplayAbilitiesEditor.dll (API version 3944462).
LogModuleManager: Display: Found up-to-date module file ../../../Engine/Plugins/Runtime/ImmediatePhysics/Binaries/Win64/UE4Editor-ImmediatePhysics.dll (API version 3944462).
LogModuleManager: Display: Found up-to-date module file ../../../Engine/Plugins/Runtime/ImmediatePhysics/Binaries/Win64/UE4Editor-ImmediatePhysicsEditor.dll (API version 3944462).
LogModuleManager: Display: Found up-to-date module file ../../../Engine/Plugins/Runtime/LocationServicesBPLibrary/Binaries/Win64/UE4Editor-LocationServicesBPLibrary.dll (API version 3944462).
LogModuleManager: Display: Found up-to-date module file ../../../Engine/Plugins/Runtime/MobilePatchingUtils/Binaries/Win64/UE4Editor-MobilePatchingUtils.dll (API version 3944462).
LogModuleManager: Display: Found up-to-date module file ../../../Engine/Plugins/Runtime/Oculus/OculusVR/Binaries/Win64/UE4Editor-OculusHMD.dll (API version 3944462).
LogModuleManager: Display: Found up-to-date module file ../../../Engine/Plugins/Runtime/Oculus/OculusVR/Binaries/Win64/UE4Editor-OculusInput.dll (API version 3944462).
LogModuleManager: Display: Found up-to-date module file ../../../Engine/Plugins/Runtime/Oculus/OculusVR/Binaries/Win64/UE4Editor-OculusEditor.dll (API version 3944462).
LogModuleManager: Display: Found up-to-date module file ../../../Engine/Plugins/Runtime/PhysXVehicles/Binaries/Win64/UE4Editor-PhysXVehicles.dll (API version 3944462).
LogModuleManager: Display: Found up-to-date module file ../../../Engine/Plugins/Runtime/PhysXVehicles/Binaries/Win64/UE4Editor-PhysXVehiclesEditor.dll (API version 3944462).
LogModuleManager: Display: Found up-to-date module file ../../../Engine/Plugins/Runtime/ProceduralMeshComponent/Binaries/Win64/UE4Editor-ProceduralMeshComponent.dll (API version 3944462).
LogModuleManager: Display: Found up-to-date module file ../../../Engine/Plugins/Runtime/ProceduralMeshComponent/Binaries/Win64/UE4Editor-ProceduralMeshComponentEditor.dll (API version 3944462).
LogModuleManager: Display: Found up-to-date module file ../../../Engine/Plugins/Runtime/RuntimePhysXCooking/Binaries/Win64/UE4Editor-RuntimePhysXCooking.dll (API version 3944462).
LogModuleManager: Display: Found up-to-date module file ../../../Engine/Plugins/Runtime/Steam/SteamVR/Binaries/Win64/UE4Editor-SteamVR.dll (API version 3944462).
LogModuleManager: Display: Found up-to-date module file ../../../Engine/Plugins/Runtime/Steam/SteamVR/Binaries/Win64/UE4Editor-SteamVRController.dll (API version 3944462).
LogModuleManager: Display: Found up-to-date module file ../../../Engine/Plugins/Runtime/WindowsMoviePlayer/Binaries/Win64/UE4Editor-WindowsMoviePlayer.dll (API version 3944462).
LogInit: Using libcurl 7.47.1
LogInit:  - built for x86_64-pc-win32
LogInit:  - supports SSL with OpenSSL/1.0.2g
LogInit:  - supports HTTP deflate (compression) using libz 1.2.8
LogInit:  - other features:
LogInit:      CURL_VERSION_SSL
LogInit:      CURL_VERSION_LIBZ
LogInit:      CURL_VERSION_IPV6
LogInit:      CURL_VERSION_ASYNCHDNS
LogInit:      CURL_VERSION_LARGEFILE
LogInit:      CURL_VERSION_IDN
LogInit:  CurlRequestOptions (configurable via config and command line):
LogInit:  - bVerifyPeer = false  - Libcurl will NOT verify peer certificate
LogInit:  - bUseHttpProxy = false  - Libcurl will NOT use HTTP proxy
LogInit:  - bDontReuseConnections = false  - Libcurl will reuse connections
LogInit:  - CertBundlePath = nullptr  - Libcurl will use whatever was configured at build time.
LogInit:  - MaxHostConnections = 16  - Libcurl will limit the number of connections to a host
LogInit:  - LocalHostAddr = Default
LogInit: WinSock: version 1.1 (2.2), MaxSocks=32767, MaxUdp=65467
LogInit: WinSock: I am Slasser (192.168.0.7:0)
LogInit: Build: ++UE4+Release-4.19-CL-4033788
LogInit: Engine Version: 4.19.2-4033788+++UE4+Release-4.19
LogInit: Compatible Engine Version: 4.19.0-3944462+++UE4+Release-4.19
LogInit: Net CL: 3944462
LogDevObjectVersion: Number of dev versions registered: 18
LogDevObjectVersion:   Dev-Blueprints (B0D832E4-1F89-4F0D-ACCF-7EB736FD4AA2): 10
LogDevObjectVersion:   Dev-Build (E1C64328-A22C-4D53-A36C-8E866417BD8C): 0
LogDevObjectVersion:   Dev-Core (375EC13C-06E4-48FB-B500-84F0262A717E): 2
LogDevObjectVersion:   Dev-Editor (E4B068ED-F494-42E9-A231-DA0B2E46BB41): 23
LogDevObjectVersion:   Dev-Framework (CFFC743F-43B0-4480-9391-14DF171D2073): 33
LogDevObjectVersion:   Dev-Mobile (B02B49B5-BB20-44E9-A304-32B752E40360): 2
LogDevObjectVersion:   Dev-Networking (A4E4105C-59A1-49B5-A7C5-40C4547EDFEE): 0
LogDevObjectVersion:   Dev-Online (39C831C9-5AE6-47DC-9A44-9C173E1C8E7C): 0
LogDevObjectVersion:   Dev-Physics (78F01B33-EBEA-4F98-B9B4-84EACCB95AA2): 0
LogDevObjectVersion:   Dev-Platform (6631380F-2D4D-43E0-8009-CF276956A95A): 0
LogDevObjectVersion:   Dev-Rendering (12F88B9F-8875-4AFC-A67C-D90C383ABD29): 25
LogDevObjectVersion:   Dev-Sequencer (7B5AE74C-D270-4C10-A958-57980B212A5A): 6
LogDevObjectVersion:   Dev-VR (D7296918-1DD6-4BDD-9DE2-64A83CC13884): 1
LogDevObjectVersion:   Dev-LoadTimes (C2A15278-BFE7-4AFE-6C17-90FF531DF755): 1
LogDevObjectVersion:   Private-Geometry (6EACA3D4-40EC-4CC1-B786-8BED09428FC5): 2
LogDevObjectVersion:   Dev-AnimPhys (29E575DD-E0A3-4627-9D10-D276232CDCEA): 16
LogDevObjectVersion:   Dev-ReflectionCapture (6B266CEC-1EC7-4B8F-A30B-E4D90942FC07): 1
LogDevObjectVersion:   Dev-Automation (0DF73D61-A23F-47EA-B727-89E90C41499A): 1
LogInit: Compiled (64-bit): Apr 27 2018 02:06:57
LogInit: Compiled with Visual C++: 19.00.24215.01
LogInit: Build Configuration: Development
LogInit: Branch Name: ++UE4+Release-4.19
LogInit: Command Line: -EpicPortal 
LogInit: Base Directory: C:/Program Files/Epic Games/UE_4.19/Engine/Binaries/Win64/
LogInit: Installed Engine Build: 1
LogStreaming: Display: Took  0.067s to delete old logs.
LogInit: Presizing for max 8388607 objects, including 0 objects not considered by GC, pre-allocating 0 bytes for permanent pool.
LogInit: Object subsystem initialized
[2018.06.26-15.41.07:604][  0]LogInit: Selected Device Profile: [Windows]
[2018.06.26-15.41.07:604][  0]LogInit: Applying CVar settings loaded from the selected device profile: [Windows]
[2018.06.26-15.41.07:643][  0]LogInit: Computer: SLASSER
[2018.06.26-15.41.07:643][  0]LogInit: User: DasSKander
[2018.06.26-15.41.07:643][  0]LogInit: CPU Page size=4096, Cores=4
[2018.06.26-15.41.07:643][  0]LogInit: High frequency timer resolution =3.421953 MHz
[2018.06.26-15.41.07:643][  0]LogMemory: Memory total: Physical=16.0GB (16GB approx)
[2018.06.26-15.41.07:643][  0]LogMemory: Platform Memory Stats for Windows
[2018.06.26-15.41.07:643][  0]LogMemory: Process Physical Memory: 276.67 MB used, 276.67 MB peak
[2018.06.26-15.41.07:643][  0]LogMemory: Process Virtual Memory: 277.78 MB used, 277.78 MB peak
[2018.06.26-15.41.07:643][  0]LogMemory: Physical Memory: 7110.68 MB used,  9231.38 MB free, 16342.06 MB total
[2018.06.26-15.41.07:643][  0]LogMemory: Virtual Memory: 643.74 MB used,  9231.38 MB free, 8388608.00 MB total
[2018.06.26-15.41.07:667][  0]LogInit: Using OS detected language (en-US).
[2018.06.26-15.41.07:667][  0]LogInit: Using OS detected locale (en-US).
[2018.06.26-15.41.07:670][  0]LogTextLocalizationManager: No specific localization for 'en-US' exists, so the 'en' localization will be used.
[2018.06.26-15.41.08:060][  0]LogStreaming: Display: Took  0.393s to EndInitTextLocalization.
[2018.06.26-15.41.08:061][  0]LogWindows: Failed to load 'shcore.dll' (GetLastError=126)
[2018.06.26-15.41.08:061][  0]LogWindows: File 'shcore.dll' does not exist
[2018.06.26-15.41.08:061][  0]LogInit: Setting process to DPI aware
[2018.06.26-15.41.08:065][  0]LogWindows: Failed to load 'shcore.dll' (GetLastError=126)
[2018.06.26-15.41.08:065][  0]LogWindows: File 'shcore.dll' does not exist
[2018.06.26-15.41.08:065][  0]LogInit: Setting process to DPI aware
[2018.06.26-15.41.08:090][  0]LogSlate: New Slate User Created.  User Index 0, Is Virtual User: 0
[2018.06.26-15.41.08:090][  0]LogSlate: Slate User Registered.  User Index 0, Is Virtual User: 0
[2018.06.26-15.41.08:277][  0]LogD3D11RHI: D3D11 adapters:
[2018.06.26-15.41.08:302][  0]LogD3D11RHI:    0. 'NVIDIA GeForce GTX 1070' (Feature Level 11_0)
[2018.06.26-15.41.08:302][  0]LogD3D11RHI:       8085/0/7915 MB DedicatedVideo/DedicatedSystem/SharedSystem, Outputs:2, VendorId:0x10de
[2018.06.26-15.41.08:302][  0]LogD3D11RHI: Chosen D3D11 Adapter: 0
[2018.06.26-15.41.08:306][  0]LogD3D11RHI: Creating new Direct3DDevice
[2018.06.26-15.41.08:306][  0]LogD3D11RHI:     GPU DeviceId: 0x1b81 (for the marketing name, search the web for "GPU Device Id")
[2018.06.26-15.41.08:306][  0]LogWindows: EnumDisplayDevices:
[2018.06.26-15.41.08:306][  0]LogWindows:    0. 'NVIDIA GeForce GTX 1070' (P:0 D:1)
[2018.06.26-15.41.08:307][  0]LogWindows:    1. 'NVIDIA GeForce GTX 1070' (P:1 D:1)
[2018.06.26-15.41.08:307][  0]LogWindows:    2. 'NVIDIA GeForce GTX 1070' (P:0 D:0)
[2018.06.26-15.41.08:307][  0]LogWindows:    3. 'NVIDIA GeForce GTX 1070' (P:0 D:0)
[2018.06.26-15.41.08:307][  0]LogWindows:    4. 'RDPDD Chained DD' (P:0 D:0)
[2018.06.26-15.41.08:307][  0]LogWindows:    5. 'RDP Encoder Mirror Driver' (P:0 D:0)
[2018.06.26-15.41.08:307][  0]LogWindows:    6. 'RDP Reflector Display Driver' (P:0 D:0)
[2018.06.26-15.41.08:307][  0]LogWindows: DebugString: GetVideoDriverDetailsInvalid PrimaryIsNotTheChoosenAdapter GetVideoDriverDetailsInvalid PrimaryIsNotTheChoosenAdapter GetVideoDriverDetailsInvalid PrimaryIsNotTheChoosenAdapter FoundDriverCount:4 
[2018.06.26-15.41.08:307][  0]LogD3D11RHI:     Adapter Name: NVIDIA GeForce GTX 1070
[2018.06.26-15.41.08:307][  0]LogD3D11RHI:   Driver Version: 388.71 (internal:23.21.13.8871, unified:388.71)
[2018.06.26-15.41.08:307][  0]LogD3D11RHI:      Driver Date: 12-15-2017
[2018.06.26-15.41.08:307][  0]LogRHI: Texture pool is 5659 MB (70% of 8085 MB)
[2018.06.26-15.41.08:317][  0]LogD3D11RHI: [Aftermath] Aftermath enabled and primed
[2018.06.26-15.41.08:317][  0]LogD3D11RHI: [Aftermath] Aftermath enabled and primed
[2018.06.26-15.41.08:317][  0]LogD3D11RHI: Async texture creation enabled
[2018.06.26-15.41.08:331][  0]LogD3D11RHI: GPU Timing Frequency: 1000.000000 (Debug: 2 2)
[2018.06.26-15.41.08:378][  0]LogShaderCompilers: Guid format shader working directory is -25 characters bigger than the processId version (../../../../../../Users/DasSKander/Documents/Unreal Projects/APatheticGame3/Intermediate/Shaders/WorkingDirectory/10328/).
[2018.06.26-15.41.08:378][  0]LogShaderCompilers: Cleaned the shader compiler working directory 'C:/Users/DasSKander/AppData/Local/Temp/UnrealShaderWorkingDir/5D2928164B4A671D39B2C0B48294702B/'.
[2018.06.26-15.41.08:761][  0]LogTemp: Display: Loaded TP AllDesktopTargetPlatform
[2018.06.26-15.41.08:774][  0]LogTemp: Display: Loaded TP MacClientTargetPlatform
[2018.06.26-15.41.08:786][  0]LogTemp: Display: Loaded TP MacNoEditorTargetPlatform
[2018.06.26-15.41.08:799][  0]LogTemp: Display: Loaded TP MacServerTargetPlatform
[2018.06.26-15.41.08:812][  0]LogTemp: Display: Loaded TP MacTargetPlatform
[2018.06.26-15.41.08:826][  0]LogTemp: Display: Loaded TP WindowsClientTargetPlatform
[2018.06.26-15.41.08:839][  0]LogTemp: Display: Loaded TP WindowsNoEditorTargetPlatform
[2018.06.26-15.41.08:852][  0]LogTemp: Display: Loaded TP WindowsServerTargetPlatform
[2018.06.26-15.41.08:858][  0]LogTemp: Display: Loaded TP WindowsTargetPlatform
[2018.06.26-15.41.08:870][  0]LogTemp: Display: Loaded TP Android_ASTCTargetPlatform
[2018.06.26-15.41.08:881][  0]LogTemp: Display: Loaded TP Android_ATCTargetPlatform
[2018.06.26-15.41.08:893][  0]LogTemp: Display: Loaded TP Android_DXTTargetPlatform
[2018.06.26-15.41.08:905][  0]LogTemp: Display: Loaded TP Android_ETC1aTargetPlatform
[2018.06.26-15.41.08:916][  0]LogTemp: Display: Loaded TP Android_ETC1TargetPlatform
[2018.06.26-15.41.08:927][  0]LogTemp: Display: Loaded TP Android_ETC2TargetPlatform
[2018.06.26-15.41.08:951][  0]LogTemp: Display: Loaded TP Android_MultiTargetPlatform
[2018.06.26-15.41.08:951][  0]LogTemp: Display: Loaded TP Android_PVRTCTargetPlatform
[2018.06.26-15.41.08:963][  0]LogTemp: Display: Loaded TP AndroidTargetPlatform
[2018.06.26-15.41.08:964][  0]LogTemp: Display: Loaded TP HTML5TargetPlatform
[2018.06.26-15.41.08:998][  0]LogTemp: Display: Loaded TP IOSTargetPlatform
[2018.06.26-15.41.09:009][  0]LogTemp: Display: Loaded TP TVOSTargetPlatform
[2018.06.26-15.41.09:020][  0]LogTemp: Display: Loaded TP LinuxClientTargetPlatform
[2018.06.26-15.41.09:031][  0]LogTemp: Display: Loaded TP LinuxNoEditorTargetPlatform
[2018.06.26-15.41.09:043][  0]LogTemp: Display: Loaded TP LinuxServerTargetPlatform
[2018.06.26-15.41.09:055][  0]LogTemp: Display: Loaded TP LinuxTargetPlatform
[2018.06.26-15.41.09:055][  0]LogTargetPlatformManager: Display: Building Assets For Windows
[2018.06.26-15.41.09:157][  0]LogXGEController: Cannot use XGE Controller as Incredibuild is not installed on this machine.
[2018.06.26-15.41.09:157][  0]LogShaderCompilers: Cannot use XGE Shader Compiler as Incredibuild is not installed on this machine.
[2018.06.26-15.41.09:157][  0]LogShaderCompilers: Display: Using Local Shader Compiler.
[2018.06.26-15.41.09:806][  0]LogDerivedDataCache: Display: Max Cache Size: 512 MB
[2018.06.26-15.41.09:889][  0]LogDerivedDataCache: Loaded boot cache 0.08s 77MB C:/Users/DasSKander/AppData/Local/UnrealEngine/4.19/DerivedDataCache/Boot.ddc.
[2018.06.26-15.41.09:889][  0]LogDerivedDataCache: Display: Loaded Boot cache: C:/Users/DasSKander/AppData/Local/UnrealEngine/4.19/DerivedDataCache/Boot.ddc
[2018.06.26-15.41.09:889][  0]LogDerivedDataCache: FDerivedDataBackendGraph:  Pak pak cache file ../../../../../../Users/DasSKander/Documents/Unreal Projects/APatheticGame3/DerivedDataCache/DDC.ddp not found, will not use a pak cache.
[2018.06.26-15.41.09:889][  0]LogDerivedDataCache: Unable to find inner node Pak for hierarchical cache Hierarchy.
[2018.06.26-15.41.09:889][  0]LogDerivedDataCache: FDerivedDataBackendGraph:  CompressedPak pak cache file ../../../../../../Users/DasSKander/Documents/Unreal Projects/APatheticGame3/DerivedDataCache/Compressed.ddp not found, will not use a pak cache.
[2018.06.26-15.41.09:889][  0]LogDerivedDataCache: Unable to find inner node CompressedPak for hierarchical cache Hierarchy.
[2018.06.26-15.41.09:906][  0]LogDerivedDataCache: Display: Pak cache opened for reading ../../../Engine/DerivedDataCache/Compressed.ddp.
[2018.06.26-15.41.09:917][  0]LogDerivedDataCache: Using Local data cache path C:/Users/DasSKander/AppData/Local/UnrealEngine/Common/DerivedDataCache: Writable
[2018.06.26-15.41.09:917][  0]LogDerivedDataCache: Shared data cache path not found in *engine.ini, will not use an Shared cache.
[2018.06.26-15.41.09:917][  0]LogDerivedDataCache: Unable to find inner node Shared for hierarchical cache Hierarchy.
[2018.06.26-15.41.09:928][  0]LogMaterial: Verifying Global Shaders for PCD3D_SM5
[2018.06.26-15.41.09:928][  0]LogSlate: Using Freetype 2.6.0
[2018.06.26-15.41.09:929][  0]LogSlate: SlateFontCache - WITH_FREETYPE: 1, WITH_HARFBUZZ: 1
[2018.06.26-15.41.09:929][  0]LogSlate: SlateFontCache - WITH_FREETYPE: 1, WITH_HARFBUZZ: 1
[2018.06.26-15.41.10:049][  0]LogAssetRegistry: FAssetRegistry took 0.0241 seconds to start up
[2018.06.26-15.41.10:331][  0]LogInit: Selected Device Profile: [Windows]
[2018.06.26-15.41.10:478][  0]LogSimplygon: Simplygon DLL not present - disabling.
[2018.06.26-15.41.10:480][  0]LogMeshReduction: Using SimplygonSwarm for distributed automatic mesh merging
[2018.06.26-15.41.10:480][  0]LogMeshReduction: Using QuadricMeshReduction for automatic static mesh reduction
[2018.06.26-15.41.10:480][  0]LogMeshReduction: No automatic skeletal mesh reduction module available
[2018.06.26-15.41.10:480][  0]LogMeshReduction: No automatic mesh merging module available
[2018.06.26-15.41.10:480][  0]LogMeshMerging: No automatic mesh merging module available
[2018.06.26-15.41.10:516][  0]LogNetVersion: APatheticGame , NetCL: 3944462, EngineNetVer: 2, GameNetVer: 0 (Checksum: 1227650307)
[2018.06.26-15.41.11:437][  0]LogPackageLocalizationCache: Processed 9 localized package path(s) for 2 prioritized culture(s) in 0.444759 seconds
[2018.06.26-15.41.11:444][  0]LogUObjectArray: 36728 objects as part of root set at end of initial load.
[2018.06.26-15.41.11:444][  0]LogUObjectAllocator: 7314312 out of 0 bytes used by permanent object pool.
[2018.06.26-15.41.11:444][  0]LogUObjectArray: CloseDisregardForGC: 0/0 objects in disregard for GC pool
[2018.06.26-15.41.13:595][  0]LogTcpMessaging: Initializing TcpMessaging bridge
[2018.06.26-15.41.13:623][  0]LogUdpMessaging: Initializing bridge on interface 0.0.0.0:0 to multicast group 230.0.0.1:6666.
[2018.06.26-15.41.13:858][  0]LogStats: UGameplayTagsManager::ConstructGameplayTagTree: Construct from data asset -  0.000 s
[2018.06.26-15.41.13:859][  0]LogStats: UGameplayTagsManager::ConstructGameplayTagTree: GameplayTagTreeChangedEvent.Broadcast -  0.000 s
[2018.06.26-15.41.14:851][  0]LogUObjectGlobals: Created PersistentFrame Addr=0x00000000458382c0, Size=144, Default__UE4ASP_HeroTPP_AnimBlueprint_C Function /Game/AnimStarterPack/UE4ASP_HeroTPP_AnimBlueprint.UE4ASP_HeroTPP_AnimBlueprint_C:ExecuteUbergraph_UE4ASP_HeroTPP_AnimBlueprint
[2018.06.26-15.41.14:859][  0]LogUObjectGlobals: Created PersistentFrame Addr=0x0000000045bf5b80, Size=120, Default__Ue4ASP_Character_C Function /Game/AnimStarterPack/Ue4ASP_Character.Ue4ASP_Character_C:ExecuteUbergraph_Ue4ASP_Character
[2018.06.26-15.41.15:479][  0]LogUObjectGlobals: Destroyed PersistentFrame Addr=0x00000000458382c0, Size=144
[2018.06.26-15.41.15:479][  0]LogUObjectGlobals: Created PersistentFrame Addr=0x00000000477a3c40, Size=144, Default__UE4ASP_HeroTPP_AnimBlueprint_C Function /Engine/Transient.REINST_UE4ASP_HeroTPP_AnimBlueprint_C_0:ExecuteUbergraph_UE4ASP_HeroTPP_AnimBlueprint
[2018.06.26-15.41.15:480][  0]LogUObjectGlobals: Destroyed PersistentFrame Addr=0x0000000045bf5b80, Size=120
[2018.06.26-15.41.15:480][  0]LogUObjectGlobals: Created PersistentFrame Addr=0x00000000467d9a00, Size=120, Default__Ue4ASP_Character_C Function /Engine/Transient.REINST_Ue4ASP_Character_C_1:ExecuteUbergraph_Ue4ASP_Character
[2018.06.26-15.41.15:543][  0]LogUObjectGlobals: Created PersistentFrame Addr=0x000000004766f600, Size=144, Default__UE4ASP_HeroTPP_AnimBlueprint_C Function /Game/AnimStarterPack/UE4ASP_HeroTPP_AnimBlueprint.UE4ASP_HeroTPP_AnimBlueprint_C:ExecuteUbergraph_UE4ASP_HeroTPP_AnimBlueprint
[2018.06.26-15.41.15:546][  0]LogUObjectGlobals: Created PersistentFrame Addr=0x00000000476cb380, Size=320, Default__Ue4ASP_Character_C Function /Game/AnimStarterPack/Ue4ASP_Character.Ue4ASP_Character_C:ExecuteUbergraph_Ue4ASP_Character
[2018.06.26-15.41.15:935][  0]LogUObjectGlobals: Created PersistentFrame Addr=0x000000004763d800, Size=512, Default__ThirdPersonCharacter_C Function /Game/ThirdPersonCPP/Blueprints/ThirdPersonCharacter.ThirdPersonCharacter_C:ExecuteUbergraph_ThirdPersonCharacter
[2018.06.26-15.41.16:074][  0]LogUObjectGlobals: Created PersistentFrame Addr=0x00000000477c23f8, Size=4, Default__Item_C Function /Game/InventorySystem/Items/Item.Item_C:ExecuteUbergraph_Item
[2018.06.26-15.41.16:384][  0]LogUObjectGlobals: Created PersistentFrame Addr=0x0000000047449dc0, Size=32, Default__InventoryWindow_C Function /Game/InventorySystem/InventoryUI/InventoryWindow.InventoryWindow_C:ExecuteUbergraph_InventoryWindow
[2018.06.26-15.41.16:726][  0]LogUObjectGlobals: Created PersistentFrame Addr=0x00000000477c1ca8, Size=4, Default__BP_MasterItem_C Function /Game/InventorySystem2/Blueprints/ItemClasses/BP_MasterItem.BP_MasterItem_C:ExecuteUbergraph_BP_MasterItem
[2018.06.26-15.41.16:786][  0]LogUObjectGlobals: Created PersistentFrame Addr=0x00000000477c1c40, Size=4, Default__BP_Inventory_C Function /Game/InventorySystem2/Blueprints/BP_Inventory.BP_Inventory_C:ExecuteUbergraph_BP_Inventory
[2018.06.26-15.41.16:869][  0]LogUObjectGlobals: Created PersistentFrame Addr=0x000000004769d2d0, Size=16, Default__SkillTree_C Function /Game/SkillTree.SkillTree_C:ExecuteUbergraph_SkillTree
[2018.06.26-15.41.16:917][  0]LogUObjectGlobals: Created PersistentFrame Addr=0x00000000474488c0, Size=32, Default__StaminaHUD_C Function /Game/StaminaHUD.StaminaHUD_C:ExecuteUbergraph_StaminaHUD
[2018.06.26-15.41.17:095][  0]LogUObjectGlobals: Destroyed PersistentFrame Addr=0x00000000477c1c40, Size=4
[2018.06.26-15.41.17:095][  0]LogUObjectGlobals: Created PersistentFrame Addr=0x00000000477c1c40, Size=4, Default__BP_Inventory_C Function /Engine/Transient.REINST_BP_Inventory_C_8:ExecuteUbergraph_BP_Inventory
[2018.06.26-15.41.17:095][  0]LogUObjectGlobals: Destroyed PersistentFrame Addr=0x00000000477c1ca8, Size=4
[2018.06.26-15.41.17:095][  0]LogUObjectGlobals: Created PersistentFrame Addr=0x00000000477c1ca8, Size=4, Default__BP_MasterItem_C Function /Engine/Transient.REINST_BP_MasterItem_C_9:ExecuteUbergraph_BP_MasterItem
[2018.06.26-15.41.17:096][  0]LogUObjectGlobals: Destroyed PersistentFrame Addr=0x00000000477c23f8, Size=4
[2018.06.26-15.41.17:096][  0]LogUObjectGlobals: Created PersistentFrame Addr=0x00000000477c23f8, Size=4, Default__Item_C Function /Engine/Transient.REINST_Item_C_11:ExecuteUbergraph_Item
[2018.06.26-15.41.17:096][  0]LogUObjectGlobals: Destroyed PersistentFrame Addr=0x0000000047449dc0, Size=32
[2018.06.26-15.41.17:096][  0]LogUObjectGlobals: Created PersistentFrame Addr=0x0000000046f9bea0, Size=32, Default__InventoryWindow_C Function /Engine/Transient.REINST_InventoryWindow_C_2:ExecuteUbergraph_InventoryWindow
[2018.06.26-15.41.17:096][  0]LogUObjectGlobals: Destroyed PersistentFrame Addr=0x000000004769d2d0, Size=16
[2018.06.26-15.41.17:096][  0]LogUObjectGlobals: Created PersistentFrame Addr=0x0000000047384ec0, Size=16, Default__SkillTree_C Function /Engine/Transient.REINST_SkillTree_C_3:ExecuteUbergraph_SkillTree
[2018.06.26-15.41.17:096][  0]LogUObjectGlobals: Destroyed PersistentFrame Addr=0x00000000474488c0, Size=32
[2018.06.26-15.41.17:096][  0]LogUObjectGlobals: Created PersistentFrame Addr=0x0000000046f9bda0, Size=32, Default__StaminaHUD_C Function /Engine/Transient.REINST_StaminaHUD_C_4:ExecuteUbergraph_StaminaHUD
[2018.06.26-15.41.17:097][  0]LogUObjectGlobals: Destroyed PersistentFrame Addr=0x000000004763d800, Size=512
[2018.06.26-15.41.17:097][  0]LogUObjectGlobals: Created PersistentFrame Addr=0x0000000047055200, Size=512, Default__ThirdPersonCharacter_C Function /Engine/Transient.REINST_ThirdPersonCharacter_C_12:ExecuteUbergraph_ThirdPersonCharacter
[2018.06.26-15.41.17:130][  0]LogUObjectGlobals: Created PersistentFrame Addr=0x0000000046f0f3b0, Size=4, Default__BP_Inventory_C Function /Game/InventorySystem2/Blueprints/BP_Inventory.BP_Inventory_C:ExecuteUbergraph_BP_Inventory
[2018.06.26-15.41.17:131][  0]LogUObjectGlobals: Created PersistentFrame Addr=0x0000000046f0f198, Size=4, Default__BP_MasterItem_C Function /Game/InventorySystem2/Blueprints/ItemClasses/BP_MasterItem.BP_MasterItem_C:ExecuteUbergraph_BP_MasterItem
[2018.06.26-15.41.17:131][  0]LogUObjectGlobals: Created PersistentFrame Addr=0x0000000046f0f170, Size=4, Default__Item_C Function /Game/InventorySystem/Items/Item.Item_C:ExecuteUbergraph_Item
[2018.06.26-15.41.17:137][  0]LogUObjectGlobals: Created PersistentFrame Addr=0x0000000047201140, Size=32, Default__InventoryWindow_C Function /Game/InventorySystem/InventoryUI/InventoryWindow.InventoryWindow_C:ExecuteUbergraph_InventoryWindow
[2018.06.26-15.41.17:137][  0]LogUObjectGlobals: Created PersistentFrame Addr=0x0000000046e53c20, Size=16, Default__SkillTree_C Function /Game/SkillTree.SkillTree_C:ExecuteUbergraph_SkillTree
[2018.06.26-15.41.17:138][  0]LogUObjectGlobals: Created PersistentFrame Addr=0x00000000472008c0, Size=32, Default__StaminaHUD_C Function /Game/StaminaHUD.StaminaHUD_C:ExecuteUbergraph_StaminaHUD
[2018.06.26-15.41.17:140][  0]LogUObjectGlobals: Created PersistentFrame Addr=0x0000000046ea0a00, Size=512, Default__ThirdPersonCharacter_C Function /Game/ThirdPersonCPP/Blueprints/ThirdPersonCharacter.ThirdPersonCharacter_C:ExecuteUbergraph_ThirdPersonCharacter
[2018.06.26-15.41.17:143][  0]LogClass: Warning: Property ItemInfo of ItemInfo has a struct type mismatch (tag ItemStructure != prop ItemInfo) in package:  FObjectReader. If that struct got renamed, add an entry to ActiveStructRedirects.
[2018.06.26-15.41.17:688][  0]LogSkeletalMesh: Skeletal Mesh found in DDC [407.091797ms] /Game/AnimStarterPack/UE4_Mannequin/Mesh/SK_Mannequin.SK_Mannequin
[2018.06.26-15.41.18:989][  0]SourceControl: Source control is disabled
[2018.06.26-15.41.18:989][  0]SourceControl: Source control is disabled
[2018.06.26-15.41.19:008][  0]SourceControl: Source control is disabled
[2018.06.26-15.41.19:027][  0]SourceControl: Source control is disabled
[2018.06.26-15.41.19:514][  0]LogAndroidPermission: UAndroidPermissionCallbackProxy::GetInstance
[2018.06.26-15.41.19:682][  0]LogOcInput: OculusInput pre-init called
[2018.06.26-15.41.19:791][  0]LogEngine: Initializing Engine...
[2018.06.26-15.41.19:793][  0]LogHMD: Failed to initialize OpenVR with code 110
[2018.06.26-15.41.20:048][  0]LogAIModule: Creating AISystem for world Untitled
[2018.06.26-15.41.20:074][  0]LogInit: XAudio2 using 'Speakers (Realtek High Definition Audio)' : 2 channels at 48 kHz using 32 bits per sample (channel mask 0x3)
[2018.06.26-15.41.20:085][  0]LogInit: FAudioDevice initialized.
[2018.06.26-15.41.20:429][  0]LogDerivedDataCache: Saved boot cache 0.34s 80MB C:/Users/DasSKander/AppData/Local/UnrealEngine/4.19/DerivedDataCache/Boot.ddc.
[2018.06.26-15.41.20:438][  0]LogInit: Texture streaming: Enabled
[2018.06.26-15.41.20:458][  0]LogEngineSessionManager: EngineSessionManager initialized
[2018.06.26-15.41.20:471][  0]LogInit: Transaction tracking system initialized
[2018.06.26-15.41.20:497][  0]BlueprintLog: New page: Editor Load
[2018.06.26-15.41.20:760][  0]LocalizationService: Localization service is disabled
[2018.06.26-15.41.20:862][  0]LogConsoleResponse: Display: 
[2018.06.26-15.41.21:108][  0]LogCook: Display: Max memory allowance for cook 16384mb min free memory 0mb
[2018.06.26-15.41.21:108][  0]LogCook: Display: Mobile HDR setting 1
[2018.06.26-15.41.21:108][  0]LogGameplayTags: Display: UGameplayTagsManager::DoneAddingNativeTags. DelegateIsBound: 0
[2018.06.26-15.41.21:108][  0]LogStats: UGameplayTagsManager::ConstructGameplayTagTree: Construct from data asset -  0.000 s
[2018.06.26-15.41.22:153][  0]LogFileCache: Scanning file cache for directory 'C:/Users/DasSKander/Documents/Unreal Projects/APatheticGame3/Content/' took 0.08s
[2018.06.26-15.41.22:153][  0]LogStats: FGameplayAbilitiesEditorModule::GameplayTagTreeChanged -  0.995 s
[2018.06.26-15.41.22:153][  0]LogStats: UGameplayTagsManager::ConstructGameplayTagTree: GameplayTagTreeChangedEvent.Broadcast -  1.045 s
[2018.06.26-15.41.22:506][  0]SourceControl: Source control is disabled
[2018.06.26-15.41.22:506][  0]Cmd: MAP LOAD FILE="../../../../../../Users/DasSKander/Documents/Unreal Projects/APatheticGame3/Content/ThirdPersonCPP/Maps/ThirdPersonExampleMap.umap" TEMPLATE=0 SHOWPROGRESS=1 FEATURELEVEL=3
[2018.06.26-15.41.22:569][  0]LightingResults: New page: Lighting Build
[2018.06.26-15.41.22:572][  0]MapCheck: New page: Map Check
[2018.06.26-15.41.22:572][  0]LightingResults: New page: Lighting Build
[2018.06.26-15.41.22:591][  0]LogUObjectGlobals: Destroyed PersistentFrame Addr=0x00000000477a3c40, Size=144
[2018.06.26-15.41.22:591][  0]LogUObjectGlobals: Destroyed PersistentFrame Addr=0x00000000467d9a00, Size=120
[2018.06.26-15.41.22:591][  0]LogUObjectGlobals: Destroyed PersistentFrame Addr=0x0000000047055200, Size=512
[2018.06.26-15.41.22:591][  0]LogUObjectGlobals: Destroyed PersistentFrame Addr=0x00000000477c23f8, Size=4
[2018.06.26-15.41.22:591][  0]LogUObjectGlobals: Destroyed PersistentFrame Addr=0x0000000046f9bea0, Size=32
[2018.06.26-15.41.22:591][  0]LogUObjectGlobals: Destroyed PersistentFrame Addr=0x00000000477c1ca8, Size=4
[2018.06.26-15.41.22:591][  0]LogUObjectGlobals: Destroyed PersistentFrame Addr=0x00000000477c1c40, Size=4
[2018.06.26-15.41.22:591][  0]LogUObjectGlobals: Destroyed PersistentFrame Addr=0x0000000047384ec0, Size=16
[2018.06.26-15.41.22:591][  0]LogUObjectGlobals: Destroyed PersistentFrame Addr=0x0000000046f9bda0, Size=32
[2018.06.26-15.41.22:769][  0]LogUObjectGlobals: Created PersistentFrame Addr=0x00000000290ae550, Size=104, Default__AICharacter_C Function /Game/AI/AICharacter.AICharacter_C:ExecuteUbergraph_AICharacter
[2018.06.26-15.41.22:807][  0]LogUObjectGlobals: Destroyed PersistentFrame Addr=0x00000000290ae550, Size=104
[2018.06.26-15.41.22:807][  0]LogUObjectGlobals: Created PersistentFrame Addr=0x00000000290ae550, Size=104, Default__AICharacter_C Function /Engine/Transient.REINST_AICharacter_C_23:ExecuteUbergraph_AICharacter
[2018.06.26-15.41.22:810][  0]LogUObjectGlobals: Created PersistentFrame Addr=0x00000000477cd590, Size=104, Default__AICharacter_C Function /Game/AI/AICharacter.AICharacter_C:ExecuteUbergraph_AICharacter
[2018.06.26-15.41.23:010][  0]LogUObjectGlobals: Created PersistentFrame Addr=0x0000000047010800, Size=416, Default__CopyDoorDesu1_C Function /Game/CopyDoorDesu1.CopyDoorDesu1_C:ExecuteUbergraph_CopyDoorDesu1
[2018.06.26-15.41.23:039][  0]LogUObjectGlobals: Destroyed PersistentFrame Addr=0x0000000047010800, Size=416
[2018.06.26-15.41.23:039][  0]LogUObjectGlobals: Created PersistentFrame Addr=0x0000000047010800, Size=416, Default__CopyDoorDesu1_C Function /Engine/Transient.REINST_CopyDoorDesu1_C_27:ExecuteUbergraph_CopyDoorDesu1
[2018.06.26-15.41.23:057][  0]LogUObjectGlobals: Created PersistentFrame Addr=0x0000000047012780, Size=416, Default__CopyDoorDesu1_C Function /Game/CopyDoorDesu1.CopyDoorDesu1_C:ExecuteUbergraph_CopyDoorDesu1
[2018.06.26-15.41.23:209][  0]LogUObjectGlobals: Created PersistentFrame Addr=0x00000000473942c0, Size=416, Default__DoorDesu_C Function /Game/DoorDesu.DoorDesu_C:ExecuteUbergraph_DoorDesu
[2018.06.26-15.41.23:212][  0]LogUObjectGlobals: Destroyed PersistentFrame Addr=0x00000000473942c0, Size=416
[2018.06.26-15.41.23:212][  0]LogUObjectGlobals: Created PersistentFrame Addr=0x00000000473942c0, Size=416, Default__DoorDesu_C Function /Engine/Transient.REINST_DoorDesu_C_29:ExecuteUbergraph_DoorDesu
[2018.06.26-15.41.23:215][  0]LogUObjectGlobals: Created PersistentFrame Addr=0x0000000047396080, Size=416, Default__DoorDesu_C Function /Game/DoorDesu.DoorDesu_C:ExecuteUbergraph_DoorDesu
[2018.06.26-15.41.23:237][  0]LogUObjectGlobals: Created PersistentFrame Addr=0x00000000524abc00, Size=4, Default__Use_Spell_1_C Function /Game/GameplaySpeels/Use_Spell_1.Use_Spell_1_C:ExecuteUbergraph_Use_Spell_1
[2018.06.26-15.41.23:239][  0]LogUObjectGlobals: Destroyed PersistentFrame Addr=0x00000000524abc00, Size=4
[2018.06.26-15.41.23:239][  0]LogUObjectGlobals: Created PersistentFrame Addr=0x00000000524abc00, Size=4, Default__Use_Spell_1_C Function /Engine/Transient.REINST_Use_Spell_1_C_31:ExecuteUbergraph_Use_Spell_1
[2018.06.26-15.41.23:240][  0]LogUObjectGlobals: Created PersistentFrame Addr=0x00000000524abbe8, Size=4, Default__Use_Spell_1_C Function /Game/GameplaySpeels/Use_Spell_1.Use_Spell_1_C:ExecuteUbergraph_Use_Spell_1
[2018.06.26-15.41.23:309][  0]LogUObjectGlobals: Created PersistentFrame Addr=0x00000000524abe08, Size=4, Default__Item_Cube_C Function /Game/InventorySystem/Items/Item.Item_C:ExecuteUbergraph_Item
[2018.06.26-15.41.23:382][  0]LogUObjectGlobals: Destroyed PersistentFrame Addr=0x00000000524abe08, Size=4
[2018.06.26-15.41.23:382][  0]LogUObjectGlobals: Created PersistentFrame Addr=0x00000000524abe08, Size=4, Default__Item_Cube_C Function /Game/InventorySystem/Items/Item.Item_C:ExecuteUbergraph_Item
[2018.06.26-15.41.23:382][  0]LogUObjectGlobals: Created PersistentFrame Addr=0x00000000524abe48, Size=4, Default__Item_Cube_C Function /Game/InventorySystem/Items/Item.Item_C:ExecuteUbergraph_Item
[2018.06.26-15.41.23:459][  0]LogUObjectGlobals: Created PersistentFrame Addr=0x00000000295a3ac0, Size=208, Default__BP_PIckUpActor_C Function /Game/InventorySystem2/Blueprints/ItemClasses/BP_PIckUpActor.BP_PIckUpActor_C:ExecuteUbergraph_BP_PIckUpActor
[2018.06.26-15.41.23:461][  0]LogUObjectGlobals: Destroyed PersistentFrame Addr=0x00000000295a3ac0, Size=208
[2018.06.26-15.41.23:461][  0]LogUObjectGlobals: Created PersistentFrame Addr=0x00000000295a3ac0, Size=208, Default__BP_PIckUpActor_C Function /Engine/Transient.REINST_BP_PIckUpActor_C_34:ExecuteUbergraph_BP_PIckUpActor
[2018.06.26-15.41.23:463][  0]LogUObjectGlobals: Created PersistentFrame Addr=0x00000000295a2080, Size=208, Default__BP_PIckUpActor_C Function /Game/InventorySystem2/Blueprints/ItemClasses/BP_PIckUpActor.BP_PIckUpActor_C:ExecuteUbergraph_BP_PIckUpActor
[2018.06.26-15.41.23:498][  0]LogUObjectGlobals: Created PersistentFrame Addr=0x00000000524ab9b0, Size=4, Default__HealthPot_C Function /Game/InventorySystem2/Blueprints/ItemClasses/BP_MasterItem.BP_MasterItem_C:ExecuteUbergraph_BP_MasterItem
[2018.06.26-15.41.23:499][  0]LogUObjectGlobals: Destroyed PersistentFrame Addr=0x00000000524ab9b0, Size=4
[2018.06.26-15.41.23:499][  0]LogUObjectGlobals: Created PersistentFrame Addr=0x00000000524ab9b0, Size=4, Default__HealthPot_C Function /Game/InventorySystem2/Blueprints/ItemClasses/BP_MasterItem.BP_MasterItem_C:ExecuteUbergraph_BP_MasterItem
[2018.06.26-15.41.23:500][  0]LogUObjectGlobals: Created PersistentFrame Addr=0x00000000524ab9d8, Size=4, Default__HealthPot_C Function /Game/InventorySystem2/Blueprints/ItemClasses/BP_MasterItem.BP_MasterItem_C:ExecuteUbergraph_BP_MasterItem
[2018.06.26-15.41.23:545][  0]LogUObjectGlobals: Created PersistentFrame Addr=0x00000000524ab768, Size=4, Default__Map_C Function /Game/InventorySystem2/Blueprints/ItemClasses/BP_MasterItem.BP_MasterItem_C:ExecuteUbergraph_BP_MasterItem
[2018.06.26-15.41.23:547][  0]LogUObjectGlobals: Destroyed PersistentFrame Addr=0x00000000524ab768, Size=4
[2018.06.26-15.41.23:547][  0]LogUObjectGlobals: Created PersistentFrame Addr=0x00000000524ab768, Size=4, Default__Map_C Function /Game/InventorySystem2/Blueprints/ItemClasses/BP_MasterItem.BP_MasterItem_C:ExecuteUbergraph_BP_MasterItem
[2018.06.26-15.41.23:547][  0]LogUObjectGlobals: Created PersistentFrame Addr=0x00000000524ab710, Size=4, Default__Map_C Function /Game/InventorySystem2/Blueprints/ItemClasses/BP_MasterItem.BP_MasterItem_C:ExecuteUbergraph_BP_MasterItem
[2018.06.26-15.41.23:655][  0]LogUObjectGlobals: Created PersistentFrame Addr=0x00000000295a0640, Size=216, Default__MoveAbleObject_C Function /Game/MoveAbleObject.MoveAbleObject_C:ExecuteUbergraph_MoveAbleObject
[2018.06.26-15.41.23:658][  0]LogUObjectGlobals: Destroyed PersistentFrame Addr=0x00000000295a0640, Size=216
[2018.06.26-15.41.23:658][  0]LogUObjectGlobals: Created PersistentFrame Addr=0x00000000295373c0, Size=216, Default__MoveAbleObject_C Function /Engine/Transient.REINST_MoveAbleObject_C_38:ExecuteUbergraph_MoveAbleObject
[2018.06.26-15.41.23:660][  0]LogUObjectGlobals: Created PersistentFrame Addr=0x00000000295364e0, Size=216, Default__MoveAbleObject_C Function /Game/MoveAbleObject.MoveAbleObject_C:ExecuteUbergraph_MoveAbleObject
[2018.06.26-15.41.23:697][  0]LogUObjectGlobals: Created PersistentFrame Addr=0x00000000524b6860, Size=112, Default__SM_Door_Blueprint1_C Function /Game/SM_Door_Blueprint1.SM_Door_Blueprint1_C:ExecuteUbergraph_SM_Door_Blueprint1
[2018.06.26-15.41.23:715][  0]LogUObjectGlobals: Destroyed PersistentFrame Addr=0x00000000524b6860, Size=112
[2018.06.26-15.41.23:715][  0]LogUObjectGlobals: Created PersistentFrame Addr=0x00000000524b6860, Size=112, Default__SM_Door_Blueprint1_C Function /Engine/Transient.REINST_SM_Door_Blueprint1_C_40:ExecuteUbergraph_SM_Door_Blueprint1
[2018.06.26-15.41.23:719][  0]LogUObjectGlobals: Created PersistentFrame Addr=0x0000000049d0e940, Size=112, Default__SM_Door_Blueprint1_C Function /Game/SM_Door_Blueprint1.SM_Door_Blueprint1_C:ExecuteUbergraph_SM_Door_Blueprint1
[2018.06.26-15.41.25:766][  0]LogAIModule: Creating AISystem for world ThirdPersonExampleMap
[2018.06.26-15.41.26:162][  0]LogEditorServer: Finished looking for orphan Actors (0.000 secs)
[2018.06.26-15.41.26:285][  0]LogUObjectGlobals: Destroyed PersistentFrame Addr=0x00000000295a3ac0, Size=208
[2018.06.26-15.41.26:285][  0]LogUObjectGlobals: Destroyed PersistentFrame Addr=0x00000000524abe08, Size=4
[2018.06.26-15.41.26:285][  0]LogUObjectGlobals: Destroyed PersistentFrame Addr=0x00000000524abc00, Size=4
[2018.06.26-15.41.26:285][  0]LogUObjectGlobals: Destroyed PersistentFrame Addr=0x00000000473942c0, Size=416
[2018.06.26-15.41.26:285][  0]LogUObjectGlobals: Destroyed PersistentFrame Addr=0x0000000047010800, Size=416
[2018.06.26-15.41.26:285][  0]LogUObjectGlobals: Destroyed PersistentFrame Addr=0x00000000524ab9b0, Size=4
[2018.06.26-15.41.26:285][  0]LogUObjectGlobals: Destroyed PersistentFrame Addr=0x00000000524ab768, Size=4
[2018.06.26-15.41.26:285][  0]LogUObjectGlobals: Destroyed PersistentFrame Addr=0x00000000295373c0, Size=216
[2018.06.26-15.41.26:286][  0]LogUObjectGlobals: Destroyed PersistentFrame Addr=0x00000000524b6860, Size=112
[2018.06.26-15.41.26:286][  0]LogUObjectGlobals: Destroyed PersistentFrame Addr=0x00000000290ae550, Size=104
[2018.06.26-15.41.26:287][  0]Cmd: MAP CHECKDEP NOCLEARLOG
[2018.06.26-15.41.26:377][  0]MapCheck: Map check complete: 0 Error(s), 0 Warning(s), took 89.807ms to complete.
[2018.06.26-15.41.26:377][  0]LogFileHelpers: Loading map 'ThirdPersonExampleMap' took 3.871
[2018.06.26-15.41.26:829][  0]LogCollectionManager: Loaded 0 collections in 0.003917 seconds
[2018.06.26-15.41.26:901][  0]LogFileCache: Scanning file cache for directory 'C:/Users/DasSKander/Documents/Unreal Projects/APatheticGame3/Saved/Collections/' took 0.01s
[2018.06.26-15.41.26:901][  0]LogFileCache: Scanning file cache for directory 'C:/Users/DasSKander/Documents/Unreal Projects/APatheticGame3/Content/Developers/DasSKander/Collections/' took 0.01s
[2018.06.26-15.41.26:901][  0]LogFileCache: Scanning file cache for directory 'C:/Users/DasSKander/Documents/Unreal Projects/APatheticGame3/Content/Collections/' took 0.01s
[2018.06.26-15.41.26:901][  0]LogCollectionManager: Rebuilt the GUID cache for 0 collections in 0.000001 seconds
[2018.06.26-15.41.26:910][  0]LogContentBrowser: Native class hierarchy populated in 0.0088 seconds. Added 2543 classes and 567 folders.
[2018.06.26-15.41.26:941][  0]LogContentBrowser: Native class hierarchy updated for 'WidgetCarousel' in 0.0006 seconds. Added 0 classes and 0 folders.
[2018.06.26-15.41.28:449][  0]LogContentBrowser: Native class hierarchy updated for 'AddContentDialog' in 0.0016 seconds. Added 0 classes and 0 folders.
[2018.06.26-15.41.28:486][  0]LogContentBrowser: Native class hierarchy updated for 'SceneOutliner' in 0.0015 seconds. Added 1 classes and 2 folders.
[2018.06.26-15.41.28:699][  0]LogSlate: Took 0.000206 seconds to synchronously load lazily loaded font '../../../Engine/Content/Slate/Fonts/Roboto-Regular.ttf' (155K)
[2018.06.26-15.41.28:701][  0]LogSlate: Took 0.000189 seconds to synchronously load lazily loaded font '../../../Engine/Content/Slate/Fonts/Roboto-Bold.ttf' (160K)
[2018.06.26-15.41.28:722][  0]LogSlate: Took 0.015287 seconds to synchronously load lazily loaded font '../../../Engine/Content/Editor/Slate/Fonts/FontAwesome.ttf' (139K)
[2018.06.26-15.41.28:881][  0]LogRenderer: Reallocating scene render targets to support 1124x508 Format 10 NumSamples 1 (Frame:1).
[2018.06.26-15.41.29:064][  0]LogSlate: Took 0.015363 seconds to synchronously load lazily loaded font '../../../Engine/Content/Slate/Fonts/Roboto-Light.ttf' (167K)
[2018.06.26-15.41.29:170][  0]LogContentBrowser: Native class hierarchy updated for 'HierarchicalLODOutliner' in 0.0008 seconds. Added 0 classes and 0 folders.
[2018.06.26-15.41.29:170][  0]LogLoad: (Engine Initialization) Total time: 25.23 seconds
[2018.06.26-15.41.29:170][  0]LogLoad: (Engine Initialization) Total Blueprint compile time: 0.00 seconds
[2018.06.26-15.41.29:327][  0]LogUObjectGlobals: Created PersistentFrame Addr=0x00000000609503b0, Size=4, Default__SKEL_PROTO_BP_AnimBlueprint_0_C Function /Engine/Transient.SKEL_PROTO_BP_AnimBlueprint_0_C:ExecuteUbergraph_PROTO_BP_AnimBlueprint_0
[2018.06.26-15.41.29:328][  0]LogUObjectGlobals: Created PersistentFrame Addr=0x00000000609503a8, Size=4, Default__PROTO_BP_AnimBlueprint_0_C Function /Engine/Transient.PROTO_BP_AnimBlueprint_0_C:ExecuteUbergraph_PROTO_BP_AnimBlueprint_0
[2018.06.26-15.41.29:457][  0]LogContentStreaming: Texture pool size now 1000 MB
[2018.06.26-15.41.30:058][ 13]LogAssetRegistry: Asset discovery search completed in 20.0292 seconds
[2018.06.26-15.41.30:063][ 13]LogCollectionManager: Rebuilt the object cache for 0 collections in 0.000001 seconds (found 0 objects)
[2018.06.26-15.41.30:063][ 13]LogCollectionManager: Fixed up redirectors for 0 collections in 0.000075 seconds (updated 0 objects)
[2018.06.26-15.41.49:905][338]LogEditorViewport: Clicking on Actor (context menu): RecastNavMesh (RecastNavMesh-Default)
[2018.06.26-15.41.50:278][338]LogSlate: FSceneViewport::OnFocusLost() reason 2
[2018.06.26-15.41.51:169][435]LogEditorViewport: Clicking on Actor (LMB): ThirdPersonCharacter_C (ThirdPersonCharacter)
[2018.06.26-15.41.51:830][438]LogEditorViewport: Clicking on Actor (LMB): ThirdPersonCharacter_C (ThirdPersonCharacter)
[2018.06.26-15.41.53:240][592]LogSlate: FSceneViewport::OnFocusLost() reason 0
[2018.06.26-15.41.55:065][800]LogSlate: FSceneViewport::OnFocusLost() reason 2
[2018.06.26-15.42.11:728][730]LogSlate: FSceneViewport::OnFocusLost() reason 0
[2018.06.26-15.42.18:690][540]LogMaterial: Missing cached shader map for material Material_0, compiling. 
[2018.06.26-15.42.18:865][541]LogShaderCompilers: Display: Shaders left to compile 44
[2018.06.26-15.42.18:865][541]LogShaderCompilers: Display: Shaders left to compile 34
[2018.06.26-15.42.18:865][541]LogShaderCompilers: Display: Shaders left to compile 24
[2018.06.26-15.42.18:895][541]LogMaterial: Missing cached shader map for material Material_1, compiling. 
[2018.06.26-15.42.18:952][542]LogMaterial: Missing cached shader map for material Material_2, compiling. 
[2018.06.26-15.42.19:020][543]LogMaterial: Missing cached shader map for material Material_3, compiling. 
[2018.06.26-15.42.22:193][732]LogShaderCompilers: Display: Shaders left to compile 146
[2018.06.26-15.42.22:193][732]LogShaderCompilers: Display: Shaders left to compile 136
[2018.06.26-15.42.22:193][732]LogShaderCompilers: Display: Shaders left to compile 126
[2018.06.26-15.42.23:217][743]LogShaderCompilers: Display: Shaders left to compile 116
[2018.06.26-15.42.23:276][746]LogShaderCompilers: Display: Shaders left to compile 106
[2018.06.26-15.42.24:020][762]LogShaderCompilers: Display: Shaders left to compile 96
[2018.06.26-15.42.24:346][763]LogShaderCompilers: Display: Shaders left to compile 86
[2018.06.26-15.42.25:387][769]LogShaderCompilers: Display: Shaders left to compile 76
[2018.06.26-15.42.25:387][769]LogShaderCompilers: Display: Shaders left to compile 66
[2018.06.26-15.42.25:387][769]LogShaderCompilers: Display: Shaders left to compile 56
[2018.06.26-15.42.26:621][770]LogShaderCompilers: Display: Shaders left to compile 46
[2018.06.26-15.42.26:622][770]LogShaderCompilers: Display: Shaders left to compile 36
[2018.06.26-15.42.27:165][771]LogShaderCompilers: Display: Shaders left to compile 26
[2018.06.26-15.42.27:165][771]LogShaderCompilers: Display: Shaders left to compile 16
[2018.06.26-15.42.28:068][772]LogShaderCompilers: Display: Shaders left to compile 6
[2018.06.26-15.43.07:745][  4]LogSlate: FSceneViewport::OnFocusLost() reason 0
[2018.06.26-15.43.11:365][291]LogSlate: Took 0.000207 seconds to synchronously load lazily loaded font '../../../Engine/Content/Slate/Fonts/Roboto-Light.ttf' (167K)
[2018.06.26-15.43.12:118][291]LogContentBrowser: Native class hierarchy updated for 'BlueprintGraph' in 0.0021 seconds. Added 116 classes and 0 folders.
[2018.06.26-15.43.13:242][291]LogSlate: Took 0.011954 seconds to synchronously load lazily loaded font '../../../Engine/Content/Slate/Fonts/Roboto-BoldCondensed.ttf' (158K)
[2018.06.26-15.43.33:189][681]LogUObjectGlobals: Created PersistentFrame Addr=0x00000000b697cee0, Size=4, Default__SKEL_StaminaHUD_C Function /Game/StaminaHUD.SKEL_StaminaHUD_C:ExecuteUbergraph_StaminaHUD
[2018.06.26-15.43.37:100][925]PIE: UWidget::RemoveFromParent() called on '/Engine/Transient.Image_0' which has no UMG parent (if it was added directly to a native Slate widget via TakeWidget() then it must be removed explicitly rather than via RemoveFromParent())
[2018.06.26-15.43.37:165][925]PIE: UWidget::RemoveFromParent() called on '/Engine/Transient.Image_2' which has no UMG parent (if it was added directly to a native Slate widget via TakeWidget() then it must be removed explicitly rather than via RemoveFromParent())
[2018.06.26-15.43.37:168][925]PIE: UWidget::RemoveFromParent() called on '/Engine/Transient.Image_4' which has no UMG parent (if it was added directly to a native Slate widget via TakeWidget() then it must be removed explicitly rather than via RemoveFromParent())
[2018.06.26-15.43.37:174][925]PIE: UWidget::RemoveFromParent() called on '/Engine/Transient.Image_6' which has no UMG parent (if it was added directly to a native Slate widget via TakeWidget() then it must be removed explicitly rather than via RemoveFromParent())
[2018.06.26-15.43.37:211][926]PIE: UWidget::RemoveFromParent() called on '/Engine/Transient.Image_8' which has no UMG parent (if it was added directly to a native Slate widget via TakeWidget() then it must be removed explicitly rather than via RemoveFromParent())
[2018.06.26-15.43.37:214][926]PIE: UWidget::RemoveFromParent() called on '/Engine/Transient.Image_10' which has no UMG parent (if it was added directly to a native Slate widget via TakeWidget() then it must be removed explicitly rather than via RemoveFromParent())
[2018.06.26-15.43.37:235][927]PIE: UWidget::RemoveFromParent() called on '/Engine/Transient.Image_12' which has no UMG parent (if it was added directly to a native Slate widget via TakeWidget() then it must be removed explicitly rather than via RemoveFromParent())
[2018.06.26-15.43.37:255][928]PIE: UWidget::RemoveFromParent() called on '/Engine/Transient.Image_14' which has no UMG parent (if it was added directly to a native Slate widget via TakeWidget() then it must be removed explicitly rather than via RemoveFromParent())
[2018.06.26-15.43.37:276][929]PIE: UWidget::RemoveFromParent() called on '/Engine/Transient.Image_16' which has no UMG parent (if it was added directly to a native Slate widget via TakeWidget() then it must be removed explicitly rather than via RemoveFromParent())
[2018.06.26-15.43.37:297][930]LogUObjectGlobals: Destroyed PersistentFrame Addr=0x00000000b697cee0, Size=4
[2018.06.26-15.43.37:297][930]LogUObjectGlobals: Created PersistentFrame Addr=0x00000000b82a67c8, Size=4, Default__SKEL_StaminaHUD_C Function /Engine/Transient.REINST_SKEL_StaminaHUD_C_6:ExecuteUbergraph_StaminaHUD
[2018.06.26-15.43.37:299][930]LogUObjectGlobals: Created PersistentFrame Addr=0x00000000b82a6688, Size=4, Default__SKEL_StaminaHUD_C Function /Game/StaminaHUD.SKEL_StaminaHUD_C:ExecuteUbergraph_StaminaHUD
[2018.06.26-15.43.37:914][955]PIE: UWidget::RemoveFromParent() called on '/Engine/Transient.Image_0' which has no UMG parent (if it was added directly to a native Slate widget via TakeWidget() then it must be removed explicitly rather than via RemoveFromParent())
[2018.06.26-15.43.37:916][955]PIE: UWidget::RemoveFromParent() called on '/Engine/Transient.Image_20' which has no UMG parent (if it was added directly to a native Slate widget via TakeWidget() then it must be removed explicitly rather than via RemoveFromParent())
[2018.06.26-15.43.37:918][955]PIE: UWidget::RemoveFromParent() called on '/Engine/Transient.Image_22' which has no UMG parent (if it was added directly to a native Slate widget via TakeWidget() then it must be removed explicitly rather than via RemoveFromParent())
[2018.06.26-15.43.37:938][956]PIE: UWidget::RemoveFromParent() called on '/Engine/Transient.Image_24' which has no UMG parent (if it was added directly to a native Slate widget via TakeWidget() then it must be removed explicitly rather than via RemoveFromParent())
[2018.06.26-15.43.37:939][956]PIE: UWidget::RemoveFromParent() called on '/Engine/Transient.Image_26' which has no UMG parent (if it was added directly to a native Slate widget via TakeWidget() then it must be removed explicitly rather than via RemoveFromParent())
[2018.06.26-15.43.37:942][956]PIE: UWidget::RemoveFromParent() called on '/Engine/Transient.Image_28' which has no UMG parent (if it was added directly to a native Slate widget via TakeWidget() then it must be removed explicitly rather than via RemoveFromParent())
[2018.06.26-15.43.37:960][957]PIE: UWidget::RemoveFromParent() called on '/Engine/Transient.Image_30' which has no UMG parent (if it was added directly to a native Slate widget via TakeWidget() then it must be removed explicitly rather than via RemoveFromParent())
[2018.06.26-15.43.37:962][957]PIE: UWidget::RemoveFromParent() called on '/Engine/Transient.Image_32' which has no UMG parent (if it was added directly to a native Slate widget via TakeWidget() then it must be removed explicitly rather than via RemoveFromParent())
[2018.06.26-15.43.37:980][958]PIE: UWidget::RemoveFromParent() called on '/Engine/Transient.Image_34' which has no UMG parent (if it was added directly to a native Slate widget via TakeWidget() then it must be removed explicitly rather than via RemoveFromParent())
[2018.06.26-15.43.37:983][958]PIE: UWidget::RemoveFromParent() called on '/Engine/Transient.Image_36' which has no UMG parent (if it was added directly to a native Slate widget via TakeWidget() then it must be removed explicitly rather than via RemoveFromParent())
[2018.06.26-15.43.38:001][959]PIE: UWidget::RemoveFromParent() called on '/Engine/Transient.Image_38' which has no UMG parent (if it was added directly to a native Slate widget via TakeWidget() then it must be removed explicitly rather than via RemoveFromParent())
[2018.06.26-15.43.38:002][959]PIE: UWidget::RemoveFromParent() called on '/Engine/Transient.Image_40' which has no UMG parent (if it was added directly to a native Slate widget via TakeWidget() then it must be removed explicitly rather than via RemoveFromParent())
[2018.06.26-15.43.38:004][959]PIE: UWidget::RemoveFromParent() called on '/Engine/Transient.Image_42' which has no UMG parent (if it was added directly to a native Slate widget via TakeWidget() then it must be removed explicitly rather than via RemoveFromParent())
[2018.06.26-15.43.38:022][960]PIE: UWidget::RemoveFromParent() called on '/Engine/Transient.Image_44' which has no UMG parent (if it was added directly to a native Slate widget via TakeWidget() then it must be removed explicitly rather than via RemoveFromParent())
[2018.06.26-15.43.38:023][960]PIE: UWidget::RemoveFromParent() called on '/Engine/Transient.Image_46' which has no UMG parent (if it was added directly to a native Slate widget via TakeWidget() then it must be removed explicitly rather than via RemoveFromParent())
[2018.06.26-15.43.38:025][960]PIE: UWidget::RemoveFromParent() called on '/Engine/Transient.Image_48' which has no UMG parent (if it was added directly to a native Slate widget via TakeWidget() then it must be removed explicitly rather than via RemoveFromParent())
[2018.06.26-15.43.38:043][961]PIE: UWidget::RemoveFromParent() called on '/Engine/Transient.Image_50' which has no UMG parent (if it was added directly to a native Slate widget via TakeWidget() then it must be removed explicitly rather than via RemoveFromParent())
[2018.06.26-15.43.38:044][961]PIE: UWidget::RemoveFromParent() called on '/Engine/Transient.Image_52' which has no UMG parent (if it was added directly to a native Slate widget via TakeWidget() then it must be removed explicitly rather than via RemoveFromParent())
[2018.06.26-15.43.38:045][961]PIE: UWidget::RemoveFromParent() called on '/Engine/Transient.Image_54' which has no UMG parent (if it was added directly to a native Slate widget via TakeWidget() then it must be removed explicitly rather than via RemoveFromParent())
[2018.06.26-15.43.38:047][961]PIE: UWidget::RemoveFromParent() called on '/Engine/Transient.Image_56' which has no UMG parent (if it was added directly to a native Slate widget via TakeWidget() then it must be removed explicitly rather than via RemoveFromParent())
[2018.06.26-15.43.38:065][962]PIE: UWidget::RemoveFromParent() called on '/Engine/Transient.Image_58' which has no UMG parent (if it was added directly to a native Slate widget via TakeWidget() then it must be removed explicitly rather than via RemoveFromParent())
[2018.06.26-15.43.38:068][962]PIE: UWidget::RemoveFromParent() called on '/Engine/Transient.Image_60' which has no UMG parent (if it was added directly to a native Slate widget via TakeWidget() then it must be removed explicitly rather than via RemoveFromParent())
[2018.06.26-15.43.38:086][963]PIE: UWidget::RemoveFromParent() called on '/Engine/Transient.Image_62' which has no UMG parent (if it was added directly to a native Slate widget via TakeWidget() then it must be removed explicitly rather than via RemoveFromParent())
[2018.06.26-15.43.38:088][963]PIE: UWidget::RemoveFromParent() called on '/Engine/Transient.Image_64' which has no UMG parent (if it was added directly to a native Slate widget via TakeWidget() then it must be removed explicitly rather than via RemoveFromParent())
[2018.06.26-15.43.38:090][963]PIE: UWidget::RemoveFromParent() called on '/Engine/Transient.Image_66' which has no UMG parent (if it was added directly to a native Slate widget via TakeWidget() then it must be removed explicitly rather than via RemoveFromParent())
[2018.06.26-15.43.38:109][964]PIE: UWidget::RemoveFromParent() called on '/Engine/Transient.Image_68' which has no UMG parent (if it was added directly to a native Slate widget via TakeWidget() then it must be removed explicitly rather than via RemoveFromParent())
[2018.06.26-15.43.38:112][964]PIE: UWidget::RemoveFromParent() called on '/Engine/Transient.Image_70' which has no UMG parent (if it was added directly to a native Slate widget via TakeWidget() then it must be removed explicitly rather than via RemoveFromParent())
[2018.06.26-15.43.38:131][965]PIE: UWidget::RemoveFromParent() called on '/Engine/Transient.Image_72' which has no UMG parent (if it was added directly to a native Slate widget via TakeWidget() then it must be removed explicitly rather than via RemoveFromParent())
[2018.06.26-15.43.38:133][965]PIE: UWidget::RemoveFromParent() called on '/Engine/Transient.Image_74' which has no UMG parent (if it was added directly to a native Slate widget via TakeWidget() then it must be removed explicitly rather than via RemoveFromParent())
[2018.06.26-15.43.38:151][966]PIE: UWidget::RemoveFromParent() called on '/Engine/Transient.Image_76' which has no UMG parent (if it was added directly to a native Slate widget via TakeWidget() then it must be removed explicitly rather than via RemoveFromParent())
[2018.06.26-15.43.38:153][966]PIE: UWidget::RemoveFromParent() called on '/Engine/Transient.Image_78' which has no UMG parent (if it was added directly to a native Slate widget via TakeWidget() then it must be removed explicitly rather than via RemoveFromParent())
[2018.06.26-15.43.38:171][967]PIE: UWidget::RemoveFromParent() called on '/Engine/Transient.Image_80' which has no UMG parent (if it was added directly to a native Slate widget via TakeWidget() then it must be removed explicitly rather than via RemoveFromParent())
[2018.06.26-15.43.38:172][967]PIE: UWidget::RemoveFromParent() called on '/Engine/Transient.Image_82' which has no UMG parent (if it was added directly to a native Slate widget via TakeWidget() then it must be removed explicitly rather than via RemoveFromParent())
[2018.06.26-15.43.38:175][967]PIE: UWidget::RemoveFromParent() called on '/Engine/Transient.Image_84' which has no UMG parent (if it was added directly to a native Slate widget via TakeWidget() then it must be removed explicitly rather than via RemoveFromParent())
[2018.06.26-15.43.38:192][968]PIE: UWidget::RemoveFromParent() called on '/Engine/Transient.Image_86' which has no UMG parent (if it was added directly to a native Slate widget via TakeWidget() then it must be removed explicitly rather than via RemoveFromParent())
[2018.06.26-15.43.38:194][968]PIE: UWidget::RemoveFromParent() called on '/Engine/Transient.Image_88' which has no UMG parent (if it was added directly to a native Slate widget via TakeWidget() then it must be removed explicitly rather than via RemoveFromParent())
[2018.06.26-15.43.38:196][968]PIE: UWidget::RemoveFromParent() called on '/Engine/Transient.Image_90' which has no UMG parent (if it was added directly to a native Slate widget via TakeWidget() then it must be removed explicitly rather than via RemoveFromParent())
[2018.06.26-15.43.38:214][969]PIE: UWidget::RemoveFromParent() called on '/Engine/Transient.Image_92' which has no UMG parent (if it was added directly to a native Slate widget via TakeWidget() then it must be removed explicitly rather than via RemoveFromParent())
[2018.06.26-15.43.38:217][969]PIE: UWidget::RemoveFromParent() called on '/Engine/Transient.Image_94' which has no UMG parent (if it was added directly to a native Slate widget via TakeWidget() then it must be removed explicitly rather than via RemoveFromParent())
[2018.06.26-15.43.38:236][970]PIE: UWidget::RemoveFromParent() called on '/Engine/Transient.Image_96' which has no UMG parent (if it was added directly to a native Slate widget via TakeWidget() then it must be removed explicitly rather than via RemoveFromParent())
[2018.06.26-15.43.38:239][970]PIE: UWidget::RemoveFromParent() called on '/Engine/Transient.Image_98' which has no UMG parent (if it was added directly to a native Slate widget via TakeWidget() then it must be removed explicitly rather than via RemoveFromParent())
[2018.06.26-15.43.38:257][971]PIE: UWidget::RemoveFromParent() called on '/Engine/Transient.Image_100' which has no UMG parent (if it was added directly to a native Slate widget via TakeWidget() then it must be removed explicitly rather than via RemoveFromParent())
[2018.06.26-15.43.38:260][971]PIE: UWidget::RemoveFromParent() called on '/Engine/Transient.Image_102' which has no UMG parent (if it was added directly to a native Slate widget via TakeWidget() then it must be removed explicitly rather than via RemoveFromParent())
[2018.06.26-15.43.38:279][972]PIE: UWidget::RemoveFromParent() called on '/Engine/Transient.Image_104' which has no UMG parent (if it was added directly to a native Slate widget via TakeWidget() then it must be removed explicitly rather than via RemoveFromParent())
[2018.06.26-15.43.38:280][972]PIE: UWidget::RemoveFromParent() called on '/Engine/Transient.Image_106' which has no UMG parent (if it was added directly to a native Slate widget via TakeWidget() then it must be removed explicitly rather than via RemoveFromParent())
[2018.06.26-15.43.38:282][972]PIE: UWidget::RemoveFromParent() called on '/Engine/Transient.Image_108' which has no UMG parent (if it was added directly to a native Slate widget via TakeWidget() then it must be removed explicitly rather than via RemoveFromParent())
[2018.06.26-15.43.38:301][973]PIE: UWidget::RemoveFromParent() called on '/Engine/Transient.Image_110' which has no UMG parent (if it was added directly to a native Slate widget via TakeWidget() then it must be removed explicitly rather than via RemoveFromParent())
[2018.06.26-15.43.38:302][973]PIE: UWidget::RemoveFromParent() called on '/Engine/Transient.Image_112' which has no UMG parent (if it was added directly to a native Slate widget via TakeWidget() then it must be removed explicitly rather than via RemoveFromParent())
[2018.06.26-15.43.38:304][973]PIE: UWidget::RemoveFromParent() called on '/Engine/Transient.Image_114' which has no UMG parent (if it was added directly to a native Slate widget via TakeWidget() then it must be removed explicitly rather than via RemoveFromParent())
[2018.06.26-15.43.38:323][974]PIE: UWidget::RemoveFromParent() called on '/Engine/Transient.Image_116' which has no UMG parent (if it was added directly to a native Slate widget via TakeWidget() then it must be removed explicitly rather than via RemoveFromParent())
[2018.06.26-15.43.38:326][974]PIE: UWidget::RemoveFromParent() called on '/Engine/Transient.Image_118' which has no UMG parent (if it was added directly to a native Slate widget via TakeWidget() then it must be removed explicitly rather than via RemoveFromParent())
[2018.06.26-15.43.38:345][975]PIE: UWidget::RemoveFromParent() called on '/Engine/Transient.Image_120' which has no UMG parent (if it was added directly to a native Slate widget via TakeWidget() then it must be removed explicitly rather than via RemoveFromParent())
[2018.06.26-15.43.38:346][975]PIE: UWidget::RemoveFromParent() called on '/Engine/Transient.Image_122' which has no UMG parent (if it was added directly to a native Slate widget via TakeWidget() then it must be removed explicitly rather than via RemoveFromParent())
[2018.06.26-15.43.38:348][975]PIE: UWidget::RemoveFromParent() called on '/Engine/Transient.Image_124' which has no UMG parent (if it was added directly to a native Slate widget via TakeWidget() then it must be removed explicitly rather than via RemoveFromParent())
[2018.06.26-15.43.38:350][975]PIE: UWidget::RemoveFromParent() called on '/Engine/Transient.Image_126' which has no UMG parent (if it was added directly to a native Slate widget via TakeWidget() then it must be removed explicitly rather than via RemoveFromParent())
[2018.06.26-15.43.38:368][976]PIE: UWidget::RemoveFromParent() called on '/Engine/Transient.Image_128' which has no UMG parent (if it was added directly to a native Slate widget via TakeWidget() then it must be removed explicitly rather than via RemoveFromParent())
[2018.06.26-15.43.38:370][976]PIE: UWidget::RemoveFromParent() called on '/Engine/Transient.Image_130' which has no UMG parent (if it was added directly to a native Slate widget via TakeWidget() then it must be removed explicitly rather than via RemoveFromParent())
[2018.06.26-15.43.38:371][976]PIE: UWidget::RemoveFromParent() called on '/Engine/Transient.Image_132' which has no UMG parent (if it was added directly to a native Slate widget via TakeWidget() then it must be removed explicitly rather than via RemoveFromParent())
[2018.06.26-15.43.38:374][976]PIE: UWidget::RemoveFromParent() called on '/Engine/Transient.Image_134' which has no UMG parent (if it was added directly to a native Slate widget via TakeWidget() then it must be removed explicitly rather than via RemoveFromParent())
[2018.06.26-15.43.38:392][977]PIE: UWidget::RemoveFromParent() called on '/Engine/Transient.Image_136' which has no UMG parent (if it was added directly to a native Slate widget via TakeWidget() then it must be removed explicitly rather than via RemoveFromParent())
[2018.06.26-15.43.38:394][977]PIE: UWidget::RemoveFromParent() called on '/Engine/Transient.Image_138' which has no UMG parent (if it was added directly to a native Slate widget via TakeWidget() then it must be removed explicitly rather than via RemoveFromParent())
[2018.06.26-15.43.38:413][978]PIE: UWidget::RemoveFromParent() called on '/Engine/Transient.Image_140' which has no UMG parent (if it was added directly to a native Slate widget via TakeWidget() then it must be removed explicitly rather than via RemoveFromParent())
[2018.06.26-15.43.38:414][978]PIE: UWidget::RemoveFromParent() called on '/Engine/Transient.Image_142' which has no UMG parent (if it was added directly to a native Slate widget via TakeWidget() then it must be removed explicitly rather than via RemoveFromParent())
[2018.06.26-15.43.38:416][978]PIE: UWidget::RemoveFromParent() called on '/Engine/Transient.Image_144' which has no UMG parent (if it was added directly to a native Slate widget via TakeWidget() then it must be removed explicitly rather than via RemoveFromParent())
[2018.06.26-15.43.38:434][979]PIE: UWidget::RemoveFromParent() called on '/Engine/Transient.Image_146' which has no UMG parent (if it was added directly to a native Slate widget via TakeWidget() then it must be removed explicitly rather than via RemoveFromParent())
[2018.06.26-15.43.38:436][979]PIE: UWidget::RemoveFromParent() called on '/Engine/Transient.Image_148' which has no UMG parent (if it was added directly to a native Slate widget via TakeWidget() then it must be removed explicitly rather than via RemoveFromParent())
[2018.06.26-15.43.38:438][979]PIE: UWidget::RemoveFromParent() called on '/Engine/Transient.Image_150' which has no UMG parent (if it was added directly to a native Slate widget via TakeWidget() then it must be removed explicitly rather than via RemoveFromParent())
[2018.06.26-15.43.38:456][980]PIE: UWidget::RemoveFromParent() called on '/Engine/Transient.Image_152' which has no UMG parent (if it was added directly to a native Slate widget via TakeWidget() then it must be removed explicitly rather than via RemoveFromParent())
[2018.06.26-15.43.38:457][980]PIE: UWidget::RemoveFromParent() called on '/Engine/Transient.Image_154' which has no UMG parent (if it was added directly to a native Slate widget via TakeWidget() then it must be removed explicitly rather than via RemoveFromParent())
[2018.06.26-15.43.38:460][980]PIE: UWidget::RemoveFromParent() called on '/Engine/Transient.Image_156' which has no UMG parent (if it was added directly to a native Slate widget via TakeWidget() then it must be removed explicitly rather than via RemoveFromParent())
[2018.06.26-15.43.38:479][981]PIE: UWidget::RemoveFromParent() called on '/Engine/Transient.Image_158' which has no UMG parent (if it was added directly to a native Slate widget via TakeWidget() then it must be removed explicitly rather than via RemoveFromParent())
[2018.06.26-15.43.38:480][981]PIE: UWidget::RemoveFromParent() called on '/Engine/Transient.Image_160' which has no UMG parent (if it was added directly to a native Slate widget via TakeWidget() then it must be removed explicitly rather than via RemoveFromParent())
[2018.06.26-15.43.38:481][981]PIE: UWidget::RemoveFromParent() called on '/Engine/Transient.Image_162' which has no UMG parent (if it was added directly to a native Slate widget via TakeWidget() then it must be removed explicitly rather than via RemoveFromParent())
[2018.06.26-15.43.38:483][981]PIE: UWidget::RemoveFromParent() called on '/Engine/Transient.Image_164' which has no UMG parent (if it was added directly to a native Slate widget via TakeWidget() then it must be removed explicitly rather than via RemoveFromParent())
[2018.06.26-15.43.38:501][982]PIE: UWidget::RemoveFromParent() called on '/Engine/Transient.Image_166' which has no UMG parent (if it was added directly to a native Slate widget via TakeWidget() then it must be removed explicitly rather than via RemoveFromParent())
[2018.06.26-15.43.38:502][982]PIE: UWidget::RemoveFromParent() called on '/Engine/Transient.Image_168' which has no UMG parent (if it was added directly to a native Slate widget via TakeWidget() then it must be removed explicitly rather than via RemoveFromParent())
[2018.06.26-15.43.38:504][982]PIE: UWidget::RemoveFromParent() called on '/Engine/Transient.Image_170' which has no UMG parent (if it was added directly to a native Slate widget via TakeWidget() then it must be removed explicitly rather than via RemoveFromParent())
[2018.06.26-15.43.38:523][983]PIE: UWidget::RemoveFromParent() called on '/Engine/Transient.Image_172' which has no UMG parent (if it was added directly to a native Slate widget via TakeWidget() then it must be removed explicitly rather than via RemoveFromParent())
[2018.06.26-15.43.38:524][983]PIE: UWidget::RemoveFromParent() called on '/Engine/Transient.Image_174' which has no UMG parent (if it was added directly to a native Slate widget via TakeWidget() then it must be removed explicitly rather than via RemoveFromParent())
[2018.06.26-15.43.38:526][983]PIE: UWidget::RemoveFromParent() called on '/Engine/Transient.Image_176' which has no UMG parent (if it was added directly to a native Slate widget via TakeWidget() then it must be removed explicitly rather than via RemoveFromParent())
[2018.06.26-15.43.38:544][984]PIE: UWidget::RemoveFromParent() called on '/Engine/Transient.Image_178' which has no UMG parent (if it was added directly to a native Slate widget via TakeWidget() then it must be removed explicitly rather than via RemoveFromParent())
[2018.06.26-15.43.38:546][984]PIE: UWidget::RemoveFromParent() called on '/Engine/Transient.Image_180' which has no UMG parent (if it was added directly to a native Slate widget via TakeWidget() then it must be removed explicitly rather than via RemoveFromParent())
[2018.06.26-15.43.38:564][985]PIE: UWidget::RemoveFromParent() called on '/Engine/Transient.Image_182' which has no UMG parent (if it was added directly to a native Slate widget via TakeWidget() then it must be removed explicitly rather than via RemoveFromParent())
[2018.06.26-15.43.38:565][985]PIE: UWidget::RemoveFromParent() called on '/Engine/Transient.Image_184' which has no UMG parent (if it was added directly to a native Slate widget via TakeWidget() then it must be removed explicitly rather than via RemoveFromParent())
[2018.06.26-15.43.38:568][985]PIE: UWidget::RemoveFromParent() called on '/Engine/Transient.Image_186' which has no UMG parent (if it was added directly to a native Slate widget via TakeWidget() then it must be removed explicitly rather than via RemoveFromParent())
[2018.06.26-15.43.38:585][986]PIE: UWidget::RemoveFromParent() called on '/Engine/Transient.Image_188' which has no UMG parent (if it was added directly to a native Slate widget via TakeWidget() then it must be removed explicitly rather than via RemoveFromParent())
[2018.06.26-15.43.38:588][986]PIE: UWidget::RemoveFromParent() called on '/Engine/Transient.Image_190' which has no UMG parent (if it was added directly to a native Slate widget via TakeWidget() then it must be removed explicitly rather than via RemoveFromParent())
[2018.06.26-15.43.38:607][987]PIE: UWidget::RemoveFromParent() called on '/Engine/Transient.Image_192' which has no UMG parent (if it was added directly to a native Slate widget via TakeWidget() then it must be removed explicitly rather than via RemoveFromParent())
[2018.06.26-15.43.38:624][988]PIE: UWidget::RemoveFromParent() called on '/Engine/Transient.Image_194' which has no UMG parent (if it was added directly to a native Slate widget via TakeWidget() then it must be removed explicitly rather than via RemoveFromParent())
[2018.06.26-15.43.38:627][988]PIE: UWidget::RemoveFromParent() called on '/Engine/Transient.Image_196' which has no UMG parent (if it was added directly to a native Slate widget via TakeWidget() then it must be removed explicitly rather than via RemoveFromParent())
[2018.06.26-15.43.38:646][989]PIE: UWidget::RemoveFromParent() called on '/Engine/Transient.Image_198' which has no UMG parent (if it was added directly to a native Slate widget via TakeWidget() then it must be removed explicitly rather than via RemoveFromParent())
[2018.06.26-15.43.38:664][990]PIE: UWidget::RemoveFromParent() called on '/Engine/Transient.Image_200' which has no UMG parent (if it was added directly to a native Slate widget via TakeWidget() then it must be removed explicitly rather than via RemoveFromParent())
[2018.06.26-15.43.38:683][991]PIE: UWidget::RemoveFromParent() called on '/Engine/Transient.Image_202' which has no UMG parent (if it was added directly to a native Slate widget via TakeWidget() then it must be removed explicitly rather than via RemoveFromParent())
[2018.06.26-15.43.38:703][992]PIE: UWidget::RemoveFromParent() called on '/Engine/Transient.Image_204' which has no UMG parent (if it was added directly to a native Slate widget via TakeWidget() then it must be removed explicitly rather than via RemoveFromParent())
[2018.06.26-15.43.38:722][993]PIE: UWidget::RemoveFromParent() called on '/Engine/Transient.Image_206' which has no UMG parent (if it was added directly to a native Slate widget via TakeWidget() then it must be removed explicitly rather than via RemoveFromParent())
[2018.06.26-15.43.38:741][994]PIE: UWidget::RemoveFromParent() called on '/Engine/Transient.Image_208' which has no UMG parent (if it was added directly to a native Slate widget via TakeWidget() then it must be removed explicitly rather than via RemoveFromParent())
[2018.06.26-15.43.38:761][995]PIE: UWidget::RemoveFromParent() called on '/Engine/Transient.Image_210' which has no UMG parent (if it was added directly to a native Slate widget via TakeWidget() then it must be removed explicitly rather than via RemoveFromParent())
[2018.06.26-15.43.38:779][996]PIE: UWidget::RemoveFromParent() called on '/Engine/Transient.Image_212' which has no UMG parent (if it was added directly to a native Slate widget via TakeWidget() then it must be removed explicitly rather than via RemoveFromParent())
[2018.06.26-15.43.38:798][997]PIE: UWidget::RemoveFromParent() called on '/Engine/Transient.Image_214' which has no UMG parent (if it was added directly to a native Slate widget via TakeWidget() then it must be removed explicitly rather than via RemoveFromParent())
[2018.06.26-15.43.38:816][998]LogUObjectGlobals: Destroyed PersistentFrame Addr=0x00000000b82a6688, Size=4
[2018.06.26-15.43.38:816][998]LogUObjectGlobals: Created PersistentFrame Addr=0x00000000b82a6688, Size=4, Default__SKEL_StaminaHUD_C Function /Engine/Transient.REINST_SKEL_StaminaHUD_C_7:ExecuteUbergraph_StaminaHUD
[2018.06.26-15.43.38:818][998]LogUObjectGlobals: Created PersistentFrame Addr=0x00000000b82a7f80, Size=4, Default__SKEL_StaminaHUD_C Function /Game/StaminaHUD.SKEL_StaminaHUD_C:ExecuteUbergraph_StaminaHUD
[2018.06.26-15.43.56:318][915]LogUObjectGlobals: Destroyed PersistentFrame Addr=0x00000000b82a7f80, Size=4
[2018.06.26-15.43.56:318][915]LogUObjectGlobals: Created PersistentFrame Addr=0x00000000b82a7f80, Size=4, Default__SKEL_StaminaHUD_C Function /Engine/Transient.REINST_SKEL_StaminaHUD_C_8:ExecuteUbergraph_StaminaHUD
[2018.06.26-15.43.56:320][915]LogUObjectGlobals: Created PersistentFrame Addr=0x00000000b82a54a0, Size=4, Default__SKEL_StaminaHUD_C Function /Game/StaminaHUD.SKEL_StaminaHUD_C:ExecuteUbergraph_StaminaHUD
