Log file open, 06/25/18 17:49:23
LogWindows: Failed to load 'aqProf.dll' (GetLastError=126)
LogWindows: File 'aqProf.dll' does not exist
LogWindows: Failed to load 'VtuneApi.dll' (GetLastError=126)
LogWindows: File 'VtuneApi.dll' does not exist
LogWindows: Failed to load 'VtuneApi32e.dll' (GetLastError=126)
LogWindows: File 'VtuneApi32e.dll' does not exist
LogInit: Display: Running engine for game: APatheticGame
LogPlatformFile: Not using cached read wrapper
LogInit: Display: RandInit(1837038978) SRandInit(1837038978).
LogInit: Read version file with build ID '3944462'
LogInit: Overriding engine version to CL 4033788, compatible CL 3944462
LogInit: Registered custom module enumerator with build ID '3944462'
LogTaskGraph: Started task graph with 5 named threads and 14 total threads with 3 sets of task threads.
LogStats: Stats thread started at 0.162469
LogD3D11RHI: Aftermath initialized
LogICUInternationalization: Display: ICU TimeZone Detection - Raw Offset: -5:00, Platform Override: ''
LogPluginManager: Mounting plugin Paper2D
LogPluginManager: Mounting plugin LiveLink
LogPluginManager: Mounting plugin LightPropagationVolume
LogPluginManager: Mounting plugin CLionSourceCodeAccess
LogPluginManager: Mounting plugin CodeLiteSourceCodeAccess
LogPluginManager: Mounting plugin GitSourceControl
LogPluginManager: Mounting plugin KDevelopSourceCodeAccess
LogPluginManager: Mounting plugin NullSourceCodeAccess
LogPluginManager: Mounting plugin PerforceSourceControl
LogPluginManager: Mounting plugin SubversionSourceControl
LogPluginManager: Mounting plugin UObjectPlugin
LogPluginManager: Mounting plugin VisualStudioCodeSourceCodeAccess
LogPluginManager: Mounting plugin VisualStudioSourceCodeAccess
LogPluginManager: Mounting plugin XCodeSourceCodeAccess
LogPluginManager: Mounting plugin AssetManagerEditor
LogPluginManager: Mounting plugin CryptoKeys
LogPluginManager: Mounting plugin DataValidation
LogPluginManager: Mounting plugin FacialAnimation
LogPluginManager: Mounting plugin GameplayTagsEditor
LogPluginManager: Mounting plugin MobileLauncherProfileWizard
LogPluginManager: Mounting plugin PluginBrowser
LogPluginManager: Mounting plugin SpeedTreeImporter
LogPluginManager: Mounting plugin DatasmithContent
LogPluginManager: Mounting plugin AlembicImporter
LogPluginManager: Mounting plugin CharacterAI
LogPluginManager: Mounting plugin HTML5Networking
LogPluginManager: Mounting plugin AndroidMedia
LogPluginManager: Mounting plugin AvfMedia
LogPluginManager: Mounting plugin ImgMedia
LogPluginManager: Mounting plugin LinearTimecode
LogPluginManager: Mounting plugin MediaCompositing
LogPluginManager: Mounting plugin MediaPlayerEditor
LogPluginManager: Mounting plugin WmfMedia
LogPluginManager: Mounting plugin TcpMessaging
LogPluginManager: Mounting plugin UdpMessaging
LogPluginManager: Mounting plugin ActorSequence
LogPluginManager: Mounting plugin LevelSequenceEditor
LogPluginManager: Mounting plugin MatineeToLevelSequence
LogPluginManager: Mounting plugin NetcodeUnitTest
LogPluginManager: Mounting plugin NUTUnrealEngine4
LogPluginManager: Mounting plugin OnlineSubsystemGooglePlay
LogPluginManager: Mounting plugin OnlineSubsystemIOS
LogPluginManager: Mounting plugin OnlineSubsystem
LogPluginManager: Mounting plugin OnlineSubsystemNull
LogPluginManager: Mounting plugin OnlineSubsystemUtils
LogPluginManager: Mounting plugin AndroidDeviceProfileSelector
LogPluginManager: Mounting plugin AndroidMoviePlayer
LogPluginManager: Mounting plugin AndroidPermission
LogPluginManager: Mounting plugin AppleARKit
LogPluginManager: Mounting plugin AppleMoviePlayer
LogPluginManager: Mounting plugin ArchVisCharacter
LogPluginManager: Mounting plugin AudioCapture
LogPluginManager: Mounting plugin CableComponent
LogPluginManager: Mounting plugin CustomMeshComponent
LogPluginManager: Mounting plugin ExampleDeviceProfileSelector
LogPluginManager: Mounting plugin GameplayAbilities
LogPluginManager: Mounting plugin GoogleCloudMessaging
LogPluginManager: Mounting plugin ImmediatePhysics
LogPluginManager: Mounting plugin IOSDeviceProfileSelector
LogPluginManager: Mounting plugin LinuxDeviceProfileSelector
LogPluginManager: Mounting plugin LocationServicesBPLibrary
LogPluginManager: Mounting plugin MobilePatchingUtils
LogPluginManager: Mounting plugin OculusVR
LogPluginManager: Plugin shader directory ../../../Engine/Plugins/Runtime/Oculus/OculusVR/Shaders found
LogPluginManager: Mapping shader source directory ../../../Engine/Plugins/Runtime/Oculus/OculusVR/Shaders to virtual directory /Plugin/OculusVR
LogPluginManager: Mounting plugin PhysXVehicles
LogPluginManager: Mounting plugin ProceduralMeshComponent
LogPluginManager: Mounting plugin RuntimePhysXCooking
LogPluginManager: Mounting plugin SteamVR
LogPluginManager: Mounting plugin WindowsMoviePlayer
LogStreaming: Display: Took  0.093s to configure plugins.
LogModuleManager: Display: Found up-to-date module file ../../../../../../Users/DasSKander/Documents/Unreal Projects/APatheticGame3/Binaries/Win64/UE4Editor-APatheticGame-2377.dll (API version 3944462).
LogModuleManager: Display: Found up-to-date module file ../../../Engine/Plugins/2D/Paper2D/Binaries/Win64/UE4Editor-Paper2D.dll (API version 3944462).
LogModuleManager: Display: Found up-to-date module file ../../../Engine/Plugins/2D/Paper2D/Binaries/Win64/UE4Editor-Paper2DEditor.dll (API version 3944462).
LogModuleManager: Display: Found up-to-date module file ../../../Engine/Plugins/2D/Paper2D/Binaries/Win64/UE4Editor-PaperSpriteSheetImporter.dll (API version 3944462).
LogModuleManager: Display: Found up-to-date module file ../../../Engine/Plugins/2D/Paper2D/Binaries/Win64/UE4Editor-PaperTiledImporter.dll (API version 3944462).
LogModuleManager: Display: Found up-to-date module file ../../../Engine/Plugins/2D/Paper2D/Binaries/Win64/UE4Editor-SmartSnapping.dll (API version 3944462).
LogModuleManager: Display: Found up-to-date module file ../../../Engine/Plugins/Animation/LiveLink/Binaries/Win64/UE4Editor-LiveLink.dll (API version 3944462).
LogModuleManager: Display: Found up-to-date module file ../../../Engine/Plugins/Animation/LiveLink/Binaries/Win64/UE4Editor-LiveLinkEditor.dll (API version 3944462).
LogModuleManager: Display: Found up-to-date module file ../../../Engine/Plugins/Blendables/LightPropagationVolume/Binaries/Win64/UE4Editor-LightPropagationVolumeRuntime.dll (API version 3944462).
LogModuleManager: Display: Found up-to-date module file ../../../Engine/Plugins/Blendables/LightPropagationVolume/Binaries/Win64/UE4Editor-LightPropagationVolumeEditor.dll (API version 3944462).
LogModuleManager: Display: Found up-to-date module file ../../../Engine/Plugins/Developer/CLionSourceCodeAccess/Binaries/Win64/UE4Editor-CLionSourceCodeAccess.dll (API version 3944462).
LogModuleManager: Display: Found up-to-date module file ../../../Engine/Plugins/Developer/GitSourceControl/Binaries/Win64/UE4Editor-GitSourceControl.dll (API version 3944462).
LogModuleManager: Display: Found up-to-date module file ../../../Engine/Plugins/Developer/PerforceSourceControl/Binaries/Win64/UE4Editor-PerforceSourceControl.dll (API version 3944462).
LogModuleManager: Display: Found up-to-date module file ../../../Engine/Plugins/Developer/SubversionSourceControl/Binaries/Win64/UE4Editor-SubversionSourceControl.dll (API version 3944462).
LogModuleManager: Display: Found up-to-date module file ../../../Engine/Plugins/Developer/UObjectPlugin/Binaries/Win64/UE4Editor-UObjectPlugin.dll (API version 3944462).
LogModuleManager: Display: Found up-to-date module file ../../../Engine/Plugins/Developer/VisualStudioCodeSourceCodeAccess/Binaries/Win64/UE4Editor-VisualStudioCodeSourceCodeAccess.dll (API version 3944462).
LogModuleManager: Display: Found up-to-date module file ../../../Engine/Plugins/Developer/VisualStudioSourceCodeAccess/Binaries/Win64/UE4Editor-VisualStudioSourceCodeAccess.dll (API version 3944462).
LogModuleManager: Display: Found up-to-date module file ../../../Engine/Plugins/Editor/AssetManagerEditor/Binaries/Win64/UE4Editor-AssetManagerEditor.dll (API version 3944462).
LogModuleManager: Display: Found up-to-date module file ../../../Engine/Plugins/Editor/CryptoKeys/Binaries/Win64/UE4Editor-CryptoKeys.dll (API version 3944462).
LogModuleManager: Display: Found up-to-date module file ../../../Engine/Plugins/Editor/CryptoKeys/Binaries/Win64/UE4Editor-CryptoKeysOpenSSL.dll (API version 3944462).
LogModuleManager: Display: Found up-to-date module file ../../../Engine/Plugins/Editor/DataValidation/Binaries/Win64/UE4Editor-DataValidation.dll (API version 3944462).
LogModuleManager: Display: Found up-to-date module file ../../../Engine/Plugins/Editor/FacialAnimation/Binaries/Win64/UE4Editor-FacialAnimation.dll (API version 3944462).
LogModuleManager: Display: Found up-to-date module file ../../../Engine/Plugins/Editor/FacialAnimation/Binaries/Win64/UE4Editor-FacialAnimationEditor.dll (API version 3944462).
LogModuleManager: Display: Found up-to-date module file ../../../Engine/Plugins/Editor/GameplayTagsEditor/Binaries/Win64/UE4Editor-GameplayTagsEditor.dll (API version 3944462).
LogModuleManager: Display: Found up-to-date module file ../../../Engine/Plugins/Editor/MobileLauncherProfileWizard/Binaries/Win64/UE4Editor-MobileLauncherProfileWizard.dll (API version 3944462).
LogModuleManager: Display: Found up-to-date module file ../../../Engine/Plugins/Editor/PluginBrowser/Binaries/Win64/UE4Editor-PluginBrowser.dll (API version 3944462).
LogModuleManager: Display: Found up-to-date module file ../../../Engine/Plugins/Editor/SpeedTreeImporter/Binaries/Win64/UE4Editor-SpeedTreeImporter.dll (API version 3944462).
LogModuleManager: Display: Found up-to-date module file ../../../Engine/Plugins/Enterprise/DatasmithContent/Binaries/Win64/UE4Editor-DatasmithContent.dll (API version 3944462).
LogModuleManager: Display: Found up-to-date module file ../../../Engine/Plugins/Experimental/AlembicImporter/Binaries/Win64/UE4Editor-AlembicImporter.dll (API version 3944462).
LogModuleManager: Display: Found up-to-date module file ../../../Engine/Plugins/Experimental/AlembicImporter/Binaries/Win64/UE4Editor-AlembicLibrary.dll (API version 3944462).
LogModuleManager: Display: Found up-to-date module file ../../../Engine/Plugins/Experimental/CharacterAI/Binaries/Win64/UE4Editor-CharacterAI.dll (API version 3944462).
LogModuleManager: Display: Found up-to-date module file ../../../Engine/Plugins/Experimental/HTML5Networking/Binaries/Win64/UE4Editor-HTML5Networking.dll (API version 3944462).
LogModuleManager: Display: Found up-to-date module file ../../../Engine/Plugins/Media/AndroidMedia/Binaries/Win64/UE4Editor-AndroidMediaEditor.dll (API version 3944462).
LogModuleManager: Display: Found up-to-date module file ../../../Engine/Plugins/Media/AndroidMedia/Binaries/Win64/UE4Editor-AndroidMediaFactory.dll (API version 3944462).
LogModuleManager: Display: Found up-to-date module file ../../../Engine/Plugins/Media/AvfMedia/Binaries/Win64/UE4Editor-AvfMediaEditor.dll (API version 3944462).
LogModuleManager: Display: Found up-to-date module file ../../../Engine/Plugins/Media/AvfMedia/Binaries/Win64/UE4Editor-AvfMediaFactory.dll (API version 3944462).
LogModuleManager: Display: Found up-to-date module file ../../../Engine/Plugins/Media/AvfMedia/Binaries/Win64/UE4Editor-AvfMediaFactory.dll (API version 3944462).
LogModuleManager: Display: Found up-to-date module file ../../../Engine/Plugins/Media/ImgMedia/Binaries/Win64/UE4Editor-ImgMedia.dll (API version 3944462).
LogModuleManager: Display: Found up-to-date module file ../../../Engine/Plugins/Media/ImgMedia/Binaries/Win64/UE4Editor-ImgMediaEditor.dll (API version 3944462).
LogModuleManager: Display: Found up-to-date module file ../../../Engine/Plugins/Media/ImgMedia/Binaries/Win64/UE4Editor-ImgMediaFactory.dll (API version 3944462).
LogModuleManager: Display: Found up-to-date module file ../../../Engine/Plugins/Media/ImgMedia/Binaries/Win64/UE4Editor-ImgMediaFactory.dll (API version 3944462).
LogModuleManager: Display: Found up-to-date module file ../../../Engine/Plugins/Media/ImgMedia/Binaries/Win64/UE4Editor-OpenExrWrapper.dll (API version 3944462).
LogModuleManager: Display: Found up-to-date module file ../../../Engine/Plugins/Media/LinearTimecode/Binaries/Win64/UE4Editor-LinearTimecode.dll (API version 3944462).
LogModuleManager: Display: Found up-to-date module file ../../../Engine/Plugins/Media/MediaCompositing/Binaries/Win64/UE4Editor-MediaCompositing.dll (API version 3944462).
LogModuleManager: Display: Found up-to-date module file ../../../Engine/Plugins/Media/MediaCompositing/Binaries/Win64/UE4Editor-MediaCompositingEditor.dll (API version 3944462).
LogModuleManager: Display: Found up-to-date module file ../../../Engine/Plugins/Media/MediaPlayerEditor/Binaries/Win64/UE4Editor-MediaPlayerEditor.dll (API version 3944462).
LogModuleManager: Display: Found up-to-date module file ../../../Engine/Plugins/Media/WmfMedia/Binaries/Win64/UE4Editor-WmfMedia.dll (API version 3944462).
LogModuleManager: Display: Found up-to-date module file ../../../Engine/Plugins/Media/WmfMedia/Binaries/Win64/UE4Editor-WmfMediaEditor.dll (API version 3944462).
LogModuleManager: Display: Found up-to-date module file ../../../Engine/Plugins/Media/WmfMedia/Binaries/Win64/UE4Editor-WmfMediaFactory.dll (API version 3944462).
LogModuleManager: Display: Found up-to-date module file ../../../Engine/Plugins/Media/WmfMedia/Binaries/Win64/UE4Editor-WmfMediaFactory.dll (API version 3944462).
LogModuleManager: Display: Found up-to-date module file ../../../Engine/Plugins/Messaging/TcpMessaging/Binaries/Win64/UE4Editor-TcpMessaging.dll (API version 3944462).
LogModuleManager: Display: Found up-to-date module file ../../../Engine/Plugins/Messaging/UdpMessaging/Binaries/Win64/UE4Editor-UdpMessaging.dll (API version 3944462).
LogModuleManager: Display: Found up-to-date module file ../../../Engine/Plugins/MovieScene/ActorSequence/Binaries/Win64/UE4Editor-ActorSequence.dll (API version 3944462).
LogModuleManager: Display: Found up-to-date module file ../../../Engine/Plugins/MovieScene/LevelSequenceEditor/Binaries/Win64/UE4Editor-LevelSequenceEditor.dll (API version 3944462).
LogModuleManager: Display: Found up-to-date module file ../../../Engine/Plugins/MovieScene/MatineeToLevelSequence/Binaries/Win64/UE4Editor-MatineeToLevelSequence.dll (API version 3944462).
LogModuleManager: Display: Found up-to-date module file ../../../Engine/Plugins/NetcodeUnitTest/NetcodeUnitTest/Binaries/Win64/UE4Editor-NetcodeUnitTest.dll (API version 3944462).
LogModuleManager: Display: Found up-to-date module file ../../../Engine/Plugins/NetcodeUnitTest/NUTUnrealEngine4/Binaries/Win64/UE4Editor-NUTUnrealEngine4.dll (API version 3944462).
LogModuleManager: Display: Found up-to-date module file ../../../Engine/Plugins/Online/OnlineSubsystem/Binaries/Win64/UE4Editor-OnlineSubsystem.dll (API version 3944462).
LogModuleManager: Display: Found up-to-date module file ../../../Engine/Plugins/Online/OnlineSubsystemNull/Binaries/Win64/UE4Editor-OnlineSubsystemNull.dll (API version 3944462).
LogModuleManager: Display: Found up-to-date module file ../../../Engine/Plugins/Online/OnlineSubsystemUtils/Binaries/Win64/UE4Editor-OnlineSubsystemUtils.dll (API version 3944462).
LogModuleManager: Display: Found up-to-date module file ../../../Engine/Plugins/Online/OnlineSubsystemUtils/Binaries/Win64/UE4Editor-OnlineBlueprintSupport.dll (API version 3944462).
LogModuleManager: Display: Found up-to-date module file ../../../Engine/Plugins/Runtime/AndroidDeviceProfileSelector/Binaries/Win64/UE4Editor-AndroidDeviceProfileSelector.dll (API version 3944462).
LogModuleManager: Display: Found up-to-date module file ../../../Engine/Plugins/Runtime/AndroidPermission/Binaries/Win64/UE4Editor-AndroidPermission.dll (API version 3944462).
LogModuleManager: Display: Found up-to-date module file ../../../Engine/Plugins/Runtime/AppleARKit/Binaries/Win64/UE4Editor-AppleARKit.dll (API version 3944462).
LogModuleManager: Display: Found up-to-date module file ../../../Engine/Plugins/Runtime/ArchVisCharacter/Binaries/Win64/UE4Editor-ArchVisCharacter.dll (API version 3944462).
LogModuleManager: Display: Found up-to-date module file ../../../Engine/Plugins/Runtime/AudioCapture/Binaries/Win64/UE4Editor-AudioCapture.dll (API version 3944462).
LogModuleManager: Display: Found up-to-date module file ../../../Engine/Plugins/Runtime/AudioCapture/Binaries/Win64/UE4Editor-AudioCaptureEditor.dll (API version 3944462).
LogModuleManager: Display: Found up-to-date module file ../../../Engine/Plugins/Runtime/CableComponent/Binaries/Win64/UE4Editor-CableComponent.dll (API version 3944462).
LogModuleManager: Display: Found up-to-date module file ../../../Engine/Plugins/Runtime/CustomMeshComponent/Binaries/Win64/UE4Editor-CustomMeshComponent.dll (API version 3944462).
LogModuleManager: Display: Found up-to-date module file ../../../Engine/Plugins/Runtime/ExampleDeviceProfileSelector/Binaries/Win64/UE4Editor-ExampleDeviceProfileSelector.dll (API version 3944462).
LogModuleManager: Display: Found up-to-date module file ../../../Engine/Plugins/Runtime/GameplayAbilities/Binaries/Win64/UE4Editor-GameplayAbilities.dll (API version 3944462).
LogModuleManager: Display: Found up-to-date module file ../../../Engine/Plugins/Runtime/GameplayAbilities/Binaries/Win64/UE4Editor-GameplayAbilitiesEditor.dll (API version 3944462).
LogModuleManager: Display: Found up-to-date module file ../../../Engine/Plugins/Runtime/ImmediatePhysics/Binaries/Win64/UE4Editor-ImmediatePhysics.dll (API version 3944462).
LogModuleManager: Display: Found up-to-date module file ../../../Engine/Plugins/Runtime/ImmediatePhysics/Binaries/Win64/UE4Editor-ImmediatePhysicsEditor.dll (API version 3944462).
LogModuleManager: Display: Found up-to-date module file ../../../Engine/Plugins/Runtime/LocationServicesBPLibrary/Binaries/Win64/UE4Editor-LocationServicesBPLibrary.dll (API version 3944462).
LogModuleManager: Display: Found up-to-date module file ../../../Engine/Plugins/Runtime/MobilePatchingUtils/Binaries/Win64/UE4Editor-MobilePatchingUtils.dll (API version 3944462).
LogModuleManager: Display: Found up-to-date module file ../../../Engine/Plugins/Runtime/Oculus/OculusVR/Binaries/Win64/UE4Editor-OculusHMD.dll (API version 3944462).
LogModuleManager: Display: Found up-to-date module file ../../../Engine/Plugins/Runtime/Oculus/OculusVR/Binaries/Win64/UE4Editor-OculusInput.dll (API version 3944462).
LogModuleManager: Display: Found up-to-date module file ../../../Engine/Plugins/Runtime/Oculus/OculusVR/Binaries/Win64/UE4Editor-OculusEditor.dll (API version 3944462).
LogModuleManager: Display: Found up-to-date module file ../../../Engine/Plugins/Runtime/PhysXVehicles/Binaries/Win64/UE4Editor-PhysXVehicles.dll (API version 3944462).
LogModuleManager: Display: Found up-to-date module file ../../../Engine/Plugins/Runtime/PhysXVehicles/Binaries/Win64/UE4Editor-PhysXVehiclesEditor.dll (API version 3944462).
LogModuleManager: Display: Found up-to-date module file ../../../Engine/Plugins/Runtime/ProceduralMeshComponent/Binaries/Win64/UE4Editor-ProceduralMeshComponent.dll (API version 3944462).
LogModuleManager: Display: Found up-to-date module file ../../../Engine/Plugins/Runtime/ProceduralMeshComponent/Binaries/Win64/UE4Editor-ProceduralMeshComponentEditor.dll (API version 3944462).
LogModuleManager: Display: Found up-to-date module file ../../../Engine/Plugins/Runtime/RuntimePhysXCooking/Binaries/Win64/UE4Editor-RuntimePhysXCooking.dll (API version 3944462).
LogModuleManager: Display: Found up-to-date module file ../../../Engine/Plugins/Runtime/Steam/SteamVR/Binaries/Win64/UE4Editor-SteamVR.dll (API version 3944462).
LogModuleManager: Display: Found up-to-date module file ../../../Engine/Plugins/Runtime/Steam/SteamVR/Binaries/Win64/UE4Editor-SteamVRController.dll (API version 3944462).
LogModuleManager: Display: Found up-to-date module file ../../../Engine/Plugins/Runtime/WindowsMoviePlayer/Binaries/Win64/UE4Editor-WindowsMoviePlayer.dll (API version 3944462).
LogInit: Using libcurl 7.47.1
LogInit:  - built for x86_64-pc-win32
LogInit:  - supports SSL with OpenSSL/1.0.2g
LogInit:  - supports HTTP deflate (compression) using libz 1.2.8
LogInit:  - other features:
LogInit:      CURL_VERSION_SSL
LogInit:      CURL_VERSION_LIBZ
LogInit:      CURL_VERSION_IPV6
LogInit:      CURL_VERSION_ASYNCHDNS
LogInit:      CURL_VERSION_LARGEFILE
LogInit:      CURL_VERSION_IDN
LogInit:  CurlRequestOptions (configurable via config and command line):
LogInit:  - bVerifyPeer = false  - Libcurl will NOT verify peer certificate
LogInit:  - bUseHttpProxy = false  - Libcurl will NOT use HTTP proxy
LogInit:  - bDontReuseConnections = false  - Libcurl will reuse connections
LogInit:  - CertBundlePath = nullptr  - Libcurl will use whatever was configured at build time.
LogInit:  - MaxHostConnections = 16  - Libcurl will limit the number of connections to a host
LogInit:  - LocalHostAddr = Default
LogInit: WinSock: version 1.1 (2.2), MaxSocks=32767, MaxUdp=65467
LogInit: WinSock: I am Slasser (192.168.0.7:0)
LogInit: Build: ++UE4+Release-4.19-CL-4033788
LogInit: Engine Version: 4.19.2-4033788+++UE4+Release-4.19
LogInit: Compatible Engine Version: 4.19.0-3944462+++UE4+Release-4.19
LogInit: Net CL: 3944462
LogDevObjectVersion: Number of dev versions registered: 18
LogDevObjectVersion:   Dev-Blueprints (B0D832E4-1F89-4F0D-ACCF-7EB736FD4AA2): 10
LogDevObjectVersion:   Dev-Build (E1C64328-A22C-4D53-A36C-8E866417BD8C): 0
LogDevObjectVersion:   Dev-Core (375EC13C-06E4-48FB-B500-84F0262A717E): 2
LogDevObjectVersion:   Dev-Editor (E4B068ED-F494-42E9-A231-DA0B2E46BB41): 23
LogDevObjectVersion:   Dev-Framework (CFFC743F-43B0-4480-9391-14DF171D2073): 33
LogDevObjectVersion:   Dev-Mobile (B02B49B5-BB20-44E9-A304-32B752E40360): 2
LogDevObjectVersion:   Dev-Networking (A4E4105C-59A1-49B5-A7C5-40C4547EDFEE): 0
LogDevObjectVersion:   Dev-Online (39C831C9-5AE6-47DC-9A44-9C173E1C8E7C): 0
LogDevObjectVersion:   Dev-Physics (78F01B33-EBEA-4F98-B9B4-84EACCB95AA2): 0
LogDevObjectVersion:   Dev-Platform (6631380F-2D4D-43E0-8009-CF276956A95A): 0
LogDevObjectVersion:   Dev-Rendering (12F88B9F-8875-4AFC-A67C-D90C383ABD29): 25
LogDevObjectVersion:   Dev-Sequencer (7B5AE74C-D270-4C10-A958-57980B212A5A): 6
LogDevObjectVersion:   Dev-VR (D7296918-1DD6-4BDD-9DE2-64A83CC13884): 1
LogDevObjectVersion:   Dev-LoadTimes (C2A15278-BFE7-4AFE-6C17-90FF531DF755): 1
LogDevObjectVersion:   Private-Geometry (6EACA3D4-40EC-4CC1-B786-8BED09428FC5): 2
LogDevObjectVersion:   Dev-AnimPhys (29E575DD-E0A3-4627-9D10-D276232CDCEA): 16
LogDevObjectVersion:   Dev-ReflectionCapture (6B266CEC-1EC7-4B8F-A30B-E4D90942FC07): 1
LogDevObjectVersion:   Dev-Automation (0DF73D61-A23F-47EA-B727-89E90C41499A): 1
LogInit: Compiled (64-bit): Apr 27 2018 02:06:57
LogInit: Compiled with Visual C++: 19.00.24215.01
LogInit: Build Configuration: Development
LogInit: Branch Name: ++UE4+Release-4.19
LogInit: Command Line:  -game
LogInit: Base Directory: C:/Program Files/Epic Games/UE_4.19/Engine/Binaries/Win64/
LogInit: Installed Engine Build: 1
LogStreaming: Display: Took  0.003s to delete old logs.
LogInit: Presizing for max 8388607 objects, including 0 objects not considered by GC, pre-allocating 0 bytes for permanent pool.
LogInit: Object subsystem initialized
[2018.06.25-21.49.25:844][  0]LogInit: Selected Device Profile: [Windows]
[2018.06.25-21.49.25:844][  0]LogInit: Applying CVar settings loaded from the selected device profile: [Windows]
[2018.06.25-21.49.25:853][  0]LogInit: Computer: SLASSER
[2018.06.25-21.49.25:853][  0]LogInit: User: DasSKander
[2018.06.25-21.49.25:853][  0]LogInit: CPU Page size=4096, Cores=4
[2018.06.25-21.49.25:853][  0]LogInit: High frequency timer resolution =3.421953 MHz
[2018.06.25-21.49.25:853][  0]LogMemory: Memory total: Physical=16.0GB (16GB approx)
[2018.06.25-21.49.25:853][  0]LogMemory: Platform Memory Stats for Windows
[2018.06.25-21.49.25:853][  0]LogMemory: Process Physical Memory: 276.74 MB used, 276.74 MB peak
[2018.06.25-21.49.25:853][  0]LogMemory: Process Virtual Memory: 277.91 MB used, 277.91 MB peak
[2018.06.25-21.49.25:853][  0]LogMemory: Physical Memory: 8066.61 MB used,  8275.46 MB free, 16342.06 MB total
[2018.06.25-21.49.25:853][  0]LogMemory: Virtual Memory: 643.74 MB used,  8275.46 MB free, 8388608.00 MB total
[2018.06.25-21.49.25:877][  0]LogInit: Using OS detected language (en-US).
[2018.06.25-21.49.25:877][  0]LogInit: Using OS detected locale (en-US).
[2018.06.25-21.49.25:878][  0]LogTextLocalizationManager: No localization for 'en-US' exists, so 'en' will be used for the language.
[2018.06.25-21.49.25:878][  0]LogTextLocalizationManager: No localization for 'en-US' exists, so 'en' will be used for the locale.
[2018.06.25-21.49.26:271][  0]LogStreaming: Display: Took  0.393s to EndInitTextLocalization.
[2018.06.25-21.49.26:299][  0]LogSlate: New Slate User Created.  User Index 0, Is Virtual User: 0
[2018.06.25-21.49.26:299][  0]LogSlate: Slate User Registered.  User Index 0, Is Virtual User: 0
[2018.06.25-21.49.26:311][  0]LogD3D11RHI: D3D11 adapters:
[2018.06.25-21.49.26:341][  0]LogD3D11RHI:    0. 'NVIDIA GeForce GTX 1070' (Feature Level 11_0)
[2018.06.25-21.49.26:341][  0]LogD3D11RHI:       8085/0/7915 MB DedicatedVideo/DedicatedSystem/SharedSystem, Outputs:2, VendorId:0x10de
[2018.06.25-21.49.26:341][  0]LogD3D11RHI: Chosen D3D11 Adapter: 0
[2018.06.25-21.49.26:345][  0]LogD3D11RHI: Creating new Direct3DDevice
[2018.06.25-21.49.26:345][  0]LogD3D11RHI:     GPU DeviceId: 0x1b81 (for the marketing name, search the web for "GPU Device Id")
[2018.06.25-21.49.26:345][  0]LogWindows: EnumDisplayDevices:
[2018.06.25-21.49.26:345][  0]LogWindows:    0. 'NVIDIA GeForce GTX 1070' (P:0 D:1)
[2018.06.25-21.49.26:345][  0]LogWindows:    1. 'NVIDIA GeForce GTX 1070' (P:1 D:1)
[2018.06.25-21.49.26:345][  0]LogWindows:    2. 'NVIDIA GeForce GTX 1070' (P:0 D:0)
[2018.06.25-21.49.26:346][  0]LogWindows:    3. 'NVIDIA GeForce GTX 1070' (P:0 D:0)
[2018.06.25-21.49.26:346][  0]LogWindows:    4. 'RDPDD Chained DD' (P:0 D:0)
[2018.06.25-21.49.26:346][  0]LogWindows:    5. 'RDP Encoder Mirror Driver' (P:0 D:0)
[2018.06.25-21.49.26:346][  0]LogWindows:    6. 'RDP Reflector Display Driver' (P:0 D:0)
[2018.06.25-21.49.26:346][  0]LogWindows: DebugString: GetVideoDriverDetailsInvalid PrimaryIsNotTheChoosenAdapter GetVideoDriverDetailsInvalid PrimaryIsNotTheChoosenAdapter GetVideoDriverDetailsInvalid PrimaryIsNotTheChoosenAdapter FoundDriverCount:4 
[2018.06.25-21.49.26:346][  0]LogD3D11RHI:     Adapter Name: NVIDIA GeForce GTX 1070
[2018.06.25-21.49.26:346][  0]LogD3D11RHI:   Driver Version: 388.71 (internal:23.21.13.8871, unified:388.71)
[2018.06.25-21.49.26:346][  0]LogD3D11RHI:      Driver Date: 12-15-2017
[2018.06.25-21.49.26:346][  0]LogRHI: Texture pool is 5659 MB (70% of 8085 MB)
[2018.06.25-21.49.26:358][  0]LogD3D11RHI: [Aftermath] Aftermath enabled and primed
[2018.06.25-21.49.26:358][  0]LogD3D11RHI: [Aftermath] Aftermath enabled and primed
[2018.06.25-21.49.26:358][  0]LogD3D11RHI: Async texture creation enabled
[2018.06.25-21.49.26:374][  0]LogD3D11RHI: GPU Timing Frequency: 1000.000000 (Debug: 2 2)
[2018.06.25-21.49.26:420][  0]LogShaderCompilers: Guid format shader working directory is -24 characters bigger than the processId version (../../../../../../Users/DasSKander/Documents/Unreal Projects/APatheticGame3/Intermediate/Shaders/WorkingDirectory/8576/).
[2018.06.25-21.49.26:420][  0]LogShaderCompilers: Cleaned the shader compiler working directory 'C:/Users/DasSKander/AppData/Local/Temp/UnrealShaderWorkingDir/59565D0342C89FE4AB7083946A10E66B/'.
[2018.06.25-21.49.26:623][  0]LogTemp: Display: Loaded TP WindowsClientTargetPlatform
[2018.06.25-21.49.26:635][  0]LogTemp: Display: Loaded TP WindowsNoEditorTargetPlatform
[2018.06.25-21.49.26:647][  0]LogTemp: Display: Loaded TP WindowsServerTargetPlatform
[2018.06.25-21.49.26:661][  0]LogTemp: Display: Loaded TP WindowsTargetPlatform
[2018.06.25-21.49.26:661][  0]LogTargetPlatformManager: Display: Building Assets For Windows
[2018.06.25-21.49.26:764][  0]LogXGEController: Cleaning working directory: C:/Users/DasSKander/AppData/Local/Temp/UnrealXGEWorkingDir/
[2018.06.25-21.49.26:764][  0]LogXGEController: Cannot use XGE Controller as Incredibuild is not installed on this machine.
[2018.06.25-21.49.26:764][  0]LogShaderCompilers: Cannot use XGE Shader Compiler as Incredibuild is not installed on this machine.
[2018.06.25-21.49.26:764][  0]LogShaderCompilers: Display: Using Local Shader Compiler.
[2018.06.25-21.49.27:390][  0]LogDerivedDataCache: Display: Max Cache Size: 512 MB
[2018.06.25-21.49.27:463][  0]LogDerivedDataCache: Loaded boot cache 0.07s 80MB C:/Users/DasSKander/AppData/Local/UnrealEngine/4.19/DerivedDataCache/Boot.ddc.
[2018.06.25-21.49.27:463][  0]LogDerivedDataCache: Display: Loaded Boot cache: C:/Users/DasSKander/AppData/Local/UnrealEngine/4.19/DerivedDataCache/Boot.ddc
[2018.06.25-21.49.27:463][  0]LogDerivedDataCache: FDerivedDataBackendGraph:  Pak pak cache file ../../../../../../Users/DasSKander/Documents/Unreal Projects/APatheticGame3/DerivedDataCache/DDC.ddp not found, will not use a pak cache.
[2018.06.25-21.49.27:463][  0]LogDerivedDataCache: Unable to find inner node Pak for hierarchical cache Hierarchy.
[2018.06.25-21.49.27:463][  0]LogDerivedDataCache: FDerivedDataBackendGraph:  CompressedPak pak cache file ../../../../../../Users/DasSKander/Documents/Unreal Projects/APatheticGame3/DerivedDataCache/Compressed.ddp not found, will not use a pak cache.
[2018.06.25-21.49.27:463][  0]LogDerivedDataCache: Unable to find inner node CompressedPak for hierarchical cache Hierarchy.
[2018.06.25-21.49.27:479][  0]LogDerivedDataCache: Display: Pak cache opened for reading ../../../Engine/DerivedDataCache/Compressed.ddp.
[2018.06.25-21.49.27:491][  0]LogDerivedDataCache: Using Local data cache path C:/Users/DasSKander/AppData/Local/UnrealEngine/Common/DerivedDataCache: Writable
[2018.06.25-21.49.27:491][  0]LogDerivedDataCache: Shared data cache path not found in *engine.ini, will not use an Shared cache.
[2018.06.25-21.49.27:491][  0]LogDerivedDataCache: Unable to find inner node Shared for hierarchical cache Hierarchy.
[2018.06.25-21.49.27:501][  0]LogMaterial: Verifying Global Shaders for PCD3D_SM5
[2018.06.25-21.49.27:519][  0]LogSlate: Using Freetype 2.6.0
[2018.06.25-21.49.27:520][  0]LogSlate: SlateFontCache - WITH_FREETYPE: 1, WITH_HARFBUZZ: 1
[2018.06.25-21.49.27:520][  0]LogSlate: SlateFontCache - WITH_FREETYPE: 1, WITH_HARFBUZZ: 1
[2018.06.25-21.49.27:620][  0]LogAssetRegistry: FAssetRegistry took 0.0043 seconds to start up
[2018.06.25-21.49.27:815][  0]LogPackageLocalizationCache: Processed 9 localized package path(s) for 1 prioritized culture(s) in 0.031814 seconds
[2018.06.25-21.49.27:912][  0]LogInit: Selected Device Profile: [Windows]
[2018.06.25-21.49.28:048][  0]LogSimplygon: Simplygon DLL not present - disabling.
[2018.06.25-21.49.28:050][  0]LogMeshReduction: Using SimplygonSwarm for distributed automatic mesh merging
[2018.06.25-21.49.28:050][  0]LogMeshReduction: Using QuadricMeshReduction for automatic static mesh reduction
[2018.06.25-21.49.28:050][  0]LogMeshReduction: No automatic skeletal mesh reduction module available
[2018.06.25-21.49.28:051][  0]LogMeshReduction: No automatic mesh merging module available
[2018.06.25-21.49.28:051][  0]LogMeshMerging: No automatic mesh merging module available
[2018.06.25-21.49.28:084][  0]LogNetVersion: APatheticGame , NetCL: 3944462, EngineNetVer: 2, GameNetVer: 0 (Checksum: 1227650307)
[2018.06.25-21.49.28:729][  0]LogMoviePlayer: Initializing movie player
[2018.06.25-21.49.29:163][  0]LogCollectionManager: Loaded 0 collections in 0.001909 seconds
[2018.06.25-21.49.29:198][  0]LogFileCache: Scanning file cache for directory 'C:/Users/DasSKander/Documents/Unreal Projects/APatheticGame3/Saved/Collections/' took 0.01s
[2018.06.25-21.49.29:198][  0]LogFileCache: Scanning file cache for directory 'C:/Users/DasSKander/Documents/Unreal Projects/APatheticGame3/Content/Developers/DasSKander/Collections/' took 0.01s
[2018.06.25-21.49.29:198][  0]LogFileCache: Scanning file cache for directory 'C:/Users/DasSKander/Documents/Unreal Projects/APatheticGame3/Content/Collections/' took 0.01s
[2018.06.25-21.49.29:198][  0]LogCollectionManager: Rebuilt the object cache for 0 collections in 0.000000 seconds (found 0 objects)
[2018.06.25-21.49.29:198][  0]LogCollectionManager: Fixed up redirectors for 0 collections in 0.000068 seconds (updated 0 objects)
[2018.06.25-21.49.29:199][  0]LogStats: UGameplayTagsManager::ConstructGameplayTagTree: Construct from data asset -  0.000 s
[2018.06.25-21.49.29:199][  0]LogStats: UGameplayTagsManager::ConstructGameplayTagTree: GameplayTagTreeChangedEvent.Broadcast -  0.000 s
[2018.06.25-21.49.29:346][  0]LogUObjectGlobals: Created PersistentFrame Addr=0x0000000036c52600, Size=512, Default__ThirdPersonCharacter_C Function /Game/ThirdPersonCPP/Blueprints/ThirdPersonCharacter.ThirdPersonCharacter_C:ExecuteUbergraph_ThirdPersonCharacter
[2018.06.25-21.49.29:352][  0]LogUObjectGlobals: Created PersistentFrame Addr=0x00000000307ae4b0, Size=4, Default__Item_C Function /Game/InventorySystem/Items/Item.Item_C:ExecuteUbergraph_Item
[2018.06.25-21.49.29:355][  0]LogUObjectGlobals: Created PersistentFrame Addr=0x0000000036c0af00, Size=32, Default__InventoryWindow_C Function /Game/InventorySystem/InventoryUI/InventoryWindow.InventoryWindow_C:ExecuteUbergraph_InventoryWindow
[2018.06.25-21.49.29:378][  0]LogUObjectGlobals: Created PersistentFrame Addr=0x00000000307addd0, Size=4, Default__BP_Inventory_C Function /Game/InventorySystem2/Blueprints/BP_Inventory.BP_Inventory_C:ExecuteUbergraph_BP_Inventory
[2018.06.25-21.49.29:379][  0]LogUObjectGlobals: Created PersistentFrame Addr=0x00000000307addb0, Size=4, Default__BP_MasterItem_C Function /Game/InventorySystem2/Blueprints/ItemClasses/BP_MasterItem.BP_MasterItem_C:ExecuteUbergraph_BP_MasterItem
[2018.06.25-21.49.29:394][  0]LogUObjectGlobals: Created PersistentFrame Addr=0x00000000367ab100, Size=144, Default__UE4ASP_HeroTPP_AnimBlueprint_C Function /Game/AnimStarterPack/UE4ASP_HeroTPP_AnimBlueprint.UE4ASP_HeroTPP_AnimBlueprint_C:ExecuteUbergraph_UE4ASP_HeroTPP_AnimBlueprint
[2018.06.25-21.49.29:397][  0]LogUObjectGlobals: Created PersistentFrame Addr=0x00000000345d0200, Size=120, Default__Ue4ASP_Character_C Function /Game/AnimStarterPack/Ue4ASP_Character.Ue4ASP_Character_C:ExecuteUbergraph_Ue4ASP_Character
[2018.06.25-21.49.29:448][  0]LogUObjectGlobals: Created PersistentFrame Addr=0x00000000379b2740, Size=16, Default__SkillTree_C Function /Game/SkillTree.SkillTree_C:ExecuteUbergraph_SkillTree
[2018.06.25-21.49.29:450][  0]LogUObjectGlobals: Created PersistentFrame Addr=0x00000000379e6840, Size=32, Default__StaminaHUD_C Function /Game/StaminaHUD.StaminaHUD_C:ExecuteUbergraph_StaminaHUD
[2018.06.25-21.49.29:491][  0]LogUObjectGlobals: Destroyed PersistentFrame Addr=0x00000000307addd0, Size=4
[2018.06.25-21.49.29:491][  0]LogUObjectGlobals: Created PersistentFrame Addr=0x00000000385c2500, Size=4, Default__BP_Inventory_C Function /Engine/Transient.REINST_BP_Inventory_C_3:ExecuteUbergraph_BP_Inventory
[2018.06.25-21.49.29:491][  0]LogUObjectGlobals: Destroyed PersistentFrame Addr=0x00000000307addb0, Size=4
[2018.06.25-21.49.29:491][  0]LogUObjectGlobals: Created PersistentFrame Addr=0x00000000385c24e8, Size=4, Default__BP_MasterItem_C Function /Engine/Transient.REINST_BP_MasterItem_C_4:ExecuteUbergraph_BP_MasterItem
[2018.06.25-21.49.29:492][  0]LogUObjectGlobals: Destroyed PersistentFrame Addr=0x00000000307ae4b0, Size=4
[2018.06.25-21.49.29:492][  0]LogUObjectGlobals: Created PersistentFrame Addr=0x00000000385c24d8, Size=4, Default__Item_C Function /Engine/Transient.REINST_Item_C_6:ExecuteUbergraph_Item
[2018.06.25-21.49.29:492][  0]LogUObjectGlobals: Destroyed PersistentFrame Addr=0x00000000367ab100, Size=144
[2018.06.25-21.49.29:492][  0]LogUObjectGlobals: Created PersistentFrame Addr=0x000000003815dbc0, Size=144, Default__UE4ASP_HeroTPP_AnimBlueprint_C Function /Engine/Transient.REINST_UE4ASP_HeroTPP_AnimBlueprint_C_0:ExecuteUbergraph_UE4ASP_HeroTPP_AnimBlueprint
[2018.06.25-21.49.29:493][  0]LogUObjectGlobals: Destroyed PersistentFrame Addr=0x0000000036c0af00, Size=32
[2018.06.25-21.49.29:493][  0]LogUObjectGlobals: Created PersistentFrame Addr=0x00000000381b4c60, Size=32, Default__InventoryWindow_C Function /Engine/Transient.REINST_InventoryWindow_C_2:ExecuteUbergraph_InventoryWindow
[2018.06.25-21.49.29:493][  0]LogUObjectGlobals: Destroyed PersistentFrame Addr=0x00000000379b2740, Size=16
[2018.06.25-21.49.29:493][  0]LogUObjectGlobals: Created PersistentFrame Addr=0x000000003855cd80, Size=16, Default__SkillTree_C Function /Engine/Transient.REINST_SkillTree_C_3:ExecuteUbergraph_SkillTree
[2018.06.25-21.49.29:493][  0]LogUObjectGlobals: Destroyed PersistentFrame Addr=0x00000000379e6840, Size=32
[2018.06.25-21.49.29:493][  0]LogUObjectGlobals: Created PersistentFrame Addr=0x00000000381b4b60, Size=32, Default__StaminaHUD_C Function /Engine/Transient.REINST_StaminaHUD_C_4:ExecuteUbergraph_StaminaHUD
[2018.06.25-21.49.29:493][  0]LogUObjectGlobals: Destroyed PersistentFrame Addr=0x00000000345d0200, Size=120
[2018.06.25-21.49.29:493][  0]LogUObjectGlobals: Created PersistentFrame Addr=0x0000000038167b00, Size=120, Default__Ue4ASP_Character_C Function /Engine/Transient.REINST_Ue4ASP_Character_C_7:ExecuteUbergraph_Ue4ASP_Character
[2018.06.25-21.49.29:494][  0]LogUObjectGlobals: Destroyed PersistentFrame Addr=0x0000000036c52600, Size=512
[2018.06.25-21.49.29:494][  0]LogUObjectGlobals: Created PersistentFrame Addr=0x0000000038253200, Size=512, Default__ThirdPersonCharacter_C Function /Engine/Transient.REINST_ThirdPersonCharacter_C_8:ExecuteUbergraph_ThirdPersonCharacter
[2018.06.25-21.49.29:535][  0]LogUObjectGlobals: Created PersistentFrame Addr=0x0000000037f03e20, Size=4, Default__BP_Inventory_C Function /Game/InventorySystem2/Blueprints/BP_Inventory.BP_Inventory_C:ExecuteUbergraph_BP_Inventory
[2018.06.25-21.49.29:535][  0]LogUObjectGlobals: Created PersistentFrame Addr=0x0000000037f03df0, Size=4, Default__BP_MasterItem_C Function /Game/InventorySystem2/Blueprints/ItemClasses/BP_MasterItem.BP_MasterItem_C:ExecuteUbergraph_BP_MasterItem
[2018.06.25-21.49.29:535][  0]LogUObjectGlobals: Created PersistentFrame Addr=0x0000000037f03dc0, Size=4, Default__Item_C Function /Game/InventorySystem/Items/Item.Item_C:ExecuteUbergraph_Item
[2018.06.25-21.49.29:537][  0]LogUObjectGlobals: Created PersistentFrame Addr=0x0000000037e07ba0, Size=144, Default__UE4ASP_HeroTPP_AnimBlueprint_C Function /Game/AnimStarterPack/UE4ASP_HeroTPP_AnimBlueprint.UE4ASP_HeroTPP_AnimBlueprint_C:ExecuteUbergraph_UE4ASP_HeroTPP_AnimBlueprint
[2018.06.25-21.49.29:538][  0]LogUObjectGlobals: Created PersistentFrame Addr=0x0000000037e41040, Size=32, Default__InventoryWindow_C Function /Game/InventorySystem/InventoryUI/InventoryWindow.InventoryWindow_C:ExecuteUbergraph_InventoryWindow
[2018.06.25-21.49.29:539][  0]LogUObjectGlobals: Created PersistentFrame Addr=0x0000000037f46f90, Size=16, Default__SkillTree_C Function /Game/SkillTree.SkillTree_C:ExecuteUbergraph_SkillTree
[2018.06.25-21.49.29:540][  0]LogUObjectGlobals: Created PersistentFrame Addr=0x0000000037e407a0, Size=32, Default__StaminaHUD_C Function /Game/StaminaHUD.StaminaHUD_C:ExecuteUbergraph_StaminaHUD
[2018.06.25-21.49.29:541][  0]LogUObjectGlobals: Created PersistentFrame Addr=0x0000000037f66700, Size=320, Default__Ue4ASP_Character_C Function /Game/AnimStarterPack/Ue4ASP_Character.Ue4ASP_Character_C:ExecuteUbergraph_Ue4ASP_Character
[2018.06.25-21.49.29:543][  0]LogUObjectGlobals: Created PersistentFrame Addr=0x0000000037e31580, Size=528, Default__ThirdPersonCharacter_C Function /Game/ThirdPersonCPP/Blueprints/ThirdPersonCharacter.ThirdPersonCharacter_C:ExecuteUbergraph_ThirdPersonCharacter
[2018.06.25-21.49.29:548][  0]LogClass: Warning: Property ItemInfo of ItemInfo has a struct type mismatch (tag ItemStructure != prop ItemInfo) in package:  FObjectReader. If that struct got renamed, add an entry to ActiveStructRedirects.
[2018.06.25-21.49.29:651][  0]LogSkeletalMesh: Skeletal Mesh found in DDC [4.493925ms] /Game/AnimStarterPack/UE4_Mannequin/Mesh/SK_Mannequin.SK_Mannequin
[2018.06.25-21.49.29:724][  0]SourceControl: Source control is disabled
[2018.06.25-21.49.29:724][  0]SourceControl: Source control is disabled
[2018.06.25-21.49.29:742][  0]SourceControl: Source control is disabled
[2018.06.25-21.49.30:122][  0]LogAndroidPermission: UAndroidPermissionCallbackProxy::GetInstance
[2018.06.25-21.49.30:286][  0]LogOcInput: OculusInput pre-init called
[2018.06.25-21.49.30:330][  0]LogUObjectArray: 46935 objects as part of root set at end of initial load.
[2018.06.25-21.49.30:330][  0]LogUObjectAllocator: 10425104 out of 0 bytes used by permanent object pool.
[2018.06.25-21.49.30:330][  0]LogUObjectArray: CloseDisregardForGC: 0/0 objects in disregard for GC pool
[2018.06.25-21.49.30:385][  0]LogEngine: Initializing Engine...
[2018.06.25-21.49.30:387][  0]LogHMD: Failed to initialize OpenVR with code 110
[2018.06.25-21.49.30:601][  0]LogInit: XAudio2 using 'Speakers (Realtek High Definition Audio)' : 2 channels at 48 kHz using 32 bits per sample (channel mask 0x3)
[2018.06.25-21.49.30:611][  0]LogInit: FAudioDevice initialized.
[2018.06.25-21.49.30:786][  0]LogDerivedDataCache: Saved boot cache 0.16s 77MB C:/Users/DasSKander/AppData/Local/UnrealEngine/4.19/DerivedDataCache/Boot.ddc.
[2018.06.25-21.49.30:796][  0]LogInit: Texture streaming: Enabled
[2018.06.25-21.49.31:073][  0]LogInit: Display: Game Engine Initialized.
[2018.06.25-21.49.31:073][  0]LogGameplayTags: Display: UGameplayTagsManager::DoneAddingNativeTags. DelegateIsBound: 0
[2018.06.25-21.49.31:073][  0]LogStats: UGameplayTagsManager::ConstructGameplayTagTree: Construct from data asset -  0.000 s
[2018.06.25-21.49.31:359][  0]LogStats: FGameplayAbilitiesEditorModule::GameplayTagTreeChanged -  0.286 s
[2018.06.25-21.49.31:359][  0]LogStats: UGameplayTagsManager::ConstructGameplayTagTree: GameplayTagTreeChangedEvent.Broadcast -  0.286 s
[2018.06.25-21.49.31:476][  0]LogInit: Display: Starting Game.
[2018.06.25-21.49.31:496][  0]LogNet: Browse: /Game/ThirdPersonCPP/Maps/ThirdPersonExampleMap?Name=Player
[2018.06.25-21.49.31:498][  0]LogLoad: LoadMap: /Game/ThirdPersonCPP/Maps/ThirdPersonExampleMap?Name=Player
[2018.06.25-21.49.31:515][  0]LogUObjectGlobals: Destroyed PersistentFrame Addr=0x0000000038253200, Size=512
[2018.06.25-21.49.31:515][  0]LogUObjectGlobals: Destroyed PersistentFrame Addr=0x00000000385c24d8, Size=4
[2018.06.25-21.49.31:515][  0]LogUObjectGlobals: Destroyed PersistentFrame Addr=0x00000000381b4c60, Size=32
[2018.06.25-21.49.31:515][  0]LogUObjectGlobals: Destroyed PersistentFrame Addr=0x00000000385c2500, Size=4
[2018.06.25-21.49.31:515][  0]LogUObjectGlobals: Destroyed PersistentFrame Addr=0x00000000385c24e8, Size=4
[2018.06.25-21.49.31:515][  0]LogUObjectGlobals: Destroyed PersistentFrame Addr=0x000000003815dbc0, Size=144
[2018.06.25-21.49.31:515][  0]LogUObjectGlobals: Destroyed PersistentFrame Addr=0x0000000038167b00, Size=120
[2018.06.25-21.49.31:515][  0]LogUObjectGlobals: Destroyed PersistentFrame Addr=0x000000003855cd80, Size=16
[2018.06.25-21.49.31:515][  0]LogUObjectGlobals: Destroyed PersistentFrame Addr=0x00000000381b4b60, Size=32
[2018.06.25-21.49.31:552][  0]LogUObjectGlobals: Created PersistentFrame Addr=0x0000000043bf7a50, Size=104, Default__AICharacter_C Function /Game/AI/AICharacter.AICharacter_C:ExecuteUbergraph_AICharacter
[2018.06.25-21.49.31:593][  0]LogUObjectGlobals: Created PersistentFrame Addr=0x0000000043be17c0, Size=416, Default__CopyDoorDesu1_C Function /Game/CopyDoorDesu1.CopyDoorDesu1_C:ExecuteUbergraph_CopyDoorDesu1
[2018.06.25-21.49.31:598][  0]LogUObjectGlobals: Created PersistentFrame Addr=0x0000000043be0d40, Size=416, Default__DoorDesu_C Function /Game/DoorDesu.DoorDesu_C:ExecuteUbergraph_DoorDesu
[2018.06.25-21.49.31:601][  0]LogUObjectGlobals: Created PersistentFrame Addr=0x000000004592c2e8, Size=4, Default__Use_Spell_1_C Function /Game/GameplaySpeels/Use_Spell_1.Use_Spell_1_C:ExecuteUbergraph_Use_Spell_1
[2018.06.25-21.49.31:603][  0]LogUObjectGlobals: Created PersistentFrame Addr=0x000000004592c2c0, Size=4, Default__Item_Cube_C Function /Game/InventorySystem/Items/Item.Item_C:ExecuteUbergraph_Item
[2018.06.25-21.49.31:605][  0]LogUObjectGlobals: Created PersistentFrame Addr=0x00000000382001e0, Size=208, Default__BP_PIckUpActor_C Function /Game/InventorySystem2/Blueprints/ItemClasses/BP_PIckUpActor.BP_PIckUpActor_C:ExecuteUbergraph_BP_PIckUpActor
[2018.06.25-21.49.31:609][  0]LogUObjectGlobals: Created PersistentFrame Addr=0x000000004592c188, Size=4, Default__HealthPot_C Function /Game/InventorySystem2/Blueprints/ItemClasses/BP_MasterItem.BP_MasterItem_C:ExecuteUbergraph_BP_MasterItem
[2018.06.25-21.49.31:610][  0]LogUObjectGlobals: Created PersistentFrame Addr=0x000000004592c158, Size=4, Default__Map_C Function /Game/InventorySystem2/Blueprints/ItemClasses/BP_MasterItem.BP_MasterItem_C:ExecuteUbergraph_BP_MasterItem
[2018.06.25-21.49.31:613][  0]LogUObjectGlobals: Created PersistentFrame Addr=0x0000000038201b40, Size=216, Default__MoveAbleObject_C Function /Game/MoveAbleObject.MoveAbleObject_C:ExecuteUbergraph_MoveAbleObject
[2018.06.25-21.49.31:617][  0]LogUObjectGlobals: Created PersistentFrame Addr=0x0000000043bf79e0, Size=112, Default__SM_Door_Blueprint1_C Function /Game/SM_Door_Blueprint1.SM_Door_Blueprint1_C:ExecuteUbergraph_SM_Door_Blueprint1
[2018.06.25-21.49.31:639][  0]LogUObjectGlobals: Destroyed PersistentFrame Addr=0x00000000382001e0, Size=208
[2018.06.25-21.49.31:639][  0]LogUObjectGlobals: Created PersistentFrame Addr=0x0000000043cd48e0, Size=208, Default__BP_PIckUpActor_C Function /Engine/Transient.REINST_BP_PIckUpActor_C_23:ExecuteUbergraph_BP_PIckUpActor
[2018.06.25-21.49.31:640][  0]LogUObjectGlobals: Destroyed PersistentFrame Addr=0x0000000043be17c0, Size=416
[2018.06.25-21.49.31:640][  0]LogUObjectGlobals: Created PersistentFrame Addr=0x0000000045eb7200, Size=416, Default__CopyDoorDesu1_C Function /Engine/Transient.REINST_CopyDoorDesu1_C_25:ExecuteUbergraph_CopyDoorDesu1
[2018.06.25-21.49.31:641][  0]LogUObjectGlobals: Destroyed PersistentFrame Addr=0x0000000043be0d40, Size=416
[2018.06.25-21.49.31:641][  0]LogUObjectGlobals: Created PersistentFrame Addr=0x0000000045eb6b00, Size=416, Default__DoorDesu_C Function /Engine/Transient.REINST_DoorDesu_C_26:ExecuteUbergraph_DoorDesu
[2018.06.25-21.49.31:641][  0]LogUObjectGlobals: Destroyed PersistentFrame Addr=0x0000000038201b40, Size=216
[2018.06.25-21.49.31:641][  0]LogUObjectGlobals: Created PersistentFrame Addr=0x0000000045e97820, Size=216, Default__MoveAbleObject_C Function /Engine/Transient.REINST_MoveAbleObject_C_27:ExecuteUbergraph_MoveAbleObject
[2018.06.25-21.49.31:641][  0]LogUObjectGlobals: Destroyed PersistentFrame Addr=0x000000004592c2e8, Size=4
[2018.06.25-21.49.31:641][  0]LogUObjectGlobals: Created PersistentFrame Addr=0x00000000385c1b20, Size=4, Default__Use_Spell_1_C Function /Engine/Transient.REINST_Use_Spell_1_C_28:ExecuteUbergraph_Use_Spell_1
[2018.06.25-21.49.31:641][  0]LogUObjectGlobals: Destroyed PersistentFrame Addr=0x000000004592c188, Size=4
[2018.06.25-21.49.31:641][  0]LogUObjectGlobals: Created PersistentFrame Addr=0x00000000385c1b60, Size=4, Default__HealthPot_C Function /Game/InventorySystem2/Blueprints/ItemClasses/BP_MasterItem.BP_MasterItem_C:ExecuteUbergraph_BP_MasterItem
[2018.06.25-21.49.31:641][  0]LogUObjectGlobals: Destroyed PersistentFrame Addr=0x000000004592c2c0, Size=4
[2018.06.25-21.49.31:641][  0]LogUObjectGlobals: Created PersistentFrame Addr=0x00000000385c1b70, Size=4, Default__Item_Cube_C Function /Game/InventorySystem/Items/Item.Item_C:ExecuteUbergraph_Item
[2018.06.25-21.49.31:641][  0]LogUObjectGlobals: Destroyed PersistentFrame Addr=0x000000004592c158, Size=4
[2018.06.25-21.49.31:641][  0]LogUObjectGlobals: Created PersistentFrame Addr=0x00000000385c1b78, Size=4, Default__Map_C Function /Game/InventorySystem2/Blueprints/ItemClasses/BP_MasterItem.BP_MasterItem_C:ExecuteUbergraph_BP_MasterItem
[2018.06.25-21.49.31:641][  0]LogUObjectGlobals: Destroyed PersistentFrame Addr=0x0000000043bf79e0, Size=112
[2018.06.25-21.49.31:642][  0]LogUObjectGlobals: Created PersistentFrame Addr=0x0000000043bf79e0, Size=112, Default__SM_Door_Blueprint1_C Function /Engine/Transient.REINST_SM_Door_Blueprint1_C_32:ExecuteUbergraph_SM_Door_Blueprint1
[2018.06.25-21.49.31:642][  0]LogUObjectGlobals: Destroyed PersistentFrame Addr=0x0000000043bf7a50, Size=104
[2018.06.25-21.49.31:642][  0]LogUObjectGlobals: Created PersistentFrame Addr=0x0000000043bf7a50, Size=104, Default__AICharacter_C Function /Engine/Transient.REINST_AICharacter_C_33:ExecuteUbergraph_AICharacter
[2018.06.25-21.49.31:663][  0]LogUObjectGlobals: Created PersistentFrame Addr=0x0000000045d72080, Size=208, Default__BP_PIckUpActor_C Function /Game/InventorySystem2/Blueprints/ItemClasses/BP_PIckUpActor.BP_PIckUpActor_C:ExecuteUbergraph_BP_PIckUpActor
[2018.06.25-21.49.31:666][  0]LogUObjectGlobals: Created PersistentFrame Addr=0x0000000045d6f740, Size=424, Default__CopyDoorDesu1_C Function /Game/CopyDoorDesu1.CopyDoorDesu1_C:ExecuteUbergraph_CopyDoorDesu1
[2018.06.25-21.49.31:667][  0]LogUObjectGlobals: Created PersistentFrame Addr=0x0000000045d6f580, Size=424, Default__DoorDesu_C Function /Game/DoorDesu.DoorDesu_C:ExecuteUbergraph_DoorDesu
[2018.06.25-21.49.31:667][  0]LogUObjectGlobals: Created PersistentFrame Addr=0x0000000045d71c20, Size=216, Default__MoveAbleObject_C Function /Game/MoveAbleObject.MoveAbleObject_C:ExecuteUbergraph_MoveAbleObject
[2018.06.25-21.49.31:667][  0]LogUObjectGlobals: Created PersistentFrame Addr=0x0000000045e36b28, Size=4, Default__Use_Spell_1_C Function /Game/GameplaySpeels/Use_Spell_1.Use_Spell_1_C:ExecuteUbergraph_Use_Spell_1
[2018.06.25-21.49.31:668][  0]LogUObjectGlobals: Created PersistentFrame Addr=0x0000000045e36b40, Size=4, Default__HealthPot_C Function /Game/InventorySystem2/Blueprints/ItemClasses/BP_MasterItem.BP_MasterItem_C:ExecuteUbergraph_BP_MasterItem
[2018.06.25-21.49.31:668][  0]LogUObjectGlobals: Created PersistentFrame Addr=0x0000000045e36b18, Size=4, Default__Item_Cube_C Function /Game/InventorySystem/Items/Item.Item_C:ExecuteUbergraph_Item
[2018.06.25-21.49.31:668][  0]LogUObjectGlobals: Created PersistentFrame Addr=0x0000000045e36b10, Size=4, Default__Map_C Function /Game/InventorySystem2/Blueprints/ItemClasses/BP_MasterItem.BP_MasterItem_C:ExecuteUbergraph_BP_MasterItem
[2018.06.25-21.49.31:668][  0]LogUObjectGlobals: Created PersistentFrame Addr=0x0000000045ceb510, Size=112, Default__SM_Door_Blueprint1_C Function /Game/SM_Door_Blueprint1.SM_Door_Blueprint1_C:ExecuteUbergraph_SM_Door_Blueprint1
[2018.06.25-21.49.31:669][  0]LogUObjectGlobals: Created PersistentFrame Addr=0x0000000045ce8b10, Size=104, Default__AICharacter_C Function /Game/AI/AICharacter.AICharacter_C:ExecuteUbergraph_AICharacter
[2018.06.25-21.49.31:783][  0]LogAIModule: Creating AISystem for world ThirdPersonExampleMap
[2018.06.25-21.49.31:784][  0]LogLoad: Game class is 'APatheticGameGameMode'
[2018.06.25-21.49.31:801][  0]LogWorld: Bringing World /Game/ThirdPersonCPP/Maps/ThirdPersonExampleMap.ThirdPersonExampleMap up for play (max tick rate 0) at 2018.06.25-17.49.31
[2018.06.25-21.49.31:802][  0]LogWorld: Bringing up level for play took: 0.007740
[2018.06.25-21.49.31:828][  0]LogLoad: Took 0.330814 seconds to LoadMap(/Game/ThirdPersonCPP/Maps/ThirdPersonExampleMap)
[2018.06.25-21.49.31:904][  0]LogLoad: (Engine Initialization) Total time: 8.84 seconds
[2018.06.25-21.49.31:904][  0]LogLoad: (Engine Initialization) Total Blueprint compile time: 0.00 seconds
[2018.06.25-21.49.31:929][  0]LogRenderer: Reallocating scene render targets to support 1920x1080 Format 10 NumSamples 1 (Frame:1).
[2018.06.25-21.49.32:080][  0]LogContentStreaming: Texture pool size now 1000 MB
[2018.06.25-21.49.49:826][ 89]LogSlate: Window 'APatheticGame (64-bit, PCD3D_SM5) ' being destroyed
[2018.06.25-21.49.49:827][ 89]LogEngine: All Windows Closed
[2018.06.25-21.49.49:827][ 89]LogWindows: FPlatformMisc::RequestExit(0)
[2018.06.25-21.49.50:402][ 90]LogSlate: Slate User Destroyed.  User Index 0, Is Virtual User: 0
[2018.06.25-21.49.50:402][ 90]LogExit: Preparing to exit.
[2018.06.25-21.49.50:402][ 90]LogMoviePlayer: Shutting down movie player
[2018.06.25-21.49.50:441][ 90]LogUObjectGlobals: Destroyed PersistentFrame Addr=0x0000000043bf79e0, Size=112
[2018.06.25-21.49.50:441][ 90]LogUObjectGlobals: Destroyed PersistentFrame Addr=0x0000000045e97820, Size=216
[2018.06.25-21.49.50:441][ 90]LogUObjectGlobals: Destroyed PersistentFrame Addr=0x00000000385c1b78, Size=4
[2018.06.25-21.49.50:441][ 90]LogUObjectGlobals: Destroyed PersistentFrame Addr=0x00000000385c1b60, Size=4
[2018.06.25-21.49.50:441][ 90]LogUObjectGlobals: Destroyed PersistentFrame Addr=0x0000000043cd48e0, Size=208
[2018.06.25-21.49.50:441][ 90]LogUObjectGlobals: Destroyed PersistentFrame Addr=0x00000000385c1b70, Size=4
[2018.06.25-21.49.50:441][ 90]LogUObjectGlobals: Destroyed PersistentFrame Addr=0x00000000385c1b20, Size=4
[2018.06.25-21.49.50:441][ 90]LogUObjectGlobals: Destroyed PersistentFrame Addr=0x0000000045eb6b00, Size=416
[2018.06.25-21.49.50:441][ 90]LogUObjectGlobals: Destroyed PersistentFrame Addr=0x0000000045eb7200, Size=416
[2018.06.25-21.49.50:442][ 90]LogUObjectGlobals: Destroyed PersistentFrame Addr=0x0000000043bf7a50, Size=104
[2018.06.25-21.49.50:442][ 90]LogUObjectGlobals: Destroyed PersistentFrame Addr=0x0000000037f03e20, Size=4
[2018.06.25-21.49.50:442][ 90]LogUObjectGlobals: Destroyed PersistentFrame Addr=0x0000000037f03df0, Size=4
[2018.06.25-21.49.50:442][ 90]LogUObjectGlobals: Destroyed PersistentFrame Addr=0x0000000037f03dc0, Size=4
[2018.06.25-21.49.50:442][ 90]LogUObjectGlobals: Destroyed PersistentFrame Addr=0x0000000037e07ba0, Size=144
[2018.06.25-21.49.50:442][ 90]LogUObjectGlobals: Destroyed PersistentFrame Addr=0x0000000037e41040, Size=32
[2018.06.25-21.49.50:442][ 90]LogUObjectGlobals: Destroyed PersistentFrame Addr=0x0000000037f46f90, Size=16
[2018.06.25-21.49.50:442][ 90]LogUObjectGlobals: Destroyed PersistentFrame Addr=0x0000000037e407a0, Size=32
[2018.06.25-21.49.50:442][ 90]LogUObjectGlobals: Destroyed PersistentFrame Addr=0x0000000037f66700, Size=320
[2018.06.25-21.49.50:442][ 90]LogUObjectGlobals: Destroyed PersistentFrame Addr=0x0000000037e31580, Size=528
[2018.06.25-21.49.50:442][ 90]LogExit: Game engine shut down
[2018.06.25-21.49.50:446][ 90]LogUObjectGlobals: Destroyed PersistentFrame Addr=0x0000000045d72080, Size=208
[2018.06.25-21.49.50:446][ 90]LogUObjectGlobals: Destroyed PersistentFrame Addr=0x0000000045d6f740, Size=424
[2018.06.25-21.49.50:446][ 90]LogUObjectGlobals: Destroyed PersistentFrame Addr=0x0000000045d6f580, Size=424
[2018.06.25-21.49.50:446][ 90]LogUObjectGlobals: Destroyed PersistentFrame Addr=0x0000000045d71c20, Size=216
[2018.06.25-21.49.50:446][ 90]LogUObjectGlobals: Destroyed PersistentFrame Addr=0x0000000045e36b28, Size=4
[2018.06.25-21.49.50:446][ 90]LogUObjectGlobals: Destroyed PersistentFrame Addr=0x0000000045e36b40, Size=4
[2018.06.25-21.49.50:446][ 90]LogUObjectGlobals: Destroyed PersistentFrame Addr=0x0000000045e36b18, Size=4
[2018.06.25-21.49.50:446][ 90]LogUObjectGlobals: Destroyed PersistentFrame Addr=0x0000000045e36b10, Size=4
[2018.06.25-21.49.50:446][ 90]LogUObjectGlobals: Destroyed PersistentFrame Addr=0x0000000045ceb510, Size=112
[2018.06.25-21.49.50:446][ 90]LogUObjectGlobals: Destroyed PersistentFrame Addr=0x0000000045ce8b10, Size=104
[2018.06.25-21.49.50:510][ 90]LogExit: Object subsystem successfully closed.
[2018.06.25-21.49.50:524][ 90]LogShaderCompilers: Display: Shaders left to compile 0
[2018.06.25-21.49.50:526][ 90]LogD3D11RHI: Shutdown
[2018.06.25-21.49.50:526][ 90]LogD3D11RHI: CleanupD3DDevice
[2018.06.25-21.49.50:527][ 90]LogD3D11RHI: ~FD3D11DynamicRHI
[2018.06.25-21.49.50:537][ 90]LogModuleManager: Shutting down and abandoning module SequenceRecorderSections (344)
[2018.06.25-21.49.50:537][ 90]LogModuleManager: Shutting down and abandoning module SequenceRecorder (342)
[2018.06.25-21.49.50:537][ 90]LogModuleManager: Shutting down and abandoning module AutomationController (340)
[2018.06.25-21.49.50:537][ 90]LogModuleManager: Shutting down and abandoning module AutomationWorker (338)
[2018.06.25-21.49.50:537][ 90]LogModuleManager: Shutting down and abandoning module AIModule (336)
[2018.06.25-21.49.50:538][ 90]LogModuleManager: Shutting down and abandoning module AITestSuite (335)
[2018.06.25-21.49.50:538][ 90]LogModuleManager: Shutting down and abandoning module WmfMediaFactory (332)
[2018.06.25-21.49.50:538][ 90]LogModuleManager: Shutting down and abandoning module OpenExrWrapper (330)
[2018.06.25-21.49.50:538][ 90]LogModuleManager: Shutting down and abandoning module ImgMediaFactory (328)
[2018.06.25-21.49.50:538][ 90]LogModuleManager: Shutting down and abandoning module AvfMediaFactory (326)
[2018.06.25-21.49.50:538][ 90]LogModuleManager: Shutting down and abandoning module CharacterAI (324)
[2018.06.25-21.49.50:538][ 90]LogModuleManager: Shutting down and abandoning module SessionServices (322)
[2018.06.25-21.49.50:538][ 90]LogModuleManager: Shutting down and abandoning module Documentation (320)
[2018.06.25-21.49.50:538][ 90]LogModuleManager: Shutting down and abandoning module MovieSceneCapture (318)
[2018.06.25-21.49.50:538][ 90]LogModuleManager: Shutting down and abandoning module MovieSceneTracks (316)
[2018.06.25-21.49.50:538][ 90]LogModuleManager: Shutting down and abandoning module MovieScene (314)
[2018.06.25-21.49.50:538][ 90]LogModuleManager: Shutting down and abandoning module GeometryCache (312)
[2018.06.25-21.49.50:538][ 90]LogModuleManager: Shutting down and abandoning module GeometryCacheEd (311)
[2018.06.25-21.49.50:538][ 90]LogModuleManager: Shutting down and abandoning module StreamingPauseRendering (308)
[2018.06.25-21.49.50:538][ 90]LogModuleManager: Shutting down and abandoning module PortalServices (306)
[2018.06.25-21.49.50:538][ 90]LogModuleManager: Shutting down and abandoning module PortalRpc (304)
[2018.06.25-21.49.50:538][ 90]LogModuleManager: Shutting down and abandoning module MessagingRpc (302)
[2018.06.25-21.49.50:538][ 90]LogModuleManager: Shutting down and abandoning module ProfilerService (300)
[2018.06.25-21.49.50:590][ 90]LogModuleManager: Shutting down and abandoning module TaskGraph (298)
[2018.06.25-21.49.50:590][ 90]LogModuleManager: Shutting down and abandoning module SteamVRController (296)
[2018.06.25-21.49.50:590][ 90]LogModuleManager: Shutting down and abandoning module ProceduralMeshComponent (294)
[2018.06.25-21.49.50:590][ 90]LogModuleManager: Shutting down and abandoning module OculusInput (292)
[2018.06.25-21.49.50:590][ 90]LogModuleManager: Shutting down and abandoning module MobilePatchingUtils (290)
[2018.06.25-21.49.50:590][ 90]LogModuleManager: Shutting down and abandoning module CustomMeshComponent (288)
[2018.06.25-21.49.50:590][ 90]LogModuleManager: Shutting down and abandoning module CableComponent (286)
[2018.06.25-21.49.50:590][ 90]LogModuleManager: Shutting down and abandoning module AudioCapture (284)
[2018.06.25-21.49.50:590][ 90]LogModuleManager: Shutting down and abandoning module ArchVisCharacter (282)
[2018.06.25-21.49.50:590][ 90]LogModuleManager: Shutting down and abandoning module AndroidPermission (280)
[2018.06.25-21.49.50:590][ 90]LogModuleManager: Shutting down and abandoning module NUTUnrealEngine4 (276)
[2018.06.25-21.49.50:590][ 90]LogModuleManager: Shutting down and abandoning module NetcodeUnitTest (274)
[2018.06.25-21.49.50:590][ 90]LogModuleManager: Shutting down and abandoning module MediaCompositing (272)
[2018.06.25-21.49.50:590][ 90]LogModuleManager: Shutting down and abandoning module LinearTimecode (270)
[2018.06.25-21.49.50:590][ 90]LogModuleManager: Shutting down and abandoning module ImgMedia (268)
[2018.06.25-21.49.50:592][ 90]LogModuleManager: Shutting down and abandoning module HTML5Networking (266)
[2018.06.25-21.49.50:592][ 90]LogModuleManager: Shutting down and abandoning module DatasmithContent (264)
[2018.06.25-21.49.50:592][ 90]LogModuleManager: Shutting down and abandoning module CryptoKeysOpenSSL (262)
[2018.06.25-21.49.50:592][ 90]LogModuleManager: Shutting down and abandoning module CryptoKeys (260)
[2018.06.25-21.49.50:592][ 90]LogModuleManager: Shutting down and abandoning module VisualStudioSourceCodeAccess (258)
[2018.06.25-21.49.50:592][ 90]LogModuleManager: Shutting down and abandoning module VisualStudioCodeSourceCodeAccess (256)
[2018.06.25-21.49.50:592][ 90]LogModuleManager: Shutting down and abandoning module UObjectPlugin (254)
[2018.06.25-21.49.50:592][ 90]LogModuleManager: Shutting down and abandoning module SubversionSourceControl (252)
[2018.06.25-21.49.50:592][ 90]LogModuleManager: Shutting down and abandoning module PerforceSourceControl (250)
[2018.06.25-21.49.50:592][ 90]LogModuleManager: Shutting down and abandoning module SourceControl (249)
[2018.06.25-21.49.50:592][ 90]LogModuleManager: Shutting down and abandoning module CLionSourceCodeAccess (246)
[2018.06.25-21.49.50:592][ 90]LogModuleManager: Shutting down and abandoning module APatheticGame (244)
[2018.06.25-21.49.50:592][ 90]LogModuleManager: Shutting down and abandoning module HotReload (243)
[2018.06.25-21.49.50:592][ 90]LogDirectoryWatcher: A directory notification for 'C:/Users/DasSKander/Documents/Unreal Projects/APatheticGame3/Binaries/Win64' was aborted.
[2018.06.25-21.49.50:592][ 90]LogModuleManager: Shutting down and abandoning module RuntimePhysXCooking (240)
[2018.06.25-21.49.50:592][ 90]LogModuleManager: Shutting down and abandoning module PhysXVehiclesEditor (238)
[2018.06.25-21.49.50:592][ 90]LogModuleManager: Shutting down and abandoning module PhysXVehicles (236)
[2018.06.25-21.49.50:592][ 90]LogModuleManager: Shutting down and abandoning module LocationServicesBPLibrary (234)
[2018.06.25-21.49.50:592][ 90]LogModuleManager: Shutting down and abandoning module ImmediatePhysicsEditor (232)
[2018.06.25-21.49.50:592][ 90]LogModuleManager: Shutting down and abandoning module ImmediatePhysics (230)
[2018.06.25-21.49.50:592][ 90]LogModuleManager: Shutting down and abandoning module GameplayAbilitiesEditor (228)
[2018.06.25-21.49.50:592][ 90]LogModuleManager: Shutting down and abandoning module ContentBrowser (227)
[2018.06.25-21.49.50:592][ 90]LogModuleManager: Shutting down and abandoning module CollectionManager (226)
[2018.06.25-21.49.50:592][ 90]LogDirectoryWatcher: A directory notification for 'C:/Users/DasSKander/Documents/Unreal Projects/APatheticGame3/Content/Collections/' was aborted.
[2018.06.25-21.49.50:592][ 90]LogDirectoryWatcher: A directory notification for 'C:/Users/DasSKander/Documents/Unreal Projects/APatheticGame3/Content/Developers/DasSKander/Collections/' was aborted.
[2018.06.25-21.49.50:592][ 90]LogDirectoryWatcher: A directory notification for 'C:/Users/DasSKander/Documents/Unreal Projects/APatheticGame3/Saved/Collections/' was aborted.
[2018.06.25-21.49.50:592][ 90]LogModuleManager: Shutting down and abandoning module DirectoryWatcher (225)
[2018.06.25-21.49.50:593][ 90]LogModuleManager: Shutting down and abandoning module GameplayAbilities (220)
[2018.06.25-21.49.50:593][ 90]LogModuleManager: Shutting down and abandoning module GameplayDebugger (219)
[2018.06.25-21.49.50:612][ 90]LogModuleManager: Shutting down and abandoning module ActorSequence (216)
[2018.06.25-21.49.50:612][ 90]LogModuleManager: Shutting down and abandoning module UdpMessaging (214)
[2018.06.25-21.49.50:613][ 90]LogModuleManager: Shutting down and abandoning module TcpMessaging (212)
[2018.06.25-21.49.50:613][ 90]LogModuleManager: Shutting down and abandoning module GameplayTagsEditor (210)
[2018.06.25-21.49.50:613][ 90]LogModuleManager: Shutting down and abandoning module FacialAnimation (208)
[2018.06.25-21.49.50:613][ 90]LogModuleManager: Shutting down and abandoning module DataValidation (206)
[2018.06.25-21.49.50:613][ 90]LogModuleManager: Shutting down and abandoning module AssetManagerEditor (204)
[2018.06.25-21.49.50:613][ 90]LogModuleManager: Shutting down and abandoning module TreeMap (203)
[2018.06.25-21.49.50:613][ 90]LogModuleManager: Shutting down and abandoning module LightPropagationVolumeRuntime (200)
[2018.06.25-21.49.50:613][ 90]LogModuleManager: Shutting down and abandoning module LiveLink (198)
[2018.06.25-21.49.50:950][ 90]LogModuleManager: Shutting down and abandoning module Paper2D (196)
[2018.06.25-21.49.50:950][ 90]LogModuleManager: Shutting down and abandoning module PIEPreviewDeviceProfileSelector (194)
[2018.06.25-21.49.50:950][ 90]LogModuleManager: Shutting down and abandoning module WindowsMoviePlayer (192)
[2018.06.25-21.49.50:950][ 90]LogModuleManager: Shutting down and abandoning module WmfMedia (190)
[2018.06.25-21.49.50:951][ 90]LogModuleManager: Shutting down and abandoning module Media (189)
[2018.06.25-21.49.50:956][ 90]LogModuleManager: Shutting down and abandoning module PacketHandler (186)
[2018.06.25-21.49.50:956][ 90]LogModuleManager: Shutting down and abandoning module ClothingSystemEditor (184)
[2018.06.25-21.49.50:956][ 90]LogModuleManager: Shutting down and abandoning module ClothingSystemRuntime (182)
[2018.06.25-21.49.50:956][ 90]LogModuleManager: Shutting down and abandoning module MediaAssets (180)
[2018.06.25-21.49.50:956][ 90]LogModuleManager: Shutting down and abandoning module Overlay (178)
[2018.06.25-21.49.50:956][ 90]LogModuleManager: Shutting down and abandoning module OverlayEditor (177)
[2018.06.25-21.49.50:956][ 90]LogModuleManager: Shutting down and abandoning module VREditor (174)
[2018.06.25-21.49.50:956][ 90]LogModuleManager: Shutting down and abandoning module StringTableEditor (172)
[2018.06.25-21.49.50:956][ 90]LogModuleManager: Shutting down and abandoning module GameplayTasksEditor (170)
[2018.06.25-21.49.50:956][ 90]LogModuleManager: Shutting down and abandoning module BehaviorTreeEditor (168)
[2018.06.25-21.49.50:957][ 90]LogModuleManager: Shutting down and abandoning module FunctionalTesting (166)
[2018.06.25-21.49.50:957][ 90]LogModuleManager: Shutting down and abandoning module CollisionAnalyzer (164)
[2018.06.25-21.49.50:957][ 90]LogModuleManager: Shutting down and abandoning module WorkspaceMenuStructure (163)
[2018.06.25-21.49.50:957][ 90]LogModuleManager: Shutting down and abandoning module UMG (160)
[2018.06.25-21.49.50:957][ 90]LogModuleManager: Shutting down and abandoning module UMGEditor (159)
[2018.06.25-21.49.50:957][ 90]LogModuleManager: Shutting down and abandoning module Sequencer (158)
[2018.06.25-21.49.50:957][ 90]LogModuleManager: Shutting down and abandoning module MessageLog (155)
[2018.06.25-21.49.50:957][ 90]LogModuleManager: Shutting down and abandoning module SlateReflector (150)
[2018.06.25-21.49.50:957][ 90]LogModuleManager: Shutting down and abandoning module Slate (148)
[2018.06.25-21.49.50:957][ 90]LogModuleManager: Shutting down and abandoning module EditorStyle (146)
[2018.06.25-21.49.50:960][ 90]LogModuleManager: Shutting down and abandoning module MRMesh (144)
[2018.06.25-21.49.50:960][ 90]LogModuleManager: Shutting down and abandoning module Messaging (142)
[2018.06.25-21.49.50:960][ 90]LogModuleManager: Shutting down and abandoning module SourceCodeAccess (140)
[2018.06.25-21.49.50:960][ 90]LogModuleManager: Shutting down and abandoning module HeadMountedDisplay (138)
[2018.06.25-21.49.50:960][ 90]LogModuleManager: Shutting down and abandoning module XAudio2 (136)
[2018.06.25-21.49.50:960][ 90]LogModuleManager: Shutting down and abandoning module Networking (134)
[2018.06.25-21.49.50:960][ 90]LogModuleManager: Shutting down and abandoning module Core (132)
[2018.06.25-21.49.50:960][ 90]LogModuleManager: Shutting down and abandoning module LevelSequence (130)
[2018.06.25-21.49.50:960][ 90]LogModuleManager: Shutting down and abandoning module KismetCompiler (128)
[2018.06.25-21.49.50:960][ 90]LogModuleManager: Shutting down and abandoning module MeshUtilities (126)
[2018.06.25-21.49.50:960][ 90]LogModuleManager: Shutting down and abandoning module MeshMergeUtilities (125)
[2018.06.25-21.49.50:960][ 90]LogModuleManager: Shutting down and abandoning module MeshReductionInterface (124)
[2018.06.25-21.49.50:960][ 90]LogModuleManager: Shutting down and abandoning module SimplygonSwarm (123)
[2018.06.25-21.49.50:960][ 90]LogModuleManager: Shutting down and abandoning module SimplygonMeshReduction (121)
[2018.06.25-21.49.50:960][ 90]LogModuleManager: Shutting down and abandoning module QuadricMeshReduction (119)
[2018.06.25-21.49.50:961][ 90]LogModuleManager: Shutting down and abandoning module MaterialBaking (115)
[2018.06.25-21.49.50:961][ 90]LogModuleManager: Shutting down and abandoning module DerivedDataCache (110)
[2018.06.25-21.49.50:998][ 90]LogDerivedDataCache: Shutdown
[2018.06.25-21.49.50:998][ 90]LogModuleManager: Shutting down and abandoning module XGEController (108)
[2018.06.25-21.49.50:998][ 90]LogXGEController: Cleaning working directory: C:/Users/DasSKander/AppData/Local/Temp/UnrealXGEWorkingDir/
[2018.06.25-21.49.50:998][ 90]LogModuleManager: Shutting down and abandoning module TargetPlatform (106)
[2018.06.25-21.49.50:998][ 90]LogModuleManager: Shutting down and abandoning module VulkanShaderFormat (105)
[2018.06.25-21.49.50:998][ 90]LogModuleManager: Shutting down and abandoning module ShaderFormatVectorVM (103)
[2018.06.25-21.49.50:998][ 90]LogModuleManager: Shutting down and abandoning module ShaderFormatOpenGL (101)
[2018.06.25-21.49.50:998][ 90]LogModuleManager: Shutting down and abandoning module ShaderFormatD3D (99)
[2018.06.25-21.49.50:998][ 90]LogModuleManager: Shutting down and abandoning module MetalShaderFormat (97)
[2018.06.25-21.49.50:998][ 90]LogModuleManager: Shutting down and abandoning module TextureFormatUncompressed (95)
[2018.06.25-21.49.50:998][ 90]LogModuleManager: Shutting down and abandoning module TextureFormatPVR (93)
[2018.06.25-21.49.50:998][ 90]LogModuleManager: Shutting down and abandoning module TextureFormatDXT (91)
[2018.06.25-21.49.50:998][ 90]LogModuleManager: Shutting down and abandoning module TextureFormatIntelISPCTexComp (89)
[2018.06.25-21.49.50:998][ 90]LogModuleManager: Shutting down and abandoning module TextureFormatASTC (87)
[2018.06.25-21.49.50:998][ 90]LogModuleManager: Shutting down and abandoning module ImageWrapper (86)
[2018.06.25-21.49.50:998][ 90]LogModuleManager: Shutting down and abandoning module TextureFormatAndroid (83)
[2018.06.25-21.49.50:998][ 90]LogModuleManager: Shutting down and abandoning module AudioFormatOpus (81)
[2018.06.25-21.49.50:998][ 90]LogModuleManager: Shutting down and abandoning module AudioFormatOgg (79)
[2018.06.25-21.49.50:998][ 90]LogModuleManager: Shutting down and abandoning module AudioFormatADPCM (77)
[2018.06.25-21.49.50:998][ 90]LogModuleManager: Shutting down and abandoning module WindowsTargetPlatform (75)
[2018.06.25-21.49.50:998][ 90]LogModuleManager: Shutting down and abandoning module WindowsServerTargetPlatform (73)
[2018.06.25-21.49.50:998][ 90]LogModuleManager: Shutting down and abandoning module WindowsNoEditorTargetPlatform (71)
[2018.06.25-21.49.50:998][ 90]LogModuleManager: Shutting down and abandoning module WindowsClientTargetPlatform (69)
[2018.06.25-21.49.50:998][ 90]LogModuleManager: Shutting down and abandoning module InputCore (66)
[2018.06.25-21.49.50:999][ 90]LogModuleManager: Shutting down and abandoning module Settings (64)
[2018.06.25-21.49.50:999][ 90]LogModuleManager: Shutting down and abandoning module PhysXCooking (62)
[2018.06.25-21.49.50:999][ 90]LogModuleManager: Shutting down and abandoning module SteamVR (60)
[2018.06.25-21.49.50:999][ 90]LogModuleManager: Shutting down and abandoning module OculusHMD (58)
[2018.06.25-21.49.50:999][ 90]LogModuleManager: Shutting down and abandoning module ExampleDeviceProfileSelector (56)
[2018.06.25-21.49.50:999][ 90]LogModuleManager: Shutting down and abandoning module AppleARKit (54)
[2018.06.25-21.49.50:999][ 90]LogModuleManager: Shutting down and abandoning module AugmentedReality (51)
[2018.06.25-21.49.50:999][ 90]LogModuleManager: Shutting down and abandoning module OnlineBlueprintSupport (48)
[2018.06.25-21.49.50:999][ 90]LogModuleManager: Shutting down and abandoning module OnlineSubsystem (44)
[2018.06.25-21.49.50:999][ 90]LogModuleManager: Shutting down and abandoning module XMPP (43)
[2018.06.25-21.49.50:999][ 90]LogModuleManager: Shutting down and abandoning module HTTP (41)
[2018.06.25-21.49.51:008][ 90]LogModuleManager: Shutting down and abandoning module SSL (40)
[2018.06.25-21.49.51:010][ 90]LogModuleManager: Shutting down and abandoning module AnimationModifiers (36)
[2018.06.25-21.49.51:010][ 90]LogModuleManager: Shutting down and abandoning module PropertyEditor (35)
[2018.06.25-21.49.51:010][ 90]LogModuleManager: Shutting down and abandoning module AudioEditor (32)
[2018.06.25-21.49.51:010][ 90]LogModuleManager: Shutting down and abandoning module TextureCompressor (30)
[2018.06.25-21.49.51:010][ 90]LogModuleManager: Shutting down and abandoning module ShaderCore (28)
[2018.06.25-21.49.51:010][ 90]LogModuleManager: Shutting down and abandoning module Landscape (26)
[2018.06.25-21.49.51:010][ 90]LogModuleManager: Shutting down and abandoning module SlateRHIRenderer (24)
[2018.06.25-21.49.51:010][ 90]LogModuleManager: Shutting down and abandoning module OpenGLDrv (22)
[2018.06.25-21.49.51:011][ 90]LogModuleManager: Shutting down and abandoning module D3D11RHI (20)
[2018.06.25-21.49.51:011][ 90]LogModuleManager: Shutting down and abandoning module AnimGraphRuntime (18)
[2018.06.25-21.49.51:011][ 90]LogModuleManager: Shutting down and abandoning module Renderer (16)
[2018.06.25-21.49.51:011][ 90]LogModuleManager: Shutting down and abandoning module Engine (14)
[2018.06.25-21.49.51:011][ 90]LogModuleManager: Shutting down and abandoning module CoreUObject (12)
[2018.06.25-21.49.51:011][ 90]LogModuleManager: Shutting down and abandoning module NetworkFile (10)
[2018.06.25-21.49.51:011][ 90]LogModuleManager: Shutting down and abandoning module CookedIterativeFile (8)
[2018.06.25-21.49.51:011][ 90]LogModuleManager: Shutting down and abandoning module StreamingFile (6)
[2018.06.25-21.49.51:011][ 90]LogModuleManager: Shutting down and abandoning module SandboxFile (4)
[2018.06.25-21.49.51:011][ 90]LogModuleManager: Shutting down and abandoning module PakFile (2)
[2018.06.25-21.49.51:014][ 90]LogExit: Exiting.
[2018.06.25-21.49.51:017][ 90]Log file closed, 06/25/18 17:49:51
